[0.032s] Invoking command in '/home/yhcvy/learn/ros2_ws/build/arm_controller': CMAKE_PREFIX_PATH=${CMAKE_PREFIX_PATH}:/opt/ros/jazzy DEBUGINFOD_URLS=https://debuginfod.ubuntu.com /usr/bin/cmake --build /home/yhcvy/learn/ros2_ws/build/arm_controller -- -j12 -l12
[0.154s] [100%] Built target joy_moveit_teleop
[0.174s] Invoked command in '/home/yhcvy/learn/ros2_ws/build/arm_controller' returned '0': CMAKE_PREFIX_PATH=${CMAKE_PREFIX_PATH}:/opt/ros/jazzy DEBUGINFOD_URLS=https://debuginfod.ubuntu.com /usr/bin/cmake --build /home/yhcvy/learn/ros2_ws/build/arm_controller -- -j12 -l12
[0.177s] Invoking command in '/home/yhcvy/learn/ros2_ws/build/arm_controller': CMAKE_PREFIX_PATH=${CMAKE_PREFIX_PATH}:/opt/ros/jazzy DEBUGINFOD_URLS=https://debuginfod.ubuntu.com /usr/bin/cmake --install /home/yhcvy/learn/ros2_ws/build/arm_controller
[0.187s] -- Install configuration: ""
[0.187s] -- Up-to-date: /home/yhcvy/learn/ros2_ws/install/arm_controller/lib/arm_controller/joy_moveit_teleop
[0.188s] -- Up-to-date: /home/yhcvy/learn/ros2_ws/install/arm_controller/share/arm_controller/launch
[0.188s] -- Installing: /home/yhcvy/learn/ros2_ws/install/arm_controller/share/arm_controller/launch/demo.launch.py
[0.189s] -- Up-to-date: /home/yhcvy/learn/ros2_ws/install/arm_controller/share/arm_controller/launch/demo.launch.py:Zone.Identifier
[0.189s] -- Up-to-date: /home/yhcvy/learn/ros2_ws/install/arm_controller/share/arm_controller/launch/joy_moveit_teleop.launch.py
[0.190s] -- Up-to-date: /home/yhcvy/learn/ros2_ws/install/arm_controller/share/arm_controller/config
[0.190s] -- Up-to-date: /home/yhcvy/learn/ros2_ws/install/arm_controller/share/arm_controller/config/ompl_planning_simple.yaml:Zone.Identifier
[0.190s] -- Up-to-date: /home/yhcvy/learn/ros2_ws/install/arm_controller/share/arm_controller/config/moveit.rviz:Zone.Identifier
[0.190s] -- Up-to-date: /home/yhcvy/learn/ros2_ws/install/arm_controller/share/arm_controller/config/ompl_planning.yaml
[0.190s] -- Up-to-date: /home/yhcvy/learn/ros2_ws/install/arm_controller/share/arm_controller/config/moveit_servo.yaml:Zone.Identifier
[0.190s] -- Up-to-date: /home/yhcvy/learn/ros2_ws/install/arm_controller/share/arm_controller/config/ompl_planning_simple.yaml
[0.190s] -- Up-to-date: /home/yhcvy/learn/ros2_ws/install/arm_controller/share/arm_controller/config/moveit_cpp.yaml
[0.190s] -- Up-to-date: /home/yhcvy/learn/ros2_ws/install/arm_controller/share/arm_controller/config/ros2_controllers.yaml
[0.190s] -- Up-to-date: /home/yhcvy/learn/ros2_ws/install/arm_controller/share/arm_controller/config/ompl_planning.yaml:Zone.Identifier
[0.190s] -- Up-to-date: /home/yhcvy/learn/ros2_ws/install/arm_controller/share/arm_controller/config/kinematics.yaml:Zone.Identifier
[0.190s] -- Up-to-date: /home/yhcvy/learn/ros2_ws/install/arm_controller/share/arm_controller/config/sekirei.srdf
[0.191s] -- Up-to-date: /home/yhcvy/learn/ros2_ws/install/arm_controller/share/arm_controller/config/moveit_controllers.yaml:Zone.Identifier
[0.191s] -- Up-to-date: /home/yhcvy/learn/ros2_ws/install/arm_controller/share/arm_controller/config/moveit_servo.yaml
[0.191s] -- Up-to-date: /home/yhcvy/learn/ros2_ws/install/arm_controller/share/arm_controller/config/moveit_controllers.yaml
[0.191s] -- Up-to-date: /home/yhcvy/learn/ros2_ws/install/arm_controller/share/arm_controller/config/sekirei.srdf:Zone.Identifier
[0.191s] -- Up-to-date: /home/yhcvy/learn/ros2_ws/install/arm_controller/share/arm_controller/config/moveit.rviz
[0.191s] -- Up-to-date: /home/yhcvy/learn/ros2_ws/install/arm_controller/share/arm_controller/config/moveit_cpp.yaml:Zone.Identifier
[0.191s] -- Up-to-date: /home/yhcvy/learn/ros2_ws/install/arm_controller/share/arm_controller/config/sekirei_arm.srdf:Zone.Identifier
[0.191s] -- Up-to-date: /home/yhcvy/learn/ros2_ws/install/arm_controller/share/arm_controller/config/sekirei_arm.srdf
[0.191s] -- Up-to-date: /home/yhcvy/learn/ros2_ws/install/arm_controller/share/arm_controller/config/kinematics.yaml
[0.192s] -- Up-to-date: /home/yhcvy/learn/ros2_ws/install/arm_controller/share/arm_controller/config/ros2_controllers.yaml:Zone.Identifier
[0.192s] -- Up-to-date: /home/yhcvy/learn/ros2_ws/install/arm_controller/lib/arm_controller/fake_controller.py
[0.192s] -- Up-to-date: /home/yhcvy/learn/ros2_ws/install/arm_controller/share/ament_index/resource_index/package_run_dependencies/arm_controller
[0.192s] -- Up-to-date: /home/yhcvy/learn/ros2_ws/install/arm_controller/share/ament_index/resource_index/parent_prefix_path/arm_controller
[0.192s] -- Up-to-date: /home/yhcvy/learn/ros2_ws/install/arm_controller/share/arm_controller/environment/ament_prefix_path.sh
[0.192s] -- Up-to-date: /home/yhcvy/learn/ros2_ws/install/arm_controller/share/arm_controller/environment/ament_prefix_path.dsv
[0.192s] -- Up-to-date: /home/yhcvy/learn/ros2_ws/install/arm_controller/share/arm_controller/environment/path.sh
[0.192s] -- Up-to-date: /home/yhcvy/learn/ros2_ws/install/arm_controller/share/arm_controller/environment/path.dsv
[0.192s] -- Up-to-date: /home/yhcvy/learn/ros2_ws/install/arm_controller/share/arm_controller/local_setup.bash
[0.192s] -- Up-to-date: /home/yhcvy/learn/ros2_ws/install/arm_controller/share/arm_controller/local_setup.sh
[0.193s] -- Up-to-date: /home/yhcvy/learn/ros2_ws/install/arm_controller/share/arm_controller/local_setup.zsh
[0.193s] -- Up-to-date: /home/yhcvy/learn/ros2_ws/install/arm_controller/share/arm_controller/local_setup.dsv
[0.193s] -- Installing: /home/yhcvy/learn/ros2_ws/install/arm_controller/share/arm_controller/package.dsv
[0.193s] -- Up-to-date: /home/yhcvy/learn/ros2_ws/install/arm_controller/share/ament_index/resource_index/packages/arm_controller
[0.194s] -- Up-to-date: /home/yhcvy/learn/ros2_ws/install/arm_controller/share/arm_controller/cmake/arm_controllerConfig.cmake
[0.194s] -- Up-to-date: /home/yhcvy/learn/ros2_ws/install/arm_controller/share/arm_controller/cmake/arm_controllerConfig-version.cmake
[0.194s] -- Up-to-date: /home/yhcvy/learn/ros2_ws/install/arm_controller/share/arm_controller/package.xml
[0.195s] Invoked command in '/home/yhcvy/learn/ros2_ws/build/arm_controller' returned '0': CMAKE_PREFIX_PATH=${CMAKE_PREFIX_PATH}:/opt/ros/jazzy DEBUGINFOD_URLS=https://debuginfod.ubuntu.com /usr/bin/cmake --install /home/yhcvy/learn/ros2_ws/build/arm_controller
