[2.026s] DEBUG:colcon:Command line arguments: ['/usr/bin/colcon', 'build', '--packages-select', 'arm_controller', 'sekirei_urdf']
[2.027s] DEBUG:colcon:Parsed command line arguments: Namespace(log_base=None, log_level=None, verb_name='build', build_base='build', install_base='install', merge_install=False, symlink_install=False, test_result_base=None, continue_on_error=False, executor='parallel', parallel_workers=12, event_handlers=None, ignore_user_meta=False, metas=['./colcon.meta'], base_paths=['.'], packages_ignore=None, packages_ignore_regex=None, paths=None, packages_up_to=None, packages_up_to_regex=None, packages_above=None, packages_above_and_dependencies=None, packages_above_depth=None, packages_select_by_dep=None, packages_skip_by_dep=None, packages_skip_up_to=None, packages_select_build_failed=False, packages_skip_build_finished=False, packages_select_test_failures=False, packages_skip_test_passed=False, packages_select=['arm_controller', 'sekirei_urdf'], packages_skip=None, packages_select_regex=None, packages_skip_regex=None, packages_start=None, packages_end=None, allow_overriding=[], cmake_args=None, cmake_target=None, cmake_target_skip_unavailable=False, cmake_clean_cache=False, cmake_clean_first=False, cmake_force_configure=False, ament_cmake_args=None, catkin_cmake_args=None, catkin_skip_building_tests=False, mixin_files=None, mixin=None, verb_parser=<colcon_mixin.mixin.mixin_argument.MixinArgumentDecorator object at 0x7f22964a2ff0>, verb_extension=<colcon_core.verb.build.BuildVerb object at 0x7f22964a2c90>, main=<bound method BuildVerb.main of <colcon_core.verb.build.BuildVerb object at 0x7f22964a2c90>>, mixin_verb=('build',))
[2.232s] Level 1:colcon.colcon_core.package_discovery:discover_packages(colcon_meta) check parameters
[2.233s] Level 1:colcon.colcon_core.package_discovery:discover_packages(recursive) check parameters
[2.233s] Level 1:colcon.colcon_core.package_discovery:discover_packages(ignore) check parameters
[2.233s] Level 1:colcon.colcon_core.package_discovery:discover_packages(path) check parameters
[2.233s] Level 1:colcon.colcon_core.package_discovery:discover_packages(colcon_meta) discover
[2.233s] Level 1:colcon.colcon_core.package_discovery:discover_packages(recursive) discover
[2.233s] INFO:colcon.colcon_core.package_discovery:Crawling recursively for packages in '/home/yhcvy/learn/ros2_ws'
[2.234s] Level 1:colcon.colcon_core.package_identification:_identify(.) by extensions ['ignore', 'ignore_ament_install']
[2.234s] Level 1:colcon.colcon_core.package_identification:_identify(.) by extension 'ignore'
[2.234s] Level 1:colcon.colcon_core.package_identification:_identify(.) by extension 'ignore_ament_install'
[2.234s] Level 1:colcon.colcon_core.package_identification:_identify(.) by extensions ['colcon_pkg']
[2.234s] Level 1:colcon.colcon_core.package_identification:_identify(.) by extension 'colcon_pkg'
[2.234s] Level 1:colcon.colcon_core.package_identification:_identify(.) by extensions ['colcon_meta']
[2.234s] Level 1:colcon.colcon_core.package_identification:_identify(.) by extension 'colcon_meta'
[2.234s] Level 1:colcon.colcon_core.package_identification:_identify(.) by extensions ['ros']
[2.234s] Level 1:colcon.colcon_core.package_identification:_identify(.) by extension 'ros'
[2.328s] Level 1:colcon.colcon_core.package_identification:_identify(.) by extensions ['cmake', 'python']
[2.328s] Level 1:colcon.colcon_core.package_identification:_identify(.) by extension 'cmake'
[2.328s] Level 1:colcon.colcon_core.package_identification:_identify(.) by extension 'python'
[2.328s] Level 1:colcon.colcon_core.package_identification:_identify(.) by extensions ['python_setup_py']
[2.328s] Level 1:colcon.colcon_core.package_identification:_identify(.) by extension 'python_setup_py'
[2.329s] Level 1:colcon.colcon_core.package_identification:_identify(build) by extensions ['ignore', 'ignore_ament_install']
[2.329s] Level 1:colcon.colcon_core.package_identification:_identify(build) by extension 'ignore'
[2.329s] Level 1:colcon.colcon_core.package_identification:_identify(build) ignored
[2.329s] Level 1:colcon.colcon_core.package_identification:_identify(install) by extensions ['ignore', 'ignore_ament_install']
[2.330s] Level 1:colcon.colcon_core.package_identification:_identify(install) by extension 'ignore'
[2.330s] Level 1:colcon.colcon_core.package_identification:_identify(install) ignored
[2.330s] Level 1:colcon.colcon_core.package_identification:_identify(log) by extensions ['ignore', 'ignore_ament_install']
[2.330s] Level 1:colcon.colcon_core.package_identification:_identify(log) by extension 'ignore'
[2.330s] Level 1:colcon.colcon_core.package_identification:_identify(log) ignored
[2.330s] Level 1:colcon.colcon_core.package_identification:_identify(rviz) by extensions ['ignore', 'ignore_ament_install']
[2.330s] Level 1:colcon.colcon_core.package_identification:_identify(rviz) by extension 'ignore'
[2.330s] Level 1:colcon.colcon_core.package_identification:_identify(rviz) by extension 'ignore_ament_install'
[2.331s] Level 1:colcon.colcon_core.package_identification:_identify(rviz) by extensions ['colcon_pkg']
[2.331s] Level 1:colcon.colcon_core.package_identification:_identify(rviz) by extension 'colcon_pkg'
[2.331s] Level 1:colcon.colcon_core.package_identification:_identify(rviz) by extensions ['colcon_meta']
[2.331s] Level 1:colcon.colcon_core.package_identification:_identify(rviz) by extension 'colcon_meta'
[2.331s] Level 1:colcon.colcon_core.package_identification:_identify(rviz) by extensions ['ros']
[2.331s] Level 1:colcon.colcon_core.package_identification:_identify(rviz) by extension 'ros'
[2.331s] Level 1:colcon.colcon_core.package_identification:_identify(rviz) by extensions ['cmake', 'python']
[2.331s] Level 1:colcon.colcon_core.package_identification:_identify(rviz) by extension 'cmake'
[2.331s] Level 1:colcon.colcon_core.package_identification:_identify(rviz) by extension 'python'
[2.331s] Level 1:colcon.colcon_core.package_identification:_identify(rviz) by extensions ['python_setup_py']
[2.331s] Level 1:colcon.colcon_core.package_identification:_identify(rviz) by extension 'python_setup_py'
[2.331s] Level 1:colcon.colcon_core.package_identification:_identify(src) by extensions ['ignore', 'ignore_ament_install']
[2.331s] Level 1:colcon.colcon_core.package_identification:_identify(src) by extension 'ignore'
[2.332s] Level 1:colcon.colcon_core.package_identification:_identify(src) by extension 'ignore_ament_install'
[2.332s] Level 1:colcon.colcon_core.package_identification:_identify(src) by extensions ['colcon_pkg']
[2.332s] Level 1:colcon.colcon_core.package_identification:_identify(src) by extension 'colcon_pkg'
[2.332s] Level 1:colcon.colcon_core.package_identification:_identify(src) by extensions ['colcon_meta']
[2.332s] Level 1:colcon.colcon_core.package_identification:_identify(src) by extension 'colcon_meta'
[2.332s] Level 1:colcon.colcon_core.package_identification:_identify(src) by extensions ['ros']
[2.332s] Level 1:colcon.colcon_core.package_identification:_identify(src) by extension 'ros'
[2.332s] Level 1:colcon.colcon_core.package_identification:_identify(src) by extensions ['cmake', 'python']
[2.332s] Level 1:colcon.colcon_core.package_identification:_identify(src) by extension 'cmake'
[2.332s] Level 1:colcon.colcon_core.package_identification:_identify(src) by extension 'python'
[2.332s] Level 1:colcon.colcon_core.package_identification:_identify(src) by extensions ['python_setup_py']
[2.332s] Level 1:colcon.colcon_core.package_identification:_identify(src) by extension 'python_setup_py'
[2.333s] Level 1:colcon.colcon_core.package_identification:_identify(src/arm_controller) by extensions ['ignore', 'ignore_ament_install']
[2.333s] Level 1:colcon.colcon_core.package_identification:_identify(src/arm_controller) by extension 'ignore'
[2.333s] Level 1:colcon.colcon_core.package_identification:_identify(src/arm_controller) by extension 'ignore_ament_install'
[2.333s] Level 1:colcon.colcon_core.package_identification:_identify(src/arm_controller) by extensions ['colcon_pkg']
[2.333s] Level 1:colcon.colcon_core.package_identification:_identify(src/arm_controller) by extension 'colcon_pkg'
[2.333s] Level 1:colcon.colcon_core.package_identification:_identify(src/arm_controller) by extensions ['colcon_meta']
[2.333s] Level 1:colcon.colcon_core.package_identification:_identify(src/arm_controller) by extension 'colcon_meta'
[2.333s] Level 1:colcon.colcon_core.package_identification:_identify(src/arm_controller) by extensions ['ros']
[2.333s] Level 1:colcon.colcon_core.package_identification:_identify(src/arm_controller) by extension 'ros'
[2.342s] DEBUG:colcon.colcon_core.package_identification:Package 'src/arm_controller' with type 'ros.ament_cmake' and name 'arm_controller'
[2.343s] Level 1:colcon.colcon_core.package_identification:_identify(src/cpp_srvcli) by extensions ['ignore', 'ignore_ament_install']
[2.343s] Level 1:colcon.colcon_core.package_identification:_identify(src/cpp_srvcli) by extension 'ignore'
[2.343s] Level 1:colcon.colcon_core.package_identification:_identify(src/cpp_srvcli) by extension 'ignore_ament_install'
[2.343s] Level 1:colcon.colcon_core.package_identification:_identify(src/cpp_srvcli) by extensions ['colcon_pkg']
[2.343s] Level 1:colcon.colcon_core.package_identification:_identify(src/cpp_srvcli) by extension 'colcon_pkg'
[2.343s] Level 1:colcon.colcon_core.package_identification:_identify(src/cpp_srvcli) by extensions ['colcon_meta']
[2.344s] Level 1:colcon.colcon_core.package_identification:_identify(src/cpp_srvcli) by extension 'colcon_meta'
[2.344s] Level 1:colcon.colcon_core.package_identification:_identify(src/cpp_srvcli) by extensions ['ros']
[2.344s] Level 1:colcon.colcon_core.package_identification:_identify(src/cpp_srvcli) by extension 'ros'
[2.345s] DEBUG:colcon.colcon_core.package_identification:Package 'src/cpp_srvcli' with type 'ros.ament_cmake' and name 'cpp_srvcli'
[2.345s] Level 1:colcon.colcon_core.package_identification:_identify(src/custom_action_cpp) by extensions ['ignore', 'ignore_ament_install']
[2.345s] Level 1:colcon.colcon_core.package_identification:_identify(src/custom_action_cpp) by extension 'ignore'
[2.345s] Level 1:colcon.colcon_core.package_identification:_identify(src/custom_action_cpp) by extension 'ignore_ament_install'
[2.345s] Level 1:colcon.colcon_core.package_identification:_identify(src/custom_action_cpp) by extensions ['colcon_pkg']
[2.346s] Level 1:colcon.colcon_core.package_identification:_identify(src/custom_action_cpp) by extension 'colcon_pkg'
[2.346s] Level 1:colcon.colcon_core.package_identification:_identify(src/custom_action_cpp) by extensions ['colcon_meta']
[2.346s] Level 1:colcon.colcon_core.package_identification:_identify(src/custom_action_cpp) by extension 'colcon_meta'
[2.346s] Level 1:colcon.colcon_core.package_identification:_identify(src/custom_action_cpp) by extensions ['ros']
[2.346s] Level 1:colcon.colcon_core.package_identification:_identify(src/custom_action_cpp) by extension 'ros'
[2.346s] DEBUG:colcon.colcon_core.package_identification:Package 'src/custom_action_cpp' with type 'ros.ament_cmake' and name 'custom_action_cpp'
[2.347s] Level 1:colcon.colcon_core.package_identification:_identify(src/custom_action_interfaces) by extensions ['ignore', 'ignore_ament_install']
[2.347s] Level 1:colcon.colcon_core.package_identification:_identify(src/custom_action_interfaces) by extension 'ignore'
[2.347s] Level 1:colcon.colcon_core.package_identification:_identify(src/custom_action_interfaces) by extension 'ignore_ament_install'
[2.347s] Level 1:colcon.colcon_core.package_identification:_identify(src/custom_action_interfaces) by extensions ['colcon_pkg']
[2.347s] Level 1:colcon.colcon_core.package_identification:_identify(src/custom_action_interfaces) by extension 'colcon_pkg'
[2.347s] Level 1:colcon.colcon_core.package_identification:_identify(src/custom_action_interfaces) by extensions ['colcon_meta']
[2.347s] Level 1:colcon.colcon_core.package_identification:_identify(src/custom_action_interfaces) by extension 'colcon_meta'
[2.347s] Level 1:colcon.colcon_core.package_identification:_identify(src/custom_action_interfaces) by extensions ['ros']
[2.347s] Level 1:colcon.colcon_core.package_identification:_identify(src/custom_action_interfaces) by extension 'ros'
[2.348s] DEBUG:colcon.colcon_core.package_identification:Package 'src/custom_action_interfaces' with type 'ros.ament_cmake' and name 'custom_action_interfaces'
[2.348s] Level 1:colcon.colcon_core.package_identification:_identify(src/joystick_test_pkg) by extensions ['ignore', 'ignore_ament_install']
[2.348s] Level 1:colcon.colcon_core.package_identification:_identify(src/joystick_test_pkg) by extension 'ignore'
[2.348s] Level 1:colcon.colcon_core.package_identification:_identify(src/joystick_test_pkg) by extension 'ignore_ament_install'
[2.348s] Level 1:colcon.colcon_core.package_identification:_identify(src/joystick_test_pkg) by extensions ['colcon_pkg']
[2.348s] Level 1:colcon.colcon_core.package_identification:_identify(src/joystick_test_pkg) by extension 'colcon_pkg'
[2.348s] Level 1:colcon.colcon_core.package_identification:_identify(src/joystick_test_pkg) by extensions ['colcon_meta']
[2.348s] Level 1:colcon.colcon_core.package_identification:_identify(src/joystick_test_pkg) by extension 'colcon_meta'
[2.348s] Level 1:colcon.colcon_core.package_identification:_identify(src/joystick_test_pkg) by extensions ['ros']
[2.348s] Level 1:colcon.colcon_core.package_identification:_identify(src/joystick_test_pkg) by extension 'ros'
[2.349s] DEBUG:colcon.colcon_core.package_identification:Package 'src/joystick_test_pkg' with type 'ros.ament_cmake' and name 'joystick_test_pkg'
[2.349s] Level 1:colcon.colcon_core.package_identification:_identify(src/launch_tutorial) by extensions ['ignore', 'ignore_ament_install']
[2.349s] Level 1:colcon.colcon_core.package_identification:_identify(src/launch_tutorial) by extension 'ignore'
[2.349s] Level 1:colcon.colcon_core.package_identification:_identify(src/launch_tutorial) by extension 'ignore_ament_install'
[2.349s] Level 1:colcon.colcon_core.package_identification:_identify(src/launch_tutorial) by extensions ['colcon_pkg']
[2.349s] Level 1:colcon.colcon_core.package_identification:_identify(src/launch_tutorial) by extension 'colcon_pkg'
[2.349s] Level 1:colcon.colcon_core.package_identification:_identify(src/launch_tutorial) by extensions ['colcon_meta']
[2.349s] Level 1:colcon.colcon_core.package_identification:_identify(src/launch_tutorial) by extension 'colcon_meta'
[2.349s] Level 1:colcon.colcon_core.package_identification:_identify(src/launch_tutorial) by extensions ['ros']
[2.349s] Level 1:colcon.colcon_core.package_identification:_identify(src/launch_tutorial) by extension 'ros'
[2.350s] DEBUG:colcon.colcon_core.package_identification:Package 'src/launch_tutorial' with type 'ros.ament_cmake' and name 'launch_tutorial'
[2.350s] Level 1:colcon.colcon_core.package_identification:_identify(src/sekirei_urdf) by extensions ['ignore', 'ignore_ament_install']
[2.350s] Level 1:colcon.colcon_core.package_identification:_identify(src/sekirei_urdf) by extension 'ignore'
[2.350s] Level 1:colcon.colcon_core.package_identification:_identify(src/sekirei_urdf) by extension 'ignore_ament_install'
[2.350s] Level 1:colcon.colcon_core.package_identification:_identify(src/sekirei_urdf) by extensions ['colcon_pkg']
[2.350s] Level 1:colcon.colcon_core.package_identification:_identify(src/sekirei_urdf) by extension 'colcon_pkg'
[2.350s] Level 1:colcon.colcon_core.package_identification:_identify(src/sekirei_urdf) by extensions ['colcon_meta']
[2.350s] Level 1:colcon.colcon_core.package_identification:_identify(src/sekirei_urdf) by extension 'colcon_meta'
[2.350s] Level 1:colcon.colcon_core.package_identification:_identify(src/sekirei_urdf) by extensions ['ros']
[2.350s] Level 1:colcon.colcon_core.package_identification:_identify(src/sekirei_urdf) by extension 'ros'
[2.351s] DEBUG:colcon.colcon_core.package_identification:Package 'src/sekirei_urdf' with type 'ros.ament_cmake' and name 'sekirei_urdf'
[2.352s] Level 1:colcon.colcon_core.package_identification:_identify(src/serial) by extensions ['ignore', 'ignore_ament_install']
[2.353s] Level 1:colcon.colcon_core.package_identification:_identify(src/serial) by extension 'ignore'
[2.353s] Level 1:colcon.colcon_core.package_identification:_identify(src/serial) by extension 'ignore_ament_install'
[2.353s] Level 1:colcon.colcon_core.package_identification:_identify(src/serial) by extensions ['colcon_pkg']
[2.353s] Level 1:colcon.colcon_core.package_identification:_identify(src/serial) by extension 'colcon_pkg'
[2.353s] Level 1:colcon.colcon_core.package_identification:_identify(src/serial) by extensions ['colcon_meta']
[2.353s] Level 1:colcon.colcon_core.package_identification:_identify(src/serial) by extension 'colcon_meta'
[2.353s] Level 1:colcon.colcon_core.package_identification:_identify(src/serial) by extensions ['ros']
[2.353s] Level 1:colcon.colcon_core.package_identification:_identify(src/serial) by extension 'ros'
[2.355s] DEBUG:colcon.colcon_core.package_identification:Package 'src/serial' with type 'ros.ament_cmake' and name 'serial'
[2.355s] Level 1:colcon.colcon_core.package_identification:_identify(urdf) by extensions ['ignore', 'ignore_ament_install']
[2.355s] Level 1:colcon.colcon_core.package_identification:_identify(urdf) by extension 'ignore'
[2.355s] Level 1:colcon.colcon_core.package_identification:_identify(urdf) by extension 'ignore_ament_install'
[2.355s] Level 1:colcon.colcon_core.package_identification:_identify(urdf) by extensions ['colcon_pkg']
[2.355s] Level 1:colcon.colcon_core.package_identification:_identify(urdf) by extension 'colcon_pkg'
[2.356s] Level 1:colcon.colcon_core.package_identification:_identify(urdf) by extensions ['colcon_meta']
[2.356s] Level 1:colcon.colcon_core.package_identification:_identify(urdf) by extension 'colcon_meta'
[2.356s] Level 1:colcon.colcon_core.package_identification:_identify(urdf) by extensions ['ros']
[2.356s] Level 1:colcon.colcon_core.package_identification:_identify(urdf) by extension 'ros'
[2.356s] Level 1:colcon.colcon_core.package_identification:_identify(urdf) by extensions ['cmake', 'python']
[2.356s] Level 1:colcon.colcon_core.package_identification:_identify(urdf) by extension 'cmake'
[2.356s] Level 1:colcon.colcon_core.package_identification:_identify(urdf) by extension 'python'
[2.356s] Level 1:colcon.colcon_core.package_identification:_identify(urdf) by extensions ['python_setup_py']
[2.356s] Level 1:colcon.colcon_core.package_identification:_identify(urdf) by extension 'python_setup_py'
[2.356s] Level 1:colcon.colcon_core.package_discovery:discover_packages(recursive) using defaults
[2.356s] Level 1:colcon.colcon_core.package_discovery:discover_packages(ignore) discover
[2.356s] Level 1:colcon.colcon_core.package_discovery:discover_packages(ignore) using defaults
[2.356s] Level 1:colcon.colcon_core.package_discovery:discover_packages(path) discover
[2.356s] Level 1:colcon.colcon_core.package_discovery:discover_packages(path) using defaults
[2.423s] INFO:colcon.colcon_core.package_selection:Skipping not selected package 'cpp_srvcli' in 'src/cpp_srvcli'
[2.423s] INFO:colcon.colcon_core.package_selection:Skipping not selected package 'custom_action_interfaces' in 'src/custom_action_interfaces'
[2.423s] INFO:colcon.colcon_core.package_selection:Skipping not selected package 'joystick_test_pkg' in 'src/joystick_test_pkg'
[2.423s] INFO:colcon.colcon_core.package_selection:Skipping not selected package 'launch_tutorial' in 'src/launch_tutorial'
[2.423s] INFO:colcon.colcon_core.package_selection:Skipping not selected package 'serial' in 'src/serial'
[2.424s] INFO:colcon.colcon_core.package_selection:Skipping not selected package 'custom_action_cpp' in 'src/custom_action_cpp'
[2.426s] Level 1:colcon.colcon_core.package_discovery:discover_packages(prefix_path) check parameters
[2.426s] Level 1:colcon.colcon_core.package_discovery:discover_packages(prefix_path) discover
[2.465s] DEBUG:colcon.colcon_installed_package_information.package_discovery:Found 364 installed packages in /opt/ros/jazzy
[2.468s] Level 1:colcon.colcon_core.package_discovery:discover_packages(prefix_path) using defaults
[2.848s] Level 5:colcon.colcon_core.verb:set package 'arm_controller' build argument 'cmake_args' from command line to 'None'
[2.848s] Level 5:colcon.colcon_core.verb:set package 'arm_controller' build argument 'cmake_target' from command line to 'None'
[2.848s] Level 5:colcon.colcon_core.verb:set package 'arm_controller' build argument 'cmake_target_skip_unavailable' from command line to 'False'
[2.848s] Level 5:colcon.colcon_core.verb:set package 'arm_controller' build argument 'cmake_clean_cache' from command line to 'False'
[2.848s] Level 5:colcon.colcon_core.verb:set package 'arm_controller' build argument 'cmake_clean_first' from command line to 'False'
[2.848s] Level 5:colcon.colcon_core.verb:set package 'arm_controller' build argument 'cmake_force_configure' from command line to 'False'
[2.848s] Level 5:colcon.colcon_core.verb:set package 'arm_controller' build argument 'ament_cmake_args' from command line to 'None'
[2.848s] Level 5:colcon.colcon_core.verb:set package 'arm_controller' build argument 'catkin_cmake_args' from command line to 'None'
[2.848s] Level 5:colcon.colcon_core.verb:set package 'arm_controller' build argument 'catkin_skip_building_tests' from command line to 'False'
[2.848s] DEBUG:colcon.colcon_core.verb:Building package 'arm_controller' with the following arguments: {'ament_cmake_args': None, 'build_base': '/home/yhcvy/learn/ros2_ws/build/arm_controller', 'catkin_cmake_args': None, 'catkin_skip_building_tests': False, 'cmake_args': None, 'cmake_clean_cache': False, 'cmake_clean_first': False, 'cmake_force_configure': False, 'cmake_target': None, 'cmake_target_skip_unavailable': False, 'install_base': '/home/yhcvy/learn/ros2_ws/install/arm_controller', 'merge_install': False, 'path': '/home/yhcvy/learn/ros2_ws/src/arm_controller', 'symlink_install': False, 'test_result_base': None}
[2.849s] Level 5:colcon.colcon_core.verb:set package 'sekirei_urdf' build argument 'cmake_args' from command line to 'None'
[2.849s] Level 5:colcon.colcon_core.verb:set package 'sekirei_urdf' build argument 'cmake_target' from command line to 'None'
[2.849s] Level 5:colcon.colcon_core.verb:set package 'sekirei_urdf' build argument 'cmake_target_skip_unavailable' from command line to 'False'
[2.849s] Level 5:colcon.colcon_core.verb:set package 'sekirei_urdf' build argument 'cmake_clean_cache' from command line to 'False'
[2.849s] Level 5:colcon.colcon_core.verb:set package 'sekirei_urdf' build argument 'cmake_clean_first' from command line to 'False'
[2.849s] Level 5:colcon.colcon_core.verb:set package 'sekirei_urdf' build argument 'cmake_force_configure' from command line to 'False'
[2.849s] Level 5:colcon.colcon_core.verb:set package 'sekirei_urdf' build argument 'ament_cmake_args' from command line to 'None'
[2.849s] Level 5:colcon.colcon_core.verb:set package 'sekirei_urdf' build argument 'catkin_cmake_args' from command line to 'None'
[2.849s] Level 5:colcon.colcon_core.verb:set package 'sekirei_urdf' build argument 'catkin_skip_building_tests' from command line to 'False'
[2.849s] DEBUG:colcon.colcon_core.verb:Building package 'sekirei_urdf' with the following arguments: {'ament_cmake_args': None, 'build_base': '/home/yhcvy/learn/ros2_ws/build/sekirei_urdf', 'catkin_cmake_args': None, 'catkin_skip_building_tests': False, 'cmake_args': None, 'cmake_clean_cache': False, 'cmake_clean_first': False, 'cmake_force_configure': False, 'cmake_target': None, 'cmake_target_skip_unavailable': False, 'install_base': '/home/yhcvy/learn/ros2_ws/install/sekirei_urdf', 'merge_install': False, 'path': '/home/yhcvy/learn/ros2_ws/src/sekirei_urdf', 'symlink_install': False, 'test_result_base': None}
[2.849s] INFO:colcon.colcon_core.executor:Executing jobs using 'parallel' executor
[2.852s] DEBUG:colcon.colcon_parallel_executor.executor.parallel:run_until_complete
[2.852s] INFO:colcon.colcon_ros.task.ament_cmake.build:Building ROS package in '/home/yhcvy/learn/ros2_ws/src/arm_controller' with build type 'ament_cmake'
[2.852s] INFO:colcon.colcon_cmake.task.cmake.build:Building CMake package in '/home/yhcvy/learn/ros2_ws/src/arm_controller'
[2.872s] INFO:colcon.colcon_core.plugin_system:Skipping extension 'colcon_core.shell.bat': Not used on non-Windows systems
[2.873s] INFO:colcon.colcon_core.shell:Skip shell extension 'powershell' for command environment: Not usable outside of PowerShell
[2.873s] DEBUG:colcon.colcon_core.shell:Skip shell extension 'dsv' for command environment
[2.881s] INFO:colcon.colcon_ros.task.ament_cmake.build:Building ROS package in '/home/yhcvy/learn/ros2_ws/src/sekirei_urdf' with build type 'ament_cmake'
[2.881s] INFO:colcon.colcon_cmake.task.cmake.build:Building CMake package in '/home/yhcvy/learn/ros2_ws/src/sekirei_urdf'
[2.881s] INFO:colcon.colcon_core.shell:Skip shell extension 'powershell' for command environment: Not usable outside of PowerShell
[2.882s] DEBUG:colcon.colcon_core.shell:Skip shell extension 'dsv' for command environment
[2.897s] DEBUG:colcon.colcon_core.event_handler.log_command:Invoking command in '/home/yhcvy/learn/ros2_ws/build/arm_controller': CMAKE_PREFIX_PATH=${CMAKE_PREFIX_PATH}:/opt/ros/jazzy DEBUGINFOD_URLS=https://debuginfod.ubuntu.com /usr/bin/cmake /home/yhcvy/learn/ros2_ws/src/arm_controller -DCMAKE_INSTALL_PREFIX=/home/yhcvy/learn/ros2_ws/install/arm_controller
[2.921s] DEBUG:colcon.colcon_core.event_handler.log_command:Invoking command in '/home/yhcvy/learn/ros2_ws/build/sekirei_urdf': CMAKE_PREFIX_PATH=${CMAKE_PREFIX_PATH}:/opt/ros/jazzy DEBUGINFOD_URLS=https://debuginfod.ubuntu.com /usr/bin/cmake /home/yhcvy/learn/ros2_ws/src/sekirei_urdf -DCMAKE_INSTALL_PREFIX=/home/yhcvy/learn/ros2_ws/install/sekirei_urdf
[8.888s] DEBUG:colcon.colcon_core.event_handler.log_command:Invoked command in '/home/yhcvy/learn/ros2_ws/build/sekirei_urdf' returned '0': CMAKE_PREFIX_PATH=${CMAKE_PREFIX_PATH}:/opt/ros/jazzy DEBUGINFOD_URLS=https://debuginfod.ubuntu.com /usr/bin/cmake /home/yhcvy/learn/ros2_ws/src/sekirei_urdf -DCMAKE_INSTALL_PREFIX=/home/yhcvy/learn/ros2_ws/install/sekirei_urdf
[8.890s] DEBUG:colcon.colcon_core.event_handler.log_command:Invoking command in '/home/yhcvy/learn/ros2_ws/build/sekirei_urdf': CMAKE_PREFIX_PATH=${CMAKE_PREFIX_PATH}:/opt/ros/jazzy DEBUGINFOD_URLS=https://debuginfod.ubuntu.com /usr/bin/cmake --build /home/yhcvy/learn/ros2_ws/build/sekirei_urdf -- -j12 -l12
[8.936s] DEBUG:colcon.colcon_core.event_handler.log_command:Invoked command in '/home/yhcvy/learn/ros2_ws/build/sekirei_urdf' returned '0': CMAKE_PREFIX_PATH=${CMAKE_PREFIX_PATH}:/opt/ros/jazzy DEBUGINFOD_URLS=https://debuginfod.ubuntu.com /usr/bin/cmake --build /home/yhcvy/learn/ros2_ws/build/sekirei_urdf -- -j12 -l12
[8.950s] DEBUG:colcon.colcon_core.event_handler.log_command:Invoking command in '/home/yhcvy/learn/ros2_ws/build/sekirei_urdf': CMAKE_PREFIX_PATH=${CMAKE_PREFIX_PATH}:/opt/ros/jazzy DEBUGINFOD_URLS=https://debuginfod.ubuntu.com /usr/bin/cmake --install /home/yhcvy/learn/ros2_ws/build/sekirei_urdf
[9.087s] Level 1:colcon.colcon_core.environment:create_environment_scripts_only(sekirei_urdf)
[9.088s] DEBUG:colcon.colcon_core.event_handler.log_command:Invoked command in '/home/yhcvy/learn/ros2_ws/build/sekirei_urdf' returned '0': CMAKE_PREFIX_PATH=${CMAKE_PREFIX_PATH}:/opt/ros/jazzy DEBUGINFOD_URLS=https://debuginfod.ubuntu.com /usr/bin/cmake --install /home/yhcvy/learn/ros2_ws/build/sekirei_urdf
[9.099s] Level 1:colcon.colcon_core.environment:checking '/home/yhcvy/learn/ros2_ws/install/sekirei_urdf' for CMake module files
[9.100s] Level 1:colcon.colcon_core.environment:checking '/home/yhcvy/learn/ros2_ws/install/sekirei_urdf' for CMake config files
[9.100s] Level 1:colcon.colcon_core.shell:create_environment_hook('sekirei_urdf', 'cmake_prefix_path')
[9.100s] INFO:colcon.colcon_core.shell:Creating environment hook '/home/yhcvy/learn/ros2_ws/install/sekirei_urdf/share/sekirei_urdf/hook/cmake_prefix_path.ps1'
[9.103s] INFO:colcon.colcon_core.shell:Creating environment descriptor '/home/yhcvy/learn/ros2_ws/install/sekirei_urdf/share/sekirei_urdf/hook/cmake_prefix_path.dsv'
[9.104s] INFO:colcon.colcon_core.shell:Creating environment hook '/home/yhcvy/learn/ros2_ws/install/sekirei_urdf/share/sekirei_urdf/hook/cmake_prefix_path.sh'
[9.106s] Level 1:colcon.colcon_core.environment:checking '/home/yhcvy/learn/ros2_ws/install/sekirei_urdf/bin'
[9.106s] Level 1:colcon.colcon_core.environment:checking '/home/yhcvy/learn/ros2_ws/install/sekirei_urdf/lib/pkgconfig/sekirei_urdf.pc'
[9.107s] Level 1:colcon.colcon_core.environment:checking '/home/yhcvy/learn/ros2_ws/install/sekirei_urdf/lib/python3.12/site-packages'
[9.107s] Level 1:colcon.colcon_core.environment:checking '/home/yhcvy/learn/ros2_ws/install/sekirei_urdf/bin'
[9.108s] INFO:colcon.colcon_core.shell:Creating package script '/home/yhcvy/learn/ros2_ws/install/sekirei_urdf/share/sekirei_urdf/package.ps1'
[9.110s] INFO:colcon.colcon_core.shell:Creating package descriptor '/home/yhcvy/learn/ros2_ws/install/sekirei_urdf/share/sekirei_urdf/package.dsv'
[9.112s] INFO:colcon.colcon_core.shell:Creating package script '/home/yhcvy/learn/ros2_ws/install/sekirei_urdf/share/sekirei_urdf/package.sh'
[9.113s] INFO:colcon.colcon_core.shell:Creating package script '/home/yhcvy/learn/ros2_ws/install/sekirei_urdf/share/sekirei_urdf/package.bash'
[9.115s] INFO:colcon.colcon_core.shell:Creating package script '/home/yhcvy/learn/ros2_ws/install/sekirei_urdf/share/sekirei_urdf/package.zsh'
[9.116s] Level 1:colcon.colcon_core.environment:create_file_with_runtime_dependencies(/home/yhcvy/learn/ros2_ws/install/sekirei_urdf/share/colcon-core/packages/sekirei_urdf)
[9.117s] Level 1:colcon.colcon_core.environment:create_environment_scripts_only(sekirei_urdf)
[9.118s] Level 1:colcon.colcon_core.environment:checking '/home/yhcvy/learn/ros2_ws/install/sekirei_urdf' for CMake module files
[9.118s] Level 1:colcon.colcon_core.environment:checking '/home/yhcvy/learn/ros2_ws/install/sekirei_urdf' for CMake config files
[9.118s] Level 1:colcon.colcon_core.shell:create_environment_hook('sekirei_urdf', 'cmake_prefix_path')
[9.119s] INFO:colcon.colcon_core.shell:Creating environment hook '/home/yhcvy/learn/ros2_ws/install/sekirei_urdf/share/sekirei_urdf/hook/cmake_prefix_path.ps1'
[9.119s] INFO:colcon.colcon_core.shell:Creating environment descriptor '/home/yhcvy/learn/ros2_ws/install/sekirei_urdf/share/sekirei_urdf/hook/cmake_prefix_path.dsv'
[9.120s] INFO:colcon.colcon_core.shell:Creating environment hook '/home/yhcvy/learn/ros2_ws/install/sekirei_urdf/share/sekirei_urdf/hook/cmake_prefix_path.sh'
[9.120s] Level 1:colcon.colcon_core.environment:checking '/home/yhcvy/learn/ros2_ws/install/sekirei_urdf/bin'
[9.121s] Level 1:colcon.colcon_core.environment:checking '/home/yhcvy/learn/ros2_ws/install/sekirei_urdf/lib/pkgconfig/sekirei_urdf.pc'
[9.121s] Level 1:colcon.colcon_core.environment:checking '/home/yhcvy/learn/ros2_ws/install/sekirei_urdf/lib/python3.12/site-packages'
[9.121s] Level 1:colcon.colcon_core.environment:checking '/home/yhcvy/learn/ros2_ws/install/sekirei_urdf/bin'
[9.121s] INFO:colcon.colcon_core.shell:Creating package script '/home/yhcvy/learn/ros2_ws/install/sekirei_urdf/share/sekirei_urdf/package.ps1'
[9.122s] INFO:colcon.colcon_core.shell:Creating package descriptor '/home/yhcvy/learn/ros2_ws/install/sekirei_urdf/share/sekirei_urdf/package.dsv'
[9.122s] INFO:colcon.colcon_core.shell:Creating package script '/home/yhcvy/learn/ros2_ws/install/sekirei_urdf/share/sekirei_urdf/package.sh'
[9.123s] INFO:colcon.colcon_core.shell:Creating package script '/home/yhcvy/learn/ros2_ws/install/sekirei_urdf/share/sekirei_urdf/package.bash'
[9.123s] INFO:colcon.colcon_core.shell:Creating package script '/home/yhcvy/learn/ros2_ws/install/sekirei_urdf/share/sekirei_urdf/package.zsh'
[9.124s] Level 1:colcon.colcon_core.environment:create_file_with_runtime_dependencies(/home/yhcvy/learn/ros2_ws/install/sekirei_urdf/share/colcon-core/packages/sekirei_urdf)
[19.545s] DEBUG:colcon.colcon_core.event_handler.log_command:Invoked command in '/home/yhcvy/learn/ros2_ws/build/arm_controller' returned '0': CMAKE_PREFIX_PATH=${CMAKE_PREFIX_PATH}:/opt/ros/jazzy DEBUGINFOD_URLS=https://debuginfod.ubuntu.com /usr/bin/cmake /home/yhcvy/learn/ros2_ws/src/arm_controller -DCMAKE_INSTALL_PREFIX=/home/yhcvy/learn/ros2_ws/install/arm_controller
[19.547s] DEBUG:colcon.colcon_core.event_handler.log_command:Invoking command in '/home/yhcvy/learn/ros2_ws/build/arm_controller': CMAKE_PREFIX_PATH=${CMAKE_PREFIX_PATH}:/opt/ros/jazzy DEBUGINFOD_URLS=https://debuginfod.ubuntu.com /usr/bin/cmake --build /home/yhcvy/learn/ros2_ws/build/arm_controller -- -j12 -l12
[40.055s] DEBUG:colcon.colcon_core.event_handler.log_command:Invoked command in '/home/yhcvy/learn/ros2_ws/build/arm_controller' returned '0': CMAKE_PREFIX_PATH=${CMAKE_PREFIX_PATH}:/opt/ros/jazzy DEBUGINFOD_URLS=https://debuginfod.ubuntu.com /usr/bin/cmake --build /home/yhcvy/learn/ros2_ws/build/arm_controller -- -j12 -l12
[40.058s] DEBUG:colcon.colcon_core.event_handler.log_command:Invoking command in '/home/yhcvy/learn/ros2_ws/build/arm_controller': CMAKE_PREFIX_PATH=${CMAKE_PREFIX_PATH}:/opt/ros/jazzy DEBUGINFOD_URLS=https://debuginfod.ubuntu.com /usr/bin/cmake --install /home/yhcvy/learn/ros2_ws/build/arm_controller
[40.092s] Level 1:colcon.colcon_core.environment:create_environment_scripts_only(arm_controller)
[40.093s] Level 1:colcon.colcon_core.environment:checking '/home/yhcvy/learn/ros2_ws/install/arm_controller' for CMake module files
[40.093s] DEBUG:colcon.colcon_core.event_handler.log_command:Invoked command in '/home/yhcvy/learn/ros2_ws/build/arm_controller' returned '0': CMAKE_PREFIX_PATH=${CMAKE_PREFIX_PATH}:/opt/ros/jazzy DEBUGINFOD_URLS=https://debuginfod.ubuntu.com /usr/bin/cmake --install /home/yhcvy/learn/ros2_ws/build/arm_controller
[40.094s] Level 1:colcon.colcon_core.environment:checking '/home/yhcvy/learn/ros2_ws/install/arm_controller' for CMake config files
[40.094s] Level 1:colcon.colcon_core.shell:create_environment_hook('arm_controller', 'cmake_prefix_path')
[40.094s] INFO:colcon.colcon_core.shell:Creating environment hook '/home/yhcvy/learn/ros2_ws/install/arm_controller/share/arm_controller/hook/cmake_prefix_path.ps1'
[40.095s] INFO:colcon.colcon_core.shell:Creating environment descriptor '/home/yhcvy/learn/ros2_ws/install/arm_controller/share/arm_controller/hook/cmake_prefix_path.dsv'
[40.095s] INFO:colcon.colcon_core.shell:Creating environment hook '/home/yhcvy/learn/ros2_ws/install/arm_controller/share/arm_controller/hook/cmake_prefix_path.sh'
[40.095s] Level 1:colcon.colcon_core.environment:checking '/home/yhcvy/learn/ros2_ws/install/arm_controller/lib'
[40.096s] Level 1:colcon.colcon_core.environment:checking '/home/yhcvy/learn/ros2_ws/install/arm_controller/bin'
[40.096s] Level 1:colcon.colcon_core.environment:checking '/home/yhcvy/learn/ros2_ws/install/arm_controller/lib/pkgconfig/arm_controller.pc'
[40.096s] Level 1:colcon.colcon_core.environment:checking '/home/yhcvy/learn/ros2_ws/install/arm_controller/lib/python3.12/site-packages'
[40.096s] Level 1:colcon.colcon_core.environment:checking '/home/yhcvy/learn/ros2_ws/install/arm_controller/bin'
[40.096s] INFO:colcon.colcon_core.shell:Creating package script '/home/yhcvy/learn/ros2_ws/install/arm_controller/share/arm_controller/package.ps1'
[40.097s] INFO:colcon.colcon_core.shell:Creating package descriptor '/home/yhcvy/learn/ros2_ws/install/arm_controller/share/arm_controller/package.dsv'
[40.097s] INFO:colcon.colcon_core.shell:Creating package script '/home/yhcvy/learn/ros2_ws/install/arm_controller/share/arm_controller/package.sh'
[40.097s] INFO:colcon.colcon_core.shell:Creating package script '/home/yhcvy/learn/ros2_ws/install/arm_controller/share/arm_controller/package.bash'
[40.098s] INFO:colcon.colcon_core.shell:Creating package script '/home/yhcvy/learn/ros2_ws/install/arm_controller/share/arm_controller/package.zsh'
[40.098s] Level 1:colcon.colcon_core.environment:create_file_with_runtime_dependencies(/home/yhcvy/learn/ros2_ws/install/arm_controller/share/colcon-core/packages/arm_controller)
[40.099s] Level 1:colcon.colcon_core.environment:create_environment_scripts_only(arm_controller)
[40.099s] Level 1:colcon.colcon_core.environment:checking '/home/yhcvy/learn/ros2_ws/install/arm_controller' for CMake module files
[40.100s] Level 1:colcon.colcon_core.environment:checking '/home/yhcvy/learn/ros2_ws/install/arm_controller' for CMake config files
[40.100s] Level 1:colcon.colcon_core.shell:create_environment_hook('arm_controller', 'cmake_prefix_path')
[40.100s] INFO:colcon.colcon_core.shell:Creating environment hook '/home/yhcvy/learn/ros2_ws/install/arm_controller/share/arm_controller/hook/cmake_prefix_path.ps1'
[40.100s] INFO:colcon.colcon_core.shell:Creating environment descriptor '/home/yhcvy/learn/ros2_ws/install/arm_controller/share/arm_controller/hook/cmake_prefix_path.dsv'
[40.101s] INFO:colcon.colcon_core.shell:Creating environment hook '/home/yhcvy/learn/ros2_ws/install/arm_controller/share/arm_controller/hook/cmake_prefix_path.sh'
[40.102s] Level 1:colcon.colcon_core.environment:checking '/home/yhcvy/learn/ros2_ws/install/arm_controller/lib'
[40.102s] Level 1:colcon.colcon_core.environment:checking '/home/yhcvy/learn/ros2_ws/install/arm_controller/bin'
[40.102s] Level 1:colcon.colcon_core.environment:checking '/home/yhcvy/learn/ros2_ws/install/arm_controller/lib/pkgconfig/arm_controller.pc'
[40.102s] Level 1:colcon.colcon_core.environment:checking '/home/yhcvy/learn/ros2_ws/install/arm_controller/lib/python3.12/site-packages'
[40.103s] Level 1:colcon.colcon_core.environment:checking '/home/yhcvy/learn/ros2_ws/install/arm_controller/bin'
[40.103s] INFO:colcon.colcon_core.shell:Creating package script '/home/yhcvy/learn/ros2_ws/install/arm_controller/share/arm_controller/package.ps1'
[40.104s] INFO:colcon.colcon_core.shell:Creating package descriptor '/home/yhcvy/learn/ros2_ws/install/arm_controller/share/arm_controller/package.dsv'
[40.105s] INFO:colcon.colcon_core.shell:Creating package script '/home/yhcvy/learn/ros2_ws/install/arm_controller/share/arm_controller/package.sh'
[40.105s] INFO:colcon.colcon_core.shell:Creating package script '/home/yhcvy/learn/ros2_ws/install/arm_controller/share/arm_controller/package.bash'
[40.106s] INFO:colcon.colcon_core.shell:Creating package script '/home/yhcvy/learn/ros2_ws/install/arm_controller/share/arm_controller/package.zsh'
[40.106s] Level 1:colcon.colcon_core.environment:create_file_with_runtime_dependencies(/home/yhcvy/learn/ros2_ws/install/arm_controller/share/colcon-core/packages/arm_controller)
[40.107s] DEBUG:colcon.colcon_parallel_executor.executor.parallel:closing loop
[40.108s] DEBUG:colcon.colcon_parallel_executor.executor.parallel:loop closed
[40.108s] DEBUG:colcon.colcon_parallel_executor.executor.parallel:run_until_complete finished with '0'
[40.109s] DEBUG:colcon.colcon_core.event_reactor:joining thread
[40.263s] INFO:colcon.colcon_core.plugin_system:Skipping extension 'colcon_notification.desktop_notification.notify_send': Could not find 'notify-send'
[40.263s] INFO:colcon.colcon_core.plugin_system:Skipping extension 'colcon_notification.desktop_notification.terminal_notifier': Not used on non-Darwin systems
[40.263s] INFO:colcon.colcon_core.plugin_system:Skipping extension 'colcon_notification.desktop_notification.win32': Not used on non-Windows systems
[40.264s] INFO:colcon.colcon_notification.desktop_notification:Sending desktop notification using 'notify2'
[40.342s] DEBUG:colcon.colcon_notification.desktop_notification.notify2:Failed to initialize notify2: org.freedesktop.DBus.Error.ServiceUnknown: The name org.freedesktop.Notifications was not provided by any .service files
[40.342s] DEBUG:colcon.colcon_core.event_reactor:joined thread
[40.343s] INFO:colcon.colcon_core.shell:Creating prefix script '/home/yhcvy/learn/ros2_ws/install/local_setup.ps1'
[40.345s] INFO:colcon.colcon_core.shell:Creating prefix util module '/home/yhcvy/learn/ros2_ws/install/_local_setup_util_ps1.py'
[40.348s] INFO:colcon.colcon_core.shell:Creating prefix chain script '/home/yhcvy/learn/ros2_ws/install/setup.ps1'
[40.351s] INFO:colcon.colcon_core.shell:Creating prefix script '/home/yhcvy/learn/ros2_ws/install/local_setup.sh'
[40.353s] INFO:colcon.colcon_core.shell:Creating prefix util module '/home/yhcvy/learn/ros2_ws/install/_local_setup_util_sh.py'
[40.354s] INFO:colcon.colcon_core.shell:Creating prefix chain script '/home/yhcvy/learn/ros2_ws/install/setup.sh'
[40.357s] INFO:colcon.colcon_core.shell:Creating prefix script '/home/yhcvy/learn/ros2_ws/install/local_setup.bash'
[40.358s] INFO:colcon.colcon_core.shell:Creating prefix chain script '/home/yhcvy/learn/ros2_ws/install/setup.bash'
[40.361s] INFO:colcon.colcon_core.shell:Creating prefix script '/home/yhcvy/learn/ros2_ws/install/local_setup.zsh'
[40.363s] INFO:colcon.colcon_core.shell:Creating prefix chain script '/home/yhcvy/learn/ros2_ws/install/setup.zsh'
