[0.028s] Invoking command in '/home/yhcvy/learn/ros2_ws/build/sekirei_urdf': CMAKE_PREFIX_PATH=${CMAKE_PREFIX_PATH}:/opt/ros/jazzy DEBUGINFOD_URLS=https://debuginfod.ubuntu.com /usr/bin/cmake --build /home/yhcvy/learn/ros2_ws/build/sekirei_urdf -- -j12 -l12
[0.078s] Invoked command in '/home/yhcvy/learn/ros2_ws/build/sekirei_urdf' returned '0': CMAKE_PREFIX_PATH=${CMAKE_PREFIX_PATH}:/opt/ros/jazzy DEBUGINFOD_URLS=https://debuginfod.ubuntu.com /usr/bin/cmake --build /home/yhcvy/learn/ros2_ws/build/sekirei_urdf -- -j12 -l12
[0.094s] Invoking command in '/home/yhcvy/learn/ros2_ws/build/sekirei_urdf': CMAKE_PREFIX_PATH=${CMAKE_PREFIX_PATH}:/opt/ros/jazzy DEBUGINFOD_URLS=https://debuginfod.ubuntu.com /usr/bin/cmake --install /home/yhcvy/learn/ros2_ws/build/sekirei_urdf
[0.114s] -- Install configuration: ""
[0.115s] -- Up-to-date: /home/yhcvy/learn/ros2_ws/install/sekirei_urdf/share/sekirei_urdf/urdf
[0.116s] -- Up-to-date: /home/yhcvy/learn/ros2_ws/install/sekirei_urdf/share/sekirei_urdf/urdf/sekirei_moveit.urdf
[0.117s] -- Up-to-date: /home/yhcvy/learn/ros2_ws/install/sekirei_urdf/share/sekirei_urdf/srdf
[0.117s] -- Up-to-date: /home/yhcvy/learn/ros2_ws/install/sekirei_urdf/share/sekirei_urdf/srdf/sekirei.srdf
[0.117s] -- Up-to-date: /home/yhcvy/learn/ros2_ws/install/sekirei_urdf/share/sekirei_urdf/srdf/sekirei.srdf:Zone.Identifier
[0.118s] -- Up-to-date: /home/yhcvy/learn/ros2_ws/install/sekirei_urdf/share/sekirei_urdf/meshes
[0.118s] -- Up-to-date: /home/yhcvy/learn/ros2_ws/install/sekirei_urdf/share/sekirei_urdf/meshes/r_a_2019_2020_asm1.STL:Zone.Identifier
[0.118s] -- Up-to-date: /home/yhcvy/learn/ros2_ws/install/sekirei_urdf/share/sekirei_urdf/meshes/r_a_2019_2020_asm5.STL:Zone.Identifier:Zone.Identifier
[0.118s] -- Up-to-date: /home/yhcvy/learn/ros2_ws/install/sekirei_urdf/share/sekirei_urdf/meshes/t265.STL:Zone.Identifier
[0.118s] -- Up-to-date: /home/yhcvy/learn/ros2_ws/install/sekirei_urdf/share/sekirei_urdf/meshes/r_a_2019_l_asm6.STL
[0.120s] -- Up-to-date: /home/yhcvy/learn/ros2_ws/install/sekirei_urdf/share/sekirei_urdf/meshes/r_a_2019_l_asm7_ver2.STL
[0.121s] -- Up-to-date: /home/yhcvy/learn/ros2_ws/install/sekirei_urdf/share/sekirei_urdf/meshes/t265.STL
[0.122s] -- Up-to-date: /home/yhcvy/learn/ros2_ws/install/sekirei_urdf/share/sekirei_urdf/meshes/r_a_2019_2020_asm5.STL:Zone.Identifier
[0.123s] -- Up-to-date: /home/yhcvy/learn/ros2_ws/install/sekirei_urdf/share/sekirei_urdf/meshes/r_a_2019_2020_asm5.STL
[0.123s] -- Up-to-date: /home/yhcvy/learn/ros2_ws/install/sekirei_urdf/share/sekirei_urdf/meshes/r_a_2019_l_asm7_ver2.STL:Zone.Identifier:Zone.Identifier
[0.124s] -- Up-to-date: /home/yhcvy/learn/ros2_ws/install/sekirei_urdf/share/sekirei_urdf/meshes/r_a_2019_l_asm6.STL:Zone.Identifier:Zone.Identifier
[0.125s] -- Up-to-date: /home/yhcvy/learn/ros2_ws/install/sekirei_urdf/share/sekirei_urdf/meshes/r_a_2019_2020_asm4.STL
[0.125s] -- Up-to-date: /home/yhcvy/learn/ros2_ws/install/sekirei_urdf/share/sekirei_urdf/meshes/r_a_2019_2020_asm3.STL:Zone.Identifier:Zone.Identifier
[0.125s] -- Up-to-date: /home/yhcvy/learn/ros2_ws/install/sekirei_urdf/share/sekirei_urdf/meshes/main.STL:Zone.Identifier:Zone.Identifier
[0.126s] -- Up-to-date: /home/yhcvy/learn/ros2_ws/install/sekirei_urdf/share/sekirei_urdf/meshes/r_a_2019_2020_asm1.STL:Zone.Identifier:Zone.Identifier
[0.126s] -- Up-to-date: /home/yhcvy/learn/ros2_ws/install/sekirei_urdf/share/sekirei_urdf/meshes/r_a_2019_2020_asm2.STL:Zone.Identifier:Zone.Identifier
[0.127s] -- Up-to-date: /home/yhcvy/learn/ros2_ws/install/sekirei_urdf/share/sekirei_urdf/meshes/r_a_2019_l_asm6.STL:Zone.Identifier
[0.128s] -- Up-to-date: /home/yhcvy/learn/ros2_ws/install/sekirei_urdf/share/sekirei_urdf/meshes/t265.STL:Zone.Identifier:Zone.Identifier
[0.131s] -- Up-to-date: /home/yhcvy/learn/ros2_ws/install/sekirei_urdf/share/sekirei_urdf/meshes/r_a_2019_2020_asm2.STL
[0.134s] -- Up-to-date: /home/yhcvy/learn/ros2_ws/install/sekirei_urdf/share/sekirei_urdf/meshes/r_a_2019_2020_asm4.STL:Zone.Identifier
[0.134s] -- Up-to-date: /home/yhcvy/learn/ros2_ws/install/sekirei_urdf/share/sekirei_urdf/meshes/flipper.STL:Zone.Identifier
[0.135s] -- Up-to-date: /home/yhcvy/learn/ros2_ws/install/sekirei_urdf/share/sekirei_urdf/meshes/flipper.STL:Zone.Identifier:Zone.Identifier
[0.135s] -- Up-to-date: /home/yhcvy/learn/ros2_ws/install/sekirei_urdf/share/sekirei_urdf/meshes/main.STL:Zone.Identifier
[0.136s] -- Up-to-date: /home/yhcvy/learn/ros2_ws/install/sekirei_urdf/share/sekirei_urdf/meshes/r_a_2019_2020_asm4.STL:Zone.Identifier:Zone.Identifier
[0.136s] -- Up-to-date: /home/yhcvy/learn/ros2_ws/install/sekirei_urdf/share/sekirei_urdf/meshes/r_a_2019_2020_asm1.STL
[0.138s] -- Up-to-date: /home/yhcvy/learn/ros2_ws/install/sekirei_urdf/share/sekirei_urdf/meshes/main.STL
[0.138s] -- Up-to-date: /home/yhcvy/learn/ros2_ws/install/sekirei_urdf/share/sekirei_urdf/meshes/r_a_2019_l_asm7_ver2.STL:Zone.Identifier
[0.138s] -- Up-to-date: /home/yhcvy/learn/ros2_ws/install/sekirei_urdf/share/sekirei_urdf/meshes/r_a_2019_2020_asm3.STL
[0.138s] -- Up-to-date: /home/yhcvy/learn/ros2_ws/install/sekirei_urdf/share/sekirei_urdf/meshes/d435.STL
[0.139s] -- Up-to-date: /home/yhcvy/learn/ros2_ws/install/sekirei_urdf/share/sekirei_urdf/meshes/d435.STL:Zone.Identifier
[0.139s] -- Up-to-date: /home/yhcvy/learn/ros2_ws/install/sekirei_urdf/share/sekirei_urdf/meshes/flipper.STL
[0.140s] -- Up-to-date: /home/yhcvy/learn/ros2_ws/install/sekirei_urdf/share/sekirei_urdf/meshes/r_a_2019_2020_asm2.STL:Zone.Identifier
[0.140s] -- Up-to-date: /home/yhcvy/learn/ros2_ws/install/sekirei_urdf/share/sekirei_urdf/meshes/r_a_2019_2020_asm3.STL:Zone.Identifier
[0.140s] -- Up-to-date: /home/yhcvy/learn/ros2_ws/install/sekirei_urdf/share/sekirei_urdf/meshes/d435.STL:Zone.Identifier:Zone.Identifier
[0.140s] -- Up-to-date: /home/yhcvy/learn/ros2_ws/install/sekirei_urdf/share/ament_index/resource_index/package_run_dependencies/sekirei_urdf
[0.141s] -- Up-to-date: /home/yhcvy/learn/ros2_ws/install/sekirei_urdf/share/ament_index/resource_index/parent_prefix_path/sekirei_urdf
[0.141s] -- Up-to-date: /home/yhcvy/learn/ros2_ws/install/sekirei_urdf/share/sekirei_urdf/environment/ament_prefix_path.sh
[0.141s] -- Up-to-date: /home/yhcvy/learn/ros2_ws/install/sekirei_urdf/share/sekirei_urdf/environment/ament_prefix_path.dsv
[0.142s] -- Up-to-date: /home/yhcvy/learn/ros2_ws/install/sekirei_urdf/share/sekirei_urdf/environment/path.sh
[0.142s] -- Up-to-date: /home/yhcvy/learn/ros2_ws/install/sekirei_urdf/share/sekirei_urdf/environment/path.dsv
[0.142s] -- Up-to-date: /home/yhcvy/learn/ros2_ws/install/sekirei_urdf/share/sekirei_urdf/local_setup.bash
[0.142s] -- Up-to-date: /home/yhcvy/learn/ros2_ws/install/sekirei_urdf/share/sekirei_urdf/local_setup.sh
[0.143s] -- Up-to-date: /home/yhcvy/learn/ros2_ws/install/sekirei_urdf/share/sekirei_urdf/local_setup.zsh
[0.143s] -- Up-to-date: /home/yhcvy/learn/ros2_ws/install/sekirei_urdf/share/sekirei_urdf/local_setup.dsv
[0.143s] -- Installing: /home/yhcvy/learn/ros2_ws/install/sekirei_urdf/share/sekirei_urdf/package.dsv
[0.143s] -- Up-to-date: /home/yhcvy/learn/ros2_ws/install/sekirei_urdf/share/ament_index/resource_index/packages/sekirei_urdf
[0.144s] -- Up-to-date: /home/yhcvy/learn/ros2_ws/install/sekirei_urdf/share/sekirei_urdf/cmake/sekirei_urdfConfig.cmake
[0.144s] -- Up-to-date: /home/yhcvy/learn/ros2_ws/install/sekirei_urdf/share/sekirei_urdf/cmake/sekirei_urdfConfig-version.cmake
[0.144s] -- Up-to-date: /home/yhcvy/learn/ros2_ws/install/sekirei_urdf/share/sekirei_urdf/package.xml
[0.144s] Invoked command in '/home/yhcvy/learn/ros2_ws/build/sekirei_urdf' returned '0': CMAKE_PREFIX_PATH=${CMAKE_PREFIX_PATH}:/opt/ros/jazzy DEBUGINFOD_URLS=https://debuginfod.ubuntu.com /usr/bin/cmake --install /home/yhcvy/learn/ros2_ws/build/sekirei_urdf
