[0.630s] DEBUG:colcon:Command line arguments: ['/usr/bin/colcon', 'build', '--packages-select', 'sekirei_moveit_config']
[0.630s] DEBUG:colcon:Parsed command line arguments: Namespace(log_base=None, log_level=None, verb_name='build', build_base='build', install_base='install', merge_install=False, symlink_install=False, test_result_base=None, continue_on_error=False, executor='parallel', parallel_workers=12, event_handlers=None, ignore_user_meta=False, metas=['./colcon.meta'], base_paths=['.'], packages_ignore=None, packages_ignore_regex=None, paths=None, packages_up_to=None, packages_up_to_regex=None, packages_above=None, packages_above_and_dependencies=None, packages_above_depth=None, packages_select_by_dep=None, packages_skip_by_dep=None, packages_skip_up_to=None, packages_select_build_failed=False, packages_skip_build_finished=False, packages_select_test_failures=False, packages_skip_test_passed=False, packages_select=['sekirei_moveit_config'], packages_skip=None, packages_select_regex=None, packages_skip_regex=None, packages_start=None, packages_end=None, allow_overriding=[], cmake_args=None, cmake_target=None, cmake_target_skip_unavailable=False, cmake_clean_cache=False, cmake_clean_first=False, cmake_force_configure=False, ament_cmake_args=None, catkin_cmake_args=None, catkin_skip_building_tests=False, mixin_files=None, mixin=None, verb_parser=<colcon_mixin.mixin.mixin_argument.MixinArgumentDecorator object at 0x7f9eebe66ea0>, verb_extension=<colcon_core.verb.build.BuildVerb object at 0x7f9eebe66660>, main=<bound method BuildVerb.main of <colcon_core.verb.build.BuildVerb object at 0x7f9eebe66660>>, mixin_verb=('build',))
[0.779s] Level 1:colcon.colcon_core.package_discovery:discover_packages(colcon_meta) check parameters
[0.780s] Level 1:colcon.colcon_core.package_discovery:discover_packages(recursive) check parameters
[0.780s] Level 1:colcon.colcon_core.package_discovery:discover_packages(ignore) check parameters
[0.780s] Level 1:colcon.colcon_core.package_discovery:discover_packages(path) check parameters
[0.780s] Level 1:colcon.colcon_core.package_discovery:discover_packages(colcon_meta) discover
[0.780s] Level 1:colcon.colcon_core.package_discovery:discover_packages(recursive) discover
[0.780s] INFO:colcon.colcon_core.package_discovery:Crawling recursively for packages in '/home/yhcvy/rodep-rescue2026/ros_ws'
[0.780s] Level 1:colcon.colcon_core.package_identification:_identify(.) by extensions ['ignore', 'ignore_ament_install']
[0.780s] Level 1:colcon.colcon_core.package_identification:_identify(.) by extension 'ignore'
[0.781s] Level 1:colcon.colcon_core.package_identification:_identify(.) by extension 'ignore_ament_install'
[0.781s] Level 1:colcon.colcon_core.package_identification:_identify(.) by extensions ['colcon_pkg']
[0.781s] Level 1:colcon.colcon_core.package_identification:_identify(.) by extension 'colcon_pkg'
[0.781s] Level 1:colcon.colcon_core.package_identification:_identify(.) by extensions ['colcon_meta']
[0.781s] Level 1:colcon.colcon_core.package_identification:_identify(.) by extension 'colcon_meta'
[0.781s] Level 1:colcon.colcon_core.package_identification:_identify(.) by extensions ['ros']
[0.781s] Level 1:colcon.colcon_core.package_identification:_identify(.) by extension 'ros'
[0.840s] Level 1:colcon.colcon_core.package_identification:_identify(.) by extensions ['cmake', 'python']
[0.841s] Level 1:colcon.colcon_core.package_identification:_identify(.) by extension 'cmake'
[0.841s] Level 1:colcon.colcon_core.package_identification:_identify(.) by extension 'python'
[0.841s] Level 1:colcon.colcon_core.package_identification:_identify(.) by extensions ['python_setup_py']
[0.841s] Level 1:colcon.colcon_core.package_identification:_identify(.) by extension 'python_setup_py'
[0.841s] Level 1:colcon.colcon_core.package_identification:_identify(build) by extensions ['ignore', 'ignore_ament_install']
[0.841s] Level 1:colcon.colcon_core.package_identification:_identify(build) by extension 'ignore'
[0.841s] Level 1:colcon.colcon_core.package_identification:_identify(build) ignored
[0.842s] Level 1:colcon.colcon_core.package_identification:_identify(firmware) by extensions ['ignore', 'ignore_ament_install']
[0.842s] Level 1:colcon.colcon_core.package_identification:_identify(firmware) by extension 'ignore'
[0.842s] Level 1:colcon.colcon_core.package_identification:_identify(firmware) ignored
[0.842s] Level 1:colcon.colcon_core.package_identification:_identify(install) by extensions ['ignore', 'ignore_ament_install']
[0.842s] Level 1:colcon.colcon_core.package_identification:_identify(install) by extension 'ignore'
[0.842s] Level 1:colcon.colcon_core.package_identification:_identify(install) ignored
[0.842s] Level 1:colcon.colcon_core.package_identification:_identify(launch) by extensions ['ignore', 'ignore_ament_install']
[0.842s] Level 1:colcon.colcon_core.package_identification:_identify(launch) by extension 'ignore'
[0.842s] Level 1:colcon.colcon_core.package_identification:_identify(launch) by extension 'ignore_ament_install'
[0.843s] Level 1:colcon.colcon_core.package_identification:_identify(launch) by extensions ['colcon_pkg']
[0.843s] Level 1:colcon.colcon_core.package_identification:_identify(launch) by extension 'colcon_pkg'
[0.843s] Level 1:colcon.colcon_core.package_identification:_identify(launch) by extensions ['colcon_meta']
[0.843s] Level 1:colcon.colcon_core.package_identification:_identify(launch) by extension 'colcon_meta'
[0.843s] Level 1:colcon.colcon_core.package_identification:_identify(launch) by extensions ['ros']
[0.843s] Level 1:colcon.colcon_core.package_identification:_identify(launch) by extension 'ros'
[0.843s] Level 1:colcon.colcon_core.package_identification:_identify(launch) by extensions ['cmake', 'python']
[0.843s] Level 1:colcon.colcon_core.package_identification:_identify(launch) by extension 'cmake'
[0.843s] Level 1:colcon.colcon_core.package_identification:_identify(launch) by extension 'python'
[0.843s] Level 1:colcon.colcon_core.package_identification:_identify(launch) by extensions ['python_setup_py']
[0.843s] Level 1:colcon.colcon_core.package_identification:_identify(launch) by extension 'python_setup_py'
[0.843s] Level 1:colcon.colcon_core.package_identification:_identify(launch/camera) by extensions ['ignore', 'ignore_ament_install']
[0.843s] Level 1:colcon.colcon_core.package_identification:_identify(launch/camera) by extension 'ignore'
[0.844s] Level 1:colcon.colcon_core.package_identification:_identify(launch/camera) by extension 'ignore_ament_install'
[0.844s] Level 1:colcon.colcon_core.package_identification:_identify(launch/camera) by extensions ['colcon_pkg']
[0.844s] Level 1:colcon.colcon_core.package_identification:_identify(launch/camera) by extension 'colcon_pkg'
[0.844s] Level 1:colcon.colcon_core.package_identification:_identify(launch/camera) by extensions ['colcon_meta']
[0.844s] Level 1:colcon.colcon_core.package_identification:_identify(launch/camera) by extension 'colcon_meta'
[0.845s] Level 1:colcon.colcon_core.package_identification:_identify(launch/camera) by extensions ['ros']
[0.845s] Level 1:colcon.colcon_core.package_identification:_identify(launch/camera) by extension 'ros'
[0.845s] Level 1:colcon.colcon_core.package_identification:_identify(launch/camera) by extensions ['cmake', 'python']
[0.845s] Level 1:colcon.colcon_core.package_identification:_identify(launch/camera) by extension 'cmake'
[0.845s] Level 1:colcon.colcon_core.package_identification:_identify(launch/camera) by extension 'python'
[0.845s] Level 1:colcon.colcon_core.package_identification:_identify(launch/camera) by extensions ['python_setup_py']
[0.845s] Level 1:colcon.colcon_core.package_identification:_identify(launch/camera) by extension 'python_setup_py'
[0.845s] Level 1:colcon.colcon_core.package_identification:_identify(log) by extensions ['ignore', 'ignore_ament_install']
[0.845s] Level 1:colcon.colcon_core.package_identification:_identify(log) by extension 'ignore'
[0.845s] Level 1:colcon.colcon_core.package_identification:_identify(log) ignored
[0.845s] Level 1:colcon.colcon_core.package_identification:_identify(rosbag) by extensions ['ignore', 'ignore_ament_install']
[0.846s] Level 1:colcon.colcon_core.package_identification:_identify(rosbag) by extension 'ignore'
[0.846s] Level 1:colcon.colcon_core.package_identification:_identify(rosbag) by extension 'ignore_ament_install'
[0.846s] Level 1:colcon.colcon_core.package_identification:_identify(rosbag) by extensions ['colcon_pkg']
[0.846s] Level 1:colcon.colcon_core.package_identification:_identify(rosbag) by extension 'colcon_pkg'
[0.846s] Level 1:colcon.colcon_core.package_identification:_identify(rosbag) by extensions ['colcon_meta']
[0.846s] Level 1:colcon.colcon_core.package_identification:_identify(rosbag) by extension 'colcon_meta'
[0.846s] Level 1:colcon.colcon_core.package_identification:_identify(rosbag) by extensions ['ros']
[0.846s] Level 1:colcon.colcon_core.package_identification:_identify(rosbag) by extension 'ros'
[0.846s] Level 1:colcon.colcon_core.package_identification:_identify(rosbag) by extensions ['cmake', 'python']
[0.846s] Level 1:colcon.colcon_core.package_identification:_identify(rosbag) by extension 'cmake'
[0.846s] Level 1:colcon.colcon_core.package_identification:_identify(rosbag) by extension 'python'
[0.846s] Level 1:colcon.colcon_core.package_identification:_identify(rosbag) by extensions ['python_setup_py']
[0.847s] Level 1:colcon.colcon_core.package_identification:_identify(rosbag) by extension 'python_setup_py'
[0.847s] Level 1:colcon.colcon_core.package_identification:_identify(sandbox) by extensions ['ignore', 'ignore_ament_install']
[0.847s] Level 1:colcon.colcon_core.package_identification:_identify(sandbox) by extension 'ignore'
[0.847s] Level 1:colcon.colcon_core.package_identification:_identify(sandbox) by extension 'ignore_ament_install'
[0.847s] Level 1:colcon.colcon_core.package_identification:_identify(sandbox) by extensions ['colcon_pkg']
[0.847s] Level 1:colcon.colcon_core.package_identification:_identify(sandbox) by extension 'colcon_pkg'
[0.847s] Level 1:colcon.colcon_core.package_identification:_identify(sandbox) by extensions ['colcon_meta']
[0.847s] Level 1:colcon.colcon_core.package_identification:_identify(sandbox) by extension 'colcon_meta'
[0.847s] Level 1:colcon.colcon_core.package_identification:_identify(sandbox) by extensions ['ros']
[0.847s] Level 1:colcon.colcon_core.package_identification:_identify(sandbox) by extension 'ros'
[0.847s] Level 1:colcon.colcon_core.package_identification:_identify(sandbox) by extensions ['cmake', 'python']
[0.847s] Level 1:colcon.colcon_core.package_identification:_identify(sandbox) by extension 'cmake'
[0.847s] Level 1:colcon.colcon_core.package_identification:_identify(sandbox) by extension 'python'
[0.847s] Level 1:colcon.colcon_core.package_identification:_identify(sandbox) by extensions ['python_setup_py']
[0.847s] Level 1:colcon.colcon_core.package_identification:_identify(sandbox) by extension 'python_setup_py'
[0.847s] Level 1:colcon.colcon_core.package_identification:_identify(src) by extensions ['ignore', 'ignore_ament_install']
[0.848s] Level 1:colcon.colcon_core.package_identification:_identify(src) by extension 'ignore'
[0.848s] Level 1:colcon.colcon_core.package_identification:_identify(src) by extension 'ignore_ament_install'
[0.848s] Level 1:colcon.colcon_core.package_identification:_identify(src) by extensions ['colcon_pkg']
[0.848s] Level 1:colcon.colcon_core.package_identification:_identify(src) by extension 'colcon_pkg'
[0.848s] Level 1:colcon.colcon_core.package_identification:_identify(src) by extensions ['colcon_meta']
[0.848s] Level 1:colcon.colcon_core.package_identification:_identify(src) by extension 'colcon_meta'
[0.848s] Level 1:colcon.colcon_core.package_identification:_identify(src) by extensions ['ros']
[0.848s] Level 1:colcon.colcon_core.package_identification:_identify(src) by extension 'ros'
[0.848s] Level 1:colcon.colcon_core.package_identification:_identify(src) by extensions ['cmake', 'python']
[0.848s] Level 1:colcon.colcon_core.package_identification:_identify(src) by extension 'cmake'
[0.848s] Level 1:colcon.colcon_core.package_identification:_identify(src) by extension 'python'
[0.848s] Level 1:colcon.colcon_core.package_identification:_identify(src) by extensions ['python_setup_py']
[0.848s] Level 1:colcon.colcon_core.package_identification:_identify(src) by extension 'python_setup_py'
[0.848s] Level 1:colcon.colcon_core.package_identification:_identify(src/cam_to_image) by extensions ['ignore', 'ignore_ament_install']
[0.848s] Level 1:colcon.colcon_core.package_identification:_identify(src/cam_to_image) by extension 'ignore'
[0.849s] Level 1:colcon.colcon_core.package_identification:_identify(src/cam_to_image) by extension 'ignore_ament_install'
[0.849s] Level 1:colcon.colcon_core.package_identification:_identify(src/cam_to_image) by extensions ['colcon_pkg']
[0.849s] Level 1:colcon.colcon_core.package_identification:_identify(src/cam_to_image) by extension 'colcon_pkg'
[0.849s] Level 1:colcon.colcon_core.package_identification:_identify(src/cam_to_image) by extensions ['colcon_meta']
[0.849s] Level 1:colcon.colcon_core.package_identification:_identify(src/cam_to_image) by extension 'colcon_meta'
[0.849s] Level 1:colcon.colcon_core.package_identification:_identify(src/cam_to_image) by extensions ['ros']
[0.849s] Level 1:colcon.colcon_core.package_identification:_identify(src/cam_to_image) by extension 'ros'
[0.853s] DEBUG:colcon.colcon_core.package_identification:Package 'src/cam_to_image' with type 'ros.ament_cmake' and name 'cam_to_image'
[0.853s] Level 1:colcon.colcon_core.package_identification:_identify(src/crawler_driver) by extensions ['ignore', 'ignore_ament_install']
[0.854s] Level 1:colcon.colcon_core.package_identification:_identify(src/crawler_driver) by extension 'ignore'
[0.854s] Level 1:colcon.colcon_core.package_identification:_identify(src/crawler_driver) by extension 'ignore_ament_install'
[0.854s] Level 1:colcon.colcon_core.package_identification:_identify(src/crawler_driver) by extensions ['colcon_pkg']
[0.854s] Level 1:colcon.colcon_core.package_identification:_identify(src/crawler_driver) by extension 'colcon_pkg'
[0.854s] Level 1:colcon.colcon_core.package_identification:_identify(src/crawler_driver) by extensions ['colcon_meta']
[0.854s] Level 1:colcon.colcon_core.package_identification:_identify(src/crawler_driver) by extension 'colcon_meta'
[0.854s] Level 1:colcon.colcon_core.package_identification:_identify(src/crawler_driver) by extensions ['ros']
[0.854s] Level 1:colcon.colcon_core.package_identification:_identify(src/crawler_driver) by extension 'ros'
[0.855s] DEBUG:colcon.colcon_core.package_identification:Package 'src/crawler_driver' with type 'ros.ament_cmake' and name 'crawler_driver'
[0.855s] Level 1:colcon.colcon_core.package_identification:_identify(src/custom_interfaces) by extensions ['ignore', 'ignore_ament_install']
[0.855s] Level 1:colcon.colcon_core.package_identification:_identify(src/custom_interfaces) by extension 'ignore'
[0.855s] Level 1:colcon.colcon_core.package_identification:_identify(src/custom_interfaces) by extension 'ignore_ament_install'
[0.855s] Level 1:colcon.colcon_core.package_identification:_identify(src/custom_interfaces) by extensions ['colcon_pkg']
[0.855s] Level 1:colcon.colcon_core.package_identification:_identify(src/custom_interfaces) by extension 'colcon_pkg'
[0.855s] Level 1:colcon.colcon_core.package_identification:_identify(src/custom_interfaces) by extensions ['colcon_meta']
[0.855s] Level 1:colcon.colcon_core.package_identification:_identify(src/custom_interfaces) by extension 'colcon_meta'
[0.856s] Level 1:colcon.colcon_core.package_identification:_identify(src/custom_interfaces) by extensions ['ros']
[0.856s] Level 1:colcon.colcon_core.package_identification:_identify(src/custom_interfaces) by extension 'ros'
[0.856s] DEBUG:colcon.colcon_core.package_identification:Package 'src/custom_interfaces' with type 'ros.ament_cmake' and name 'custom_interfaces'
[0.856s] Level 1:colcon.colcon_core.package_identification:_identify(src/eProsima) by extensions ['ignore', 'ignore_ament_install']
[0.857s] Level 1:colcon.colcon_core.package_identification:_identify(src/eProsima) by extension 'ignore'
[0.857s] Level 1:colcon.colcon_core.package_identification:_identify(src/eProsima) by extension 'ignore_ament_install'
[0.857s] Level 1:colcon.colcon_core.package_identification:_identify(src/eProsima) by extensions ['colcon_pkg']
[0.857s] Level 1:colcon.colcon_core.package_identification:_identify(src/eProsima) by extension 'colcon_pkg'
[0.857s] Level 1:colcon.colcon_core.package_identification:_identify(src/eProsima) by extensions ['colcon_meta']
[0.857s] Level 1:colcon.colcon_core.package_identification:_identify(src/eProsima) by extension 'colcon_meta'
[0.857s] Level 1:colcon.colcon_core.package_identification:_identify(src/eProsima) by extensions ['ros']
[0.857s] Level 1:colcon.colcon_core.package_identification:_identify(src/eProsima) by extension 'ros'
[0.857s] Level 1:colcon.colcon_core.package_identification:_identify(src/eProsima) by extensions ['cmake', 'python']
[0.857s] Level 1:colcon.colcon_core.package_identification:_identify(src/eProsima) by extension 'cmake'
[0.857s] Level 1:colcon.colcon_core.package_identification:_identify(src/eProsima) by extension 'python'
[0.857s] Level 1:colcon.colcon_core.package_identification:_identify(src/eProsima) by extensions ['python_setup_py']
[0.857s] Level 1:colcon.colcon_core.package_identification:_identify(src/eProsima) by extension 'python_setup_py'
[0.857s] Level 1:colcon.colcon_core.package_identification:_identify(src/eProsima/Micro-CDR) by extensions ['ignore', 'ignore_ament_install']
[0.857s] Level 1:colcon.colcon_core.package_identification:_identify(src/eProsima/Micro-CDR) by extension 'ignore'
[0.858s] Level 1:colcon.colcon_core.package_identification:_identify(src/eProsima/Micro-CDR) by extension 'ignore_ament_install'
[0.858s] Level 1:colcon.colcon_core.package_identification:_identify(src/eProsima/Micro-CDR) by extensions ['colcon_pkg']
[0.858s] Level 1:colcon.colcon_core.package_identification:_identify(src/eProsima/Micro-CDR) by extension 'colcon_pkg'
[0.858s] Level 1:colcon.colcon_core.package_identification:_identify(src/eProsima/Micro-CDR) by extensions ['colcon_meta']
[0.858s] Level 1:colcon.colcon_core.package_identification:_identify(src/eProsima/Micro-CDR) by extension 'colcon_meta'
[0.858s] Level 1:colcon.colcon_core.package_identification:_identify(src/eProsima/Micro-CDR) by extensions ['ros']
[0.858s] Level 1:colcon.colcon_core.package_identification:_identify(src/eProsima/Micro-CDR) by extension 'ros'
[0.858s] Level 1:colcon.colcon_core.package_identification:_identify(src/eProsima/Micro-CDR) by extensions ['cmake', 'python']
[0.858s] Level 1:colcon.colcon_core.package_identification:_identify(src/eProsima/Micro-CDR) by extension 'cmake'
[0.858s] Level 1:colcon.colcon_core.package_identification:_identify(src/eProsima/Micro-CDR) by extension 'python'
[0.858s] Level 1:colcon.colcon_core.package_identification:_identify(src/eProsima/Micro-CDR) by extensions ['python_setup_py']
[0.858s] Level 1:colcon.colcon_core.package_identification:_identify(src/eProsima/Micro-CDR) by extension 'python_setup_py'
[0.858s] Level 1:colcon.colcon_core.package_identification:_identify(src/eProsima/Micro-XRCE-DDS-Client) by extensions ['ignore', 'ignore_ament_install']
[0.858s] Level 1:colcon.colcon_core.package_identification:_identify(src/eProsima/Micro-XRCE-DDS-Client) by extension 'ignore'
[0.858s] Level 1:colcon.colcon_core.package_identification:_identify(src/eProsima/Micro-XRCE-DDS-Client) by extension 'ignore_ament_install'
[0.858s] Level 1:colcon.colcon_core.package_identification:_identify(src/eProsima/Micro-XRCE-DDS-Client) by extensions ['colcon_pkg']
[0.858s] Level 1:colcon.colcon_core.package_identification:_identify(src/eProsima/Micro-XRCE-DDS-Client) by extension 'colcon_pkg'
[0.858s] Level 1:colcon.colcon_core.package_identification:_identify(src/eProsima/Micro-XRCE-DDS-Client) by extensions ['colcon_meta']
[0.858s] Level 1:colcon.colcon_core.package_identification:_identify(src/eProsima/Micro-XRCE-DDS-Client) by extension 'colcon_meta'
[0.858s] Level 1:colcon.colcon_core.package_identification:_identify(src/eProsima/Micro-XRCE-DDS-Client) by extensions ['ros']
[0.858s] Level 1:colcon.colcon_core.package_identification:_identify(src/eProsima/Micro-XRCE-DDS-Client) by extension 'ros'
[0.859s] Level 1:colcon.colcon_core.package_identification:_identify(src/eProsima/Micro-XRCE-DDS-Client) by extensions ['cmake', 'python']
[0.859s] Level 1:colcon.colcon_core.package_identification:_identify(src/eProsima/Micro-XRCE-DDS-Client) by extension 'cmake'
[0.859s] Level 1:colcon.colcon_core.package_identification:_identify(src/eProsima/Micro-XRCE-DDS-Client) by extension 'python'
[0.859s] Level 1:colcon.colcon_core.package_identification:_identify(src/eProsima/Micro-XRCE-DDS-Client) by extensions ['python_setup_py']
[0.859s] Level 1:colcon.colcon_core.package_identification:_identify(src/eProsima/Micro-XRCE-DDS-Client) by extension 'python_setup_py'
[0.859s] Level 1:colcon.colcon_core.package_identification:_identify(src/flipper_driver) by extensions ['ignore', 'ignore_ament_install']
[0.859s] Level 1:colcon.colcon_core.package_identification:_identify(src/flipper_driver) by extension 'ignore'
[0.859s] Level 1:colcon.colcon_core.package_identification:_identify(src/flipper_driver) by extension 'ignore_ament_install'
[0.859s] Level 1:colcon.colcon_core.package_identification:_identify(src/flipper_driver) by extensions ['colcon_pkg']
[0.859s] Level 1:colcon.colcon_core.package_identification:_identify(src/flipper_driver) by extension 'colcon_pkg'
[0.859s] Level 1:colcon.colcon_core.package_identification:_identify(src/flipper_driver) by extensions ['colcon_meta']
[0.859s] Level 1:colcon.colcon_core.package_identification:_identify(src/flipper_driver) by extension 'colcon_meta'
[0.859s] Level 1:colcon.colcon_core.package_identification:_identify(src/flipper_driver) by extensions ['ros']
[0.859s] Level 1:colcon.colcon_core.package_identification:_identify(src/flipper_driver) by extension 'ros'
[0.860s] DEBUG:colcon.colcon_core.package_identification:Package 'src/flipper_driver' with type 'ros.ament_cmake' and name 'flipper_driver'
[0.860s] Level 1:colcon.colcon_core.package_identification:_identify(src/joy_driver) by extensions ['ignore', 'ignore_ament_install']
[0.861s] Level 1:colcon.colcon_core.package_identification:_identify(src/joy_driver) by extension 'ignore'
[0.861s] Level 1:colcon.colcon_core.package_identification:_identify(src/joy_driver) by extension 'ignore_ament_install'
[0.861s] Level 1:colcon.colcon_core.package_identification:_identify(src/joy_driver) by extensions ['colcon_pkg']
[0.861s] Level 1:colcon.colcon_core.package_identification:_identify(src/joy_driver) by extension 'colcon_pkg'
[0.861s] Level 1:colcon.colcon_core.package_identification:_identify(src/joy_driver) by extensions ['colcon_meta']
[0.861s] Level 1:colcon.colcon_core.package_identification:_identify(src/joy_driver) by extension 'colcon_meta'
[0.861s] Level 1:colcon.colcon_core.package_identification:_identify(src/joy_driver) by extensions ['ros']
[0.861s] Level 1:colcon.colcon_core.package_identification:_identify(src/joy_driver) by extension 'ros'
[0.862s] DEBUG:colcon.colcon_core.package_identification:Package 'src/joy_driver' with type 'ros.ament_cmake' and name 'joy_driver'
[0.862s] Level 1:colcon.colcon_core.package_identification:_identify(src/micro_ros_setup) by extensions ['ignore', 'ignore_ament_install']
[0.862s] Level 1:colcon.colcon_core.package_identification:_identify(src/micro_ros_setup) by extension 'ignore'
[0.862s] Level 1:colcon.colcon_core.package_identification:_identify(src/micro_ros_setup) by extension 'ignore_ament_install'
[0.862s] Level 1:colcon.colcon_core.package_identification:_identify(src/micro_ros_setup) by extensions ['colcon_pkg']
[0.862s] Level 1:colcon.colcon_core.package_identification:_identify(src/micro_ros_setup) by extension 'colcon_pkg'
[0.862s] Level 1:colcon.colcon_core.package_identification:_identify(src/micro_ros_setup) by extensions ['colcon_meta']
[0.862s] Level 1:colcon.colcon_core.package_identification:_identify(src/micro_ros_setup) by extension 'colcon_meta'
[0.862s] Level 1:colcon.colcon_core.package_identification:_identify(src/micro_ros_setup) by extensions ['ros']
[0.862s] Level 1:colcon.colcon_core.package_identification:_identify(src/micro_ros_setup) by extension 'ros'
[0.862s] Level 1:colcon.colcon_core.package_identification:_identify(src/micro_ros_setup) by extensions ['cmake', 'python']
[0.862s] Level 1:colcon.colcon_core.package_identification:_identify(src/micro_ros_setup) by extension 'cmake'
[0.862s] Level 1:colcon.colcon_core.package_identification:_identify(src/micro_ros_setup) by extension 'python'
[0.862s] Level 1:colcon.colcon_core.package_identification:_identify(src/micro_ros_setup) by extensions ['python_setup_py']
[0.862s] Level 1:colcon.colcon_core.package_identification:_identify(src/micro_ros_setup) by extension 'python_setup_py'
[0.862s] Level 1:colcon.colcon_core.package_identification:_identify(src/operator) by extensions ['ignore', 'ignore_ament_install']
[0.862s] Level 1:colcon.colcon_core.package_identification:_identify(src/operator) by extension 'ignore'
[0.862s] Level 1:colcon.colcon_core.package_identification:_identify(src/operator) by extension 'ignore_ament_install'
[0.863s] Level 1:colcon.colcon_core.package_identification:_identify(src/operator) by extensions ['colcon_pkg']
[0.863s] Level 1:colcon.colcon_core.package_identification:_identify(src/operator) by extension 'colcon_pkg'
[0.863s] Level 1:colcon.colcon_core.package_identification:_identify(src/operator) by extensions ['colcon_meta']
[0.863s] Level 1:colcon.colcon_core.package_identification:_identify(src/operator) by extension 'colcon_meta'
[0.863s] Level 1:colcon.colcon_core.package_identification:_identify(src/operator) by extensions ['ros']
[0.863s] Level 1:colcon.colcon_core.package_identification:_identify(src/operator) by extension 'ros'
[0.863s] DEBUG:colcon.colcon_core.package_identification:Package 'src/operator' with type 'ros.ament_cmake' and name 'operator'
[0.863s] Level 1:colcon.colcon_core.package_identification:_identify(src/qrcode_reader) by extensions ['ignore', 'ignore_ament_install']
[0.864s] Level 1:colcon.colcon_core.package_identification:_identify(src/qrcode_reader) by extension 'ignore'
[0.864s] Level 1:colcon.colcon_core.package_identification:_identify(src/qrcode_reader) by extension 'ignore_ament_install'
[0.864s] Level 1:colcon.colcon_core.package_identification:_identify(src/qrcode_reader) by extensions ['colcon_pkg']
[0.864s] Level 1:colcon.colcon_core.package_identification:_identify(src/qrcode_reader) by extension 'colcon_pkg'
[0.864s] Level 1:colcon.colcon_core.package_identification:_identify(src/qrcode_reader) by extensions ['colcon_meta']
[0.864s] Level 1:colcon.colcon_core.package_identification:_identify(src/qrcode_reader) by extension 'colcon_meta'
[0.864s] Level 1:colcon.colcon_core.package_identification:_identify(src/qrcode_reader) by extensions ['ros']
[0.864s] Level 1:colcon.colcon_core.package_identification:_identify(src/qrcode_reader) by extension 'ros'
[0.864s] DEBUG:colcon.colcon_core.package_identification:Package 'src/qrcode_reader' with type 'ros.ament_cmake' and name 'qrcode_reader'
[0.864s] Level 1:colcon.colcon_core.package_identification:_identify(src/ros2) by extensions ['ignore', 'ignore_ament_install']
[0.865s] Level 1:colcon.colcon_core.package_identification:_identify(src/ros2) by extension 'ignore'
[0.865s] Level 1:colcon.colcon_core.package_identification:_identify(src/ros2) by extension 'ignore_ament_install'
[0.865s] Level 1:colcon.colcon_core.package_identification:_identify(src/ros2) by extensions ['colcon_pkg']
[0.865s] Level 1:colcon.colcon_core.package_identification:_identify(src/ros2) by extension 'colcon_pkg'
[0.865s] Level 1:colcon.colcon_core.package_identification:_identify(src/ros2) by extensions ['colcon_meta']
[0.865s] Level 1:colcon.colcon_core.package_identification:_identify(src/ros2) by extension 'colcon_meta'
[0.865s] Level 1:colcon.colcon_core.package_identification:_identify(src/ros2) by extensions ['ros']
[0.865s] Level 1:colcon.colcon_core.package_identification:_identify(src/ros2) by extension 'ros'
[0.865s] Level 1:colcon.colcon_core.package_identification:_identify(src/ros2) by extensions ['cmake', 'python']
[0.865s] Level 1:colcon.colcon_core.package_identification:_identify(src/ros2) by extension 'cmake'
[0.865s] Level 1:colcon.colcon_core.package_identification:_identify(src/ros2) by extension 'python'
[0.865s] Level 1:colcon.colcon_core.package_identification:_identify(src/ros2) by extensions ['python_setup_py']
[0.865s] Level 1:colcon.colcon_core.package_identification:_identify(src/ros2) by extension 'python_setup_py'
[0.865s] Level 1:colcon.colcon_core.package_identification:_identify(src/ros2/common_interfaces) by extensions ['ignore', 'ignore_ament_install']
[0.865s] Level 1:colcon.colcon_core.package_identification:_identify(src/ros2/common_interfaces) by extension 'ignore'
[0.865s] Level 1:colcon.colcon_core.package_identification:_identify(src/ros2/common_interfaces) by extension 'ignore_ament_install'
[0.865s] Level 1:colcon.colcon_core.package_identification:_identify(src/ros2/common_interfaces) by extensions ['colcon_pkg']
[0.865s] Level 1:colcon.colcon_core.package_identification:_identify(src/ros2/common_interfaces) by extension 'colcon_pkg'
[0.866s] Level 1:colcon.colcon_core.package_identification:_identify(src/ros2/common_interfaces) by extensions ['colcon_meta']
[0.866s] Level 1:colcon.colcon_core.package_identification:_identify(src/ros2/common_interfaces) by extension 'colcon_meta'
[0.866s] Level 1:colcon.colcon_core.package_identification:_identify(src/ros2/common_interfaces) by extensions ['ros']
[0.866s] Level 1:colcon.colcon_core.package_identification:_identify(src/ros2/common_interfaces) by extension 'ros'
[0.866s] Level 1:colcon.colcon_core.package_identification:_identify(src/ros2/common_interfaces) by extensions ['cmake', 'python']
[0.866s] Level 1:colcon.colcon_core.package_identification:_identify(src/ros2/common_interfaces) by extension 'cmake'
[0.866s] Level 1:colcon.colcon_core.package_identification:_identify(src/ros2/common_interfaces) by extension 'python'
[0.866s] Level 1:colcon.colcon_core.package_identification:_identify(src/ros2/common_interfaces) by extensions ['python_setup_py']
[0.866s] Level 1:colcon.colcon_core.package_identification:_identify(src/ros2/common_interfaces) by extension 'python_setup_py'
[0.866s] Level 1:colcon.colcon_core.package_identification:_identify(src/ros2/example_interfaces) by extensions ['ignore', 'ignore_ament_install']
[0.866s] Level 1:colcon.colcon_core.package_identification:_identify(src/ros2/example_interfaces) by extension 'ignore'
[0.866s] Level 1:colcon.colcon_core.package_identification:_identify(src/ros2/example_interfaces) by extension 'ignore_ament_install'
[0.866s] Level 1:colcon.colcon_core.package_identification:_identify(src/ros2/example_interfaces) by extensions ['colcon_pkg']
[0.866s] Level 1:colcon.colcon_core.package_identification:_identify(src/ros2/example_interfaces) by extension 'colcon_pkg'
[0.866s] Level 1:colcon.colcon_core.package_identification:_identify(src/ros2/example_interfaces) by extensions ['colcon_meta']
[0.866s] Level 1:colcon.colcon_core.package_identification:_identify(src/ros2/example_interfaces) by extension 'colcon_meta'
[0.866s] Level 1:colcon.colcon_core.package_identification:_identify(src/ros2/example_interfaces) by extensions ['ros']
[0.866s] Level 1:colcon.colcon_core.package_identification:_identify(src/ros2/example_interfaces) by extension 'ros'
[0.866s] Level 1:colcon.colcon_core.package_identification:_identify(src/ros2/example_interfaces) by extensions ['cmake', 'python']
[0.866s] Level 1:colcon.colcon_core.package_identification:_identify(src/ros2/example_interfaces) by extension 'cmake'
[0.866s] Level 1:colcon.colcon_core.package_identification:_identify(src/ros2/example_interfaces) by extension 'python'
[0.866s] Level 1:colcon.colcon_core.package_identification:_identify(src/ros2/example_interfaces) by extensions ['python_setup_py']
[0.866s] Level 1:colcon.colcon_core.package_identification:_identify(src/ros2/example_interfaces) by extension 'python_setup_py'
[0.867s] Level 1:colcon.colcon_core.package_identification:_identify(src/ros2/rcl_interfaces) by extensions ['ignore', 'ignore_ament_install']
[0.867s] Level 1:colcon.colcon_core.package_identification:_identify(src/ros2/rcl_interfaces) by extension 'ignore'
[0.867s] Level 1:colcon.colcon_core.package_identification:_identify(src/ros2/rcl_interfaces) by extension 'ignore_ament_install'
[0.867s] Level 1:colcon.colcon_core.package_identification:_identify(src/ros2/rcl_interfaces) by extensions ['colcon_pkg']
[0.867s] Level 1:colcon.colcon_core.package_identification:_identify(src/ros2/rcl_interfaces) by extension 'colcon_pkg'
[0.867s] Level 1:colcon.colcon_core.package_identification:_identify(src/ros2/rcl_interfaces) by extensions ['colcon_meta']
[0.867s] Level 1:colcon.colcon_core.package_identification:_identify(src/ros2/rcl_interfaces) by extension 'colcon_meta'
[0.867s] Level 1:colcon.colcon_core.package_identification:_identify(src/ros2/rcl_interfaces) by extensions ['ros']
[0.867s] Level 1:colcon.colcon_core.package_identification:_identify(src/ros2/rcl_interfaces) by extension 'ros'
[0.867s] Level 1:colcon.colcon_core.package_identification:_identify(src/ros2/rcl_interfaces) by extensions ['cmake', 'python']
[0.867s] Level 1:colcon.colcon_core.package_identification:_identify(src/ros2/rcl_interfaces) by extension 'cmake'
[0.867s] Level 1:colcon.colcon_core.package_identification:_identify(src/ros2/rcl_interfaces) by extension 'python'
[0.867s] Level 1:colcon.colcon_core.package_identification:_identify(src/ros2/rcl_interfaces) by extensions ['python_setup_py']
[0.867s] Level 1:colcon.colcon_core.package_identification:_identify(src/ros2/rcl_interfaces) by extension 'python_setup_py'
[0.867s] Level 1:colcon.colcon_core.package_identification:_identify(src/ros2/test_interface_files) by extensions ['ignore', 'ignore_ament_install']
[0.867s] Level 1:colcon.colcon_core.package_identification:_identify(src/ros2/test_interface_files) by extension 'ignore'
[0.867s] Level 1:colcon.colcon_core.package_identification:_identify(src/ros2/test_interface_files) by extension 'ignore_ament_install'
[0.867s] Level 1:colcon.colcon_core.package_identification:_identify(src/ros2/test_interface_files) by extensions ['colcon_pkg']
[0.868s] Level 1:colcon.colcon_core.package_identification:_identify(src/ros2/test_interface_files) by extension 'colcon_pkg'
[0.868s] Level 1:colcon.colcon_core.package_identification:_identify(src/ros2/test_interface_files) by extensions ['colcon_meta']
[0.868s] Level 1:colcon.colcon_core.package_identification:_identify(src/ros2/test_interface_files) by extension 'colcon_meta'
[0.868s] Level 1:colcon.colcon_core.package_identification:_identify(src/ros2/test_interface_files) by extensions ['ros']
[0.868s] Level 1:colcon.colcon_core.package_identification:_identify(src/ros2/test_interface_files) by extension 'ros'
[0.868s] Level 1:colcon.colcon_core.package_identification:_identify(src/ros2/test_interface_files) by extensions ['cmake', 'python']
[0.868s] Level 1:colcon.colcon_core.package_identification:_identify(src/ros2/test_interface_files) by extension 'cmake'
[0.868s] Level 1:colcon.colcon_core.package_identification:_identify(src/ros2/test_interface_files) by extension 'python'
[0.868s] Level 1:colcon.colcon_core.package_identification:_identify(src/ros2/test_interface_files) by extensions ['python_setup_py']
[0.868s] Level 1:colcon.colcon_core.package_identification:_identify(src/ros2/test_interface_files) by extension 'python_setup_py'
[0.868s] Level 1:colcon.colcon_core.package_identification:_identify(src/ros2/unique_identifier_msgs) by extensions ['ignore', 'ignore_ament_install']
[0.868s] Level 1:colcon.colcon_core.package_identification:_identify(src/ros2/unique_identifier_msgs) by extension 'ignore'
[0.868s] Level 1:colcon.colcon_core.package_identification:_identify(src/ros2/unique_identifier_msgs) by extension 'ignore_ament_install'
[0.868s] Level 1:colcon.colcon_core.package_identification:_identify(src/ros2/unique_identifier_msgs) by extensions ['colcon_pkg']
[0.868s] Level 1:colcon.colcon_core.package_identification:_identify(src/ros2/unique_identifier_msgs) by extension 'colcon_pkg'
[0.868s] Level 1:colcon.colcon_core.package_identification:_identify(src/ros2/unique_identifier_msgs) by extensions ['colcon_meta']
[0.868s] Level 1:colcon.colcon_core.package_identification:_identify(src/ros2/unique_identifier_msgs) by extension 'colcon_meta'
[0.868s] Level 1:colcon.colcon_core.package_identification:_identify(src/ros2/unique_identifier_msgs) by extensions ['ros']
[0.868s] Level 1:colcon.colcon_core.package_identification:_identify(src/ros2/unique_identifier_msgs) by extension 'ros'
[0.868s] Level 1:colcon.colcon_core.package_identification:_identify(src/ros2/unique_identifier_msgs) by extensions ['cmake', 'python']
[0.868s] Level 1:colcon.colcon_core.package_identification:_identify(src/ros2/unique_identifier_msgs) by extension 'cmake'
[0.868s] Level 1:colcon.colcon_core.package_identification:_identify(src/ros2/unique_identifier_msgs) by extension 'python'
[0.869s] Level 1:colcon.colcon_core.package_identification:_identify(src/ros2/unique_identifier_msgs) by extensions ['python_setup_py']
[0.869s] Level 1:colcon.colcon_core.package_identification:_identify(src/ros2/unique_identifier_msgs) by extension 'python_setup_py'
[0.869s] Level 1:colcon.colcon_core.package_identification:_identify(src/sekirei_moveit_config) by extensions ['ignore', 'ignore_ament_install']
[0.869s] Level 1:colcon.colcon_core.package_identification:_identify(src/sekirei_moveit_config) by extension 'ignore'
[0.869s] Level 1:colcon.colcon_core.package_identification:_identify(src/sekirei_moveit_config) by extension 'ignore_ament_install'
[0.869s] Level 1:colcon.colcon_core.package_identification:_identify(src/sekirei_moveit_config) by extensions ['colcon_pkg']
[0.869s] Level 1:colcon.colcon_core.package_identification:_identify(src/sekirei_moveit_config) by extension 'colcon_pkg'
[0.869s] Level 1:colcon.colcon_core.package_identification:_identify(src/sekirei_moveit_config) by extensions ['colcon_meta']
[0.869s] Level 1:colcon.colcon_core.package_identification:_identify(src/sekirei_moveit_config) by extension 'colcon_meta'
[0.869s] Level 1:colcon.colcon_core.package_identification:_identify(src/sekirei_moveit_config) by extensions ['ros']
[0.869s] Level 1:colcon.colcon_core.package_identification:_identify(src/sekirei_moveit_config) by extension 'ros'
[0.870s] DEBUG:colcon.colcon_core.package_identification:Package 'src/sekirei_moveit_config' with type 'ros.ament_cmake' and name 'sekirei_moveit_config'
[0.870s] Level 1:colcon.colcon_core.package_identification:_identify(src/urdf_test_node) by extensions ['ignore', 'ignore_ament_install']
[0.870s] Level 1:colcon.colcon_core.package_identification:_identify(src/urdf_test_node) by extension 'ignore'
[0.870s] Level 1:colcon.colcon_core.package_identification:_identify(src/urdf_test_node) by extension 'ignore_ament_install'
[0.870s] Level 1:colcon.colcon_core.package_identification:_identify(src/urdf_test_node) by extensions ['colcon_pkg']
[0.870s] Level 1:colcon.colcon_core.package_identification:_identify(src/urdf_test_node) by extension 'colcon_pkg'
[0.870s] Level 1:colcon.colcon_core.package_identification:_identify(src/urdf_test_node) by extensions ['colcon_meta']
[0.870s] Level 1:colcon.colcon_core.package_identification:_identify(src/urdf_test_node) by extension 'colcon_meta'
[0.870s] Level 1:colcon.colcon_core.package_identification:_identify(src/urdf_test_node) by extensions ['ros']
[0.871s] Level 1:colcon.colcon_core.package_identification:_identify(src/urdf_test_node) by extension 'ros'
[0.871s] DEBUG:colcon.colcon_core.package_identification:Package 'src/urdf_test_node' with type 'ros.ament_cmake' and name 'urdf_test_node'
[0.871s] Level 1:colcon.colcon_core.package_identification:_identify(src/uros) by extensions ['ignore', 'ignore_ament_install']
[0.871s] Level 1:colcon.colcon_core.package_identification:_identify(src/uros) by extension 'ignore'
[0.871s] Level 1:colcon.colcon_core.package_identification:_identify(src/uros) by extension 'ignore_ament_install'
[0.871s] Level 1:colcon.colcon_core.package_identification:_identify(src/uros) by extensions ['colcon_pkg']
[0.871s] Level 1:colcon.colcon_core.package_identification:_identify(src/uros) by extension 'colcon_pkg'
[0.871s] Level 1:colcon.colcon_core.package_identification:_identify(src/uros) by extensions ['colcon_meta']
[0.872s] Level 1:colcon.colcon_core.package_identification:_identify(src/uros) by extension 'colcon_meta'
[0.872s] Level 1:colcon.colcon_core.package_identification:_identify(src/uros) by extensions ['ros']
[0.872s] Level 1:colcon.colcon_core.package_identification:_identify(src/uros) by extension 'ros'
[0.872s] Level 1:colcon.colcon_core.package_identification:_identify(src/uros) by extensions ['cmake', 'python']
[0.872s] Level 1:colcon.colcon_core.package_identification:_identify(src/uros) by extension 'cmake'
[0.872s] Level 1:colcon.colcon_core.package_identification:_identify(src/uros) by extension 'python'
[0.872s] Level 1:colcon.colcon_core.package_identification:_identify(src/uros) by extensions ['python_setup_py']
[0.872s] Level 1:colcon.colcon_core.package_identification:_identify(src/uros) by extension 'python_setup_py'
[0.872s] Level 1:colcon.colcon_core.package_identification:_identify(src/uros/drive_base) by extensions ['ignore', 'ignore_ament_install']
[0.872s] Level 1:colcon.colcon_core.package_identification:_identify(src/uros/drive_base) by extension 'ignore'
[0.872s] Level 1:colcon.colcon_core.package_identification:_identify(src/uros/drive_base) by extension 'ignore_ament_install'
[0.872s] Level 1:colcon.colcon_core.package_identification:_identify(src/uros/drive_base) by extensions ['colcon_pkg']
[0.873s] Level 1:colcon.colcon_core.package_identification:_identify(src/uros/drive_base) by extension 'colcon_pkg'
[0.873s] Level 1:colcon.colcon_core.package_identification:_identify(src/uros/drive_base) by extensions ['colcon_meta']
[0.873s] Level 1:colcon.colcon_core.package_identification:_identify(src/uros/drive_base) by extension 'colcon_meta'
[0.873s] Level 1:colcon.colcon_core.package_identification:_identify(src/uros/drive_base) by extensions ['ros']
[0.873s] Level 1:colcon.colcon_core.package_identification:_identify(src/uros/drive_base) by extension 'ros'
[0.873s] Level 1:colcon.colcon_core.package_identification:_identify(src/uros/drive_base) by extensions ['cmake', 'python']
[0.873s] Level 1:colcon.colcon_core.package_identification:_identify(src/uros/drive_base) by extension 'cmake'
[0.873s] Level 1:colcon.colcon_core.package_identification:_identify(src/uros/drive_base) by extension 'python'
[0.873s] Level 1:colcon.colcon_core.package_identification:_identify(src/uros/drive_base) by extensions ['python_setup_py']
[0.873s] Level 1:colcon.colcon_core.package_identification:_identify(src/uros/drive_base) by extension 'python_setup_py'
[0.873s] Level 1:colcon.colcon_core.package_identification:_identify(src/uros/micro-ROS-Agent) by extensions ['ignore', 'ignore_ament_install']
[0.873s] Level 1:colcon.colcon_core.package_identification:_identify(src/uros/micro-ROS-Agent) by extension 'ignore'
[0.873s] Level 1:colcon.colcon_core.package_identification:_identify(src/uros/micro-ROS-Agent) by extension 'ignore_ament_install'
[0.874s] Level 1:colcon.colcon_core.package_identification:_identify(src/uros/micro-ROS-Agent) by extensions ['colcon_pkg']
[0.874s] Level 1:colcon.colcon_core.package_identification:_identify(src/uros/micro-ROS-Agent) by extension 'colcon_pkg'
[0.874s] Level 1:colcon.colcon_core.package_identification:_identify(src/uros/micro-ROS-Agent) by extensions ['colcon_meta']
[0.874s] Level 1:colcon.colcon_core.package_identification:_identify(src/uros/micro-ROS-Agent) by extension 'colcon_meta'
[0.874s] Level 1:colcon.colcon_core.package_identification:_identify(src/uros/micro-ROS-Agent) by extensions ['ros']
[0.874s] Level 1:colcon.colcon_core.package_identification:_identify(src/uros/micro-ROS-Agent) by extension 'ros'
[0.874s] Level 1:colcon.colcon_core.package_identification:_identify(src/uros/micro-ROS-Agent) by extensions ['cmake', 'python']
[0.874s] Level 1:colcon.colcon_core.package_identification:_identify(src/uros/micro-ROS-Agent) by extension 'cmake'
[0.874s] Level 1:colcon.colcon_core.package_identification:_identify(src/uros/micro-ROS-Agent) by extension 'python'
[0.874s] Level 1:colcon.colcon_core.package_identification:_identify(src/uros/micro-ROS-Agent) by extensions ['python_setup_py']
[0.874s] Level 1:colcon.colcon_core.package_identification:_identify(src/uros/micro-ROS-Agent) by extension 'python_setup_py'
[0.874s] Level 1:colcon.colcon_core.package_identification:_identify(src/uros/micro-ROS-demos) by extensions ['ignore', 'ignore_ament_install']
[0.874s] Level 1:colcon.colcon_core.package_identification:_identify(src/uros/micro-ROS-demos) by extension 'ignore'
[0.875s] Level 1:colcon.colcon_core.package_identification:_identify(src/uros/micro-ROS-demos) by extension 'ignore_ament_install'
[0.875s] Level 1:colcon.colcon_core.package_identification:_identify(src/uros/micro-ROS-demos) by extensions ['colcon_pkg']
[0.875s] Level 1:colcon.colcon_core.package_identification:_identify(src/uros/micro-ROS-demos) by extension 'colcon_pkg'
[0.875s] Level 1:colcon.colcon_core.package_identification:_identify(src/uros/micro-ROS-demos) by extensions ['colcon_meta']
[0.875s] Level 1:colcon.colcon_core.package_identification:_identify(src/uros/micro-ROS-demos) by extension 'colcon_meta'
[0.875s] Level 1:colcon.colcon_core.package_identification:_identify(src/uros/micro-ROS-demos) by extensions ['ros']
[0.875s] Level 1:colcon.colcon_core.package_identification:_identify(src/uros/micro-ROS-demos) by extension 'ros'
[0.875s] Level 1:colcon.colcon_core.package_identification:_identify(src/uros/micro-ROS-demos) by extensions ['cmake', 'python']
[0.875s] Level 1:colcon.colcon_core.package_identification:_identify(src/uros/micro-ROS-demos) by extension 'cmake'
[0.875s] Level 1:colcon.colcon_core.package_identification:_identify(src/uros/micro-ROS-demos) by extension 'python'
[0.875s] Level 1:colcon.colcon_core.package_identification:_identify(src/uros/micro-ROS-demos) by extensions ['python_setup_py']
[0.875s] Level 1:colcon.colcon_core.package_identification:_identify(src/uros/micro-ROS-demos) by extension 'python_setup_py'
[0.875s] Level 1:colcon.colcon_core.package_identification:_identify(src/uros/micro_ros_msgs) by extensions ['ignore', 'ignore_ament_install']
[0.875s] Level 1:colcon.colcon_core.package_identification:_identify(src/uros/micro_ros_msgs) by extension 'ignore'
[0.875s] Level 1:colcon.colcon_core.package_identification:_identify(src/uros/micro_ros_msgs) by extension 'ignore_ament_install'
[0.875s] Level 1:colcon.colcon_core.package_identification:_identify(src/uros/micro_ros_msgs) by extensions ['colcon_pkg']
[0.875s] Level 1:colcon.colcon_core.package_identification:_identify(src/uros/micro_ros_msgs) by extension 'colcon_pkg'
[0.875s] Level 1:colcon.colcon_core.package_identification:_identify(src/uros/micro_ros_msgs) by extensions ['colcon_meta']
[0.875s] Level 1:colcon.colcon_core.package_identification:_identify(src/uros/micro_ros_msgs) by extension 'colcon_meta'
[0.876s] Level 1:colcon.colcon_core.package_identification:_identify(src/uros/micro_ros_msgs) by extensions ['ros']
[0.876s] Level 1:colcon.colcon_core.package_identification:_identify(src/uros/micro_ros_msgs) by extension 'ros'
[0.876s] Level 1:colcon.colcon_core.package_identification:_identify(src/uros/micro_ros_msgs) by extensions ['cmake', 'python']
[0.876s] Level 1:colcon.colcon_core.package_identification:_identify(src/uros/micro_ros_msgs) by extension 'cmake'
[0.876s] Level 1:colcon.colcon_core.package_identification:_identify(src/uros/micro_ros_msgs) by extension 'python'
[0.876s] Level 1:colcon.colcon_core.package_identification:_identify(src/uros/micro_ros_msgs) by extensions ['python_setup_py']
[0.876s] Level 1:colcon.colcon_core.package_identification:_identify(src/uros/micro_ros_msgs) by extension 'python_setup_py'
[0.876s] Level 1:colcon.colcon_core.package_identification:_identify(src/uros/micro_ros_utilities) by extensions ['ignore', 'ignore_ament_install']
[0.876s] Level 1:colcon.colcon_core.package_identification:_identify(src/uros/micro_ros_utilities) by extension 'ignore'
[0.876s] Level 1:colcon.colcon_core.package_identification:_identify(src/uros/micro_ros_utilities) by extension 'ignore_ament_install'
[0.876s] Level 1:colcon.colcon_core.package_identification:_identify(src/uros/micro_ros_utilities) by extensions ['colcon_pkg']
[0.876s] Level 1:colcon.colcon_core.package_identification:_identify(src/uros/micro_ros_utilities) by extension 'colcon_pkg'
[0.876s] Level 1:colcon.colcon_core.package_identification:_identify(src/uros/micro_ros_utilities) by extensions ['colcon_meta']
[0.876s] Level 1:colcon.colcon_core.package_identification:_identify(src/uros/micro_ros_utilities) by extension 'colcon_meta'
[0.876s] Level 1:colcon.colcon_core.package_identification:_identify(src/uros/micro_ros_utilities) by extensions ['ros']
[0.876s] Level 1:colcon.colcon_core.package_identification:_identify(src/uros/micro_ros_utilities) by extension 'ros'
[0.876s] Level 1:colcon.colcon_core.package_identification:_identify(src/uros/micro_ros_utilities) by extensions ['cmake', 'python']
[0.876s] Level 1:colcon.colcon_core.package_identification:_identify(src/uros/micro_ros_utilities) by extension 'cmake'
[0.876s] Level 1:colcon.colcon_core.package_identification:_identify(src/uros/micro_ros_utilities) by extension 'python'
[0.877s] Level 1:colcon.colcon_core.package_identification:_identify(src/uros/micro_ros_utilities) by extensions ['python_setup_py']
[0.877s] Level 1:colcon.colcon_core.package_identification:_identify(src/uros/micro_ros_utilities) by extension 'python_setup_py'
[0.877s] Level 1:colcon.colcon_core.package_identification:_identify(src/uros/rclc) by extensions ['ignore', 'ignore_ament_install']
[0.877s] Level 1:colcon.colcon_core.package_identification:_identify(src/uros/rclc) by extension 'ignore'
[0.877s] Level 1:colcon.colcon_core.package_identification:_identify(src/uros/rclc) by extension 'ignore_ament_install'
[0.877s] Level 1:colcon.colcon_core.package_identification:_identify(src/uros/rclc) by extensions ['colcon_pkg']
[0.877s] Level 1:colcon.colcon_core.package_identification:_identify(src/uros/rclc) by extension 'colcon_pkg'
[0.877s] Level 1:colcon.colcon_core.package_identification:_identify(src/uros/rclc) by extensions ['colcon_meta']
[0.877s] Level 1:colcon.colcon_core.package_identification:_identify(src/uros/rclc) by extension 'colcon_meta'
[0.877s] Level 1:colcon.colcon_core.package_identification:_identify(src/uros/rclc) by extensions ['ros']
[0.877s] Level 1:colcon.colcon_core.package_identification:_identify(src/uros/rclc) by extension 'ros'
[0.877s] Level 1:colcon.colcon_core.package_identification:_identify(src/uros/rclc) by extensions ['cmake', 'python']
[0.877s] Level 1:colcon.colcon_core.package_identification:_identify(src/uros/rclc) by extension 'cmake'
[0.877s] Level 1:colcon.colcon_core.package_identification:_identify(src/uros/rclc) by extension 'python'
[0.877s] Level 1:colcon.colcon_core.package_identification:_identify(src/uros/rclc) by extensions ['python_setup_py']
[0.877s] Level 1:colcon.colcon_core.package_identification:_identify(src/uros/rclc) by extension 'python_setup_py'
[0.877s] Level 1:colcon.colcon_core.package_identification:_identify(src/uros/rmw_microxrcedds) by extensions ['ignore', 'ignore_ament_install']
[0.877s] Level 1:colcon.colcon_core.package_identification:_identify(src/uros/rmw_microxrcedds) by extension 'ignore'
[0.877s] Level 1:colcon.colcon_core.package_identification:_identify(src/uros/rmw_microxrcedds) by extension 'ignore_ament_install'
[0.878s] Level 1:colcon.colcon_core.package_identification:_identify(src/uros/rmw_microxrcedds) by extensions ['colcon_pkg']
[0.878s] Level 1:colcon.colcon_core.package_identification:_identify(src/uros/rmw_microxrcedds) by extension 'colcon_pkg'
[0.878s] Level 1:colcon.colcon_core.package_identification:_identify(src/uros/rmw_microxrcedds) by extensions ['colcon_meta']
[0.878s] Level 1:colcon.colcon_core.package_identification:_identify(src/uros/rmw_microxrcedds) by extension 'colcon_meta'
[0.878s] Level 1:colcon.colcon_core.package_identification:_identify(src/uros/rmw_microxrcedds) by extensions ['ros']
[0.878s] Level 1:colcon.colcon_core.package_identification:_identify(src/uros/rmw_microxrcedds) by extension 'ros'
[0.878s] Level 1:colcon.colcon_core.package_identification:_identify(src/uros/rmw_microxrcedds) by extensions ['cmake', 'python']
[0.878s] Level 1:colcon.colcon_core.package_identification:_identify(src/uros/rmw_microxrcedds) by extension 'cmake'
[0.878s] Level 1:colcon.colcon_core.package_identification:_identify(src/uros/rmw_microxrcedds) by extension 'python'
[0.878s] Level 1:colcon.colcon_core.package_identification:_identify(src/uros/rmw_microxrcedds) by extensions ['python_setup_py']
[0.878s] Level 1:colcon.colcon_core.package_identification:_identify(src/uros/rmw_microxrcedds) by extension 'python_setup_py'
[0.878s] Level 1:colcon.colcon_core.package_identification:_identify(src/uros/rosidl_typesupport_microxrcedds) by extensions ['ignore', 'ignore_ament_install']
[0.878s] Level 1:colcon.colcon_core.package_identification:_identify(src/uros/rosidl_typesupport_microxrcedds) by extension 'ignore'
[0.878s] Level 1:colcon.colcon_core.package_identification:_identify(src/uros/rosidl_typesupport_microxrcedds) by extension 'ignore_ament_install'
[0.878s] Level 1:colcon.colcon_core.package_identification:_identify(src/uros/rosidl_typesupport_microxrcedds) by extensions ['colcon_pkg']
[0.878s] Level 1:colcon.colcon_core.package_identification:_identify(src/uros/rosidl_typesupport_microxrcedds) by extension 'colcon_pkg'
[0.878s] Level 1:colcon.colcon_core.package_identification:_identify(src/uros/rosidl_typesupport_microxrcedds) by extensions ['colcon_meta']
[0.878s] Level 1:colcon.colcon_core.package_identification:_identify(src/uros/rosidl_typesupport_microxrcedds) by extension 'colcon_meta'
[0.879s] Level 1:colcon.colcon_core.package_identification:_identify(src/uros/rosidl_typesupport_microxrcedds) by extensions ['ros']
[0.879s] Level 1:colcon.colcon_core.package_identification:_identify(src/uros/rosidl_typesupport_microxrcedds) by extension 'ros'
[0.879s] Level 1:colcon.colcon_core.package_identification:_identify(src/uros/rosidl_typesupport_microxrcedds) by extensions ['cmake', 'python']
[0.879s] Level 1:colcon.colcon_core.package_identification:_identify(src/uros/rosidl_typesupport_microxrcedds) by extension 'cmake'
[0.881s] Level 1:colcon.colcon_core.package_identification:_identify(src/uros/rosidl_typesupport_microxrcedds) by extension 'python'
[0.881s] Level 1:colcon.colcon_core.package_identification:_identify(src/uros/rosidl_typesupport_microxrcedds) by extensions ['python_setup_py']
[0.881s] Level 1:colcon.colcon_core.package_identification:_identify(src/uros/rosidl_typesupport_microxrcedds) by extension 'python_setup_py'
[0.882s] Level 1:colcon.colcon_core.package_discovery:discover_packages(recursive) using defaults
[0.883s] Level 1:colcon.colcon_core.package_discovery:discover_packages(ignore) discover
[0.883s] Level 1:colcon.colcon_core.package_discovery:discover_packages(ignore) using defaults
[0.883s] Level 1:colcon.colcon_core.package_discovery:discover_packages(path) discover
[0.883s] Level 1:colcon.colcon_core.package_discovery:discover_packages(path) using defaults
[0.930s] INFO:colcon.colcon_core.package_selection:Skipping not selected package 'cam_to_image' in 'src/cam_to_image'
[0.931s] INFO:colcon.colcon_core.package_selection:Skipping not selected package 'custom_interfaces' in 'src/custom_interfaces'
[0.931s] INFO:colcon.colcon_core.package_selection:Skipping not selected package 'flipper_driver' in 'src/flipper_driver'
[0.931s] INFO:colcon.colcon_core.package_selection:Skipping not selected package 'joy_driver' in 'src/joy_driver'
[0.931s] INFO:colcon.colcon_core.package_selection:Skipping not selected package 'qrcode_reader' in 'src/qrcode_reader'
[0.931s] INFO:colcon.colcon_core.package_selection:Skipping not selected package 'urdf_test_node' in 'src/urdf_test_node'
[0.931s] INFO:colcon.colcon_core.package_selection:Skipping not selected package 'crawler_driver' in 'src/crawler_driver'
[0.931s] INFO:colcon.colcon_core.package_selection:Skipping not selected package 'operator' in 'src/operator'
[0.932s] Level 1:colcon.colcon_core.package_discovery:discover_packages(prefix_path) check parameters
[0.932s] Level 1:colcon.colcon_core.package_discovery:discover_packages(prefix_path) discover
[0.936s] DEBUG:colcon.colcon_installed_package_information.package_discovery:Found 364 installed packages in /opt/ros/jazzy
[0.937s] Level 1:colcon.colcon_core.package_discovery:discover_packages(prefix_path) using defaults
[1.000s] Level 5:colcon.colcon_core.verb:set package 'sekirei_moveit_config' build argument 'cmake_args' from command line to 'None'
[1.001s] Level 5:colcon.colcon_core.verb:set package 'sekirei_moveit_config' build argument 'cmake_target' from command line to 'None'
[1.001s] Level 5:colcon.colcon_core.verb:set package 'sekirei_moveit_config' build argument 'cmake_target_skip_unavailable' from command line to 'False'
[1.001s] Level 5:colcon.colcon_core.verb:set package 'sekirei_moveit_config' build argument 'cmake_clean_cache' from command line to 'False'
[1.001s] Level 5:colcon.colcon_core.verb:set package 'sekirei_moveit_config' build argument 'cmake_clean_first' from command line to 'False'
[1.001s] Level 5:colcon.colcon_core.verb:set package 'sekirei_moveit_config' build argument 'cmake_force_configure' from command line to 'False'
[1.001s] Level 5:colcon.colcon_core.verb:set package 'sekirei_moveit_config' build argument 'ament_cmake_args' from command line to 'None'
[1.001s] Level 5:colcon.colcon_core.verb:set package 'sekirei_moveit_config' build argument 'catkin_cmake_args' from command line to 'None'
[1.001s] Level 5:colcon.colcon_core.verb:set package 'sekirei_moveit_config' build argument 'catkin_skip_building_tests' from command line to 'False'
[1.001s] DEBUG:colcon.colcon_core.verb:Building package 'sekirei_moveit_config' with the following arguments: {'ament_cmake_args': None, 'build_base': '/home/yhcvy/rodep-rescue2026/ros_ws/build/sekirei_moveit_config', 'catkin_cmake_args': None, 'catkin_skip_building_tests': False, 'cmake_args': None, 'cmake_clean_cache': False, 'cmake_clean_first': False, 'cmake_force_configure': False, 'cmake_target': None, 'cmake_target_skip_unavailable': False, 'install_base': '/home/yhcvy/rodep-rescue2026/ros_ws/install/sekirei_moveit_config', 'merge_install': False, 'path': '/home/yhcvy/rodep-rescue2026/ros_ws/src/sekirei_moveit_config', 'symlink_install': False, 'test_result_base': None}
[1.001s] INFO:colcon.colcon_core.executor:Executing jobs using 'parallel' executor
[1.003s] DEBUG:colcon.colcon_parallel_executor.executor.parallel:run_until_complete
[1.004s] INFO:colcon.colcon_ros.task.ament_cmake.build:Building ROS package in '/home/yhcvy/rodep-rescue2026/ros_ws/src/sekirei_moveit_config' with build type 'ament_cmake'
[1.004s] INFO:colcon.colcon_cmake.task.cmake.build:Building CMake package in '/home/yhcvy/rodep-rescue2026/ros_ws/src/sekirei_moveit_config'
[1.014s] INFO:colcon.colcon_core.plugin_system:Skipping extension 'colcon_core.shell.bat': Not used on non-Windows systems
[1.015s] INFO:colcon.colcon_core.shell:Skip shell extension 'powershell' for command environment: Not usable outside of PowerShell
[1.015s] DEBUG:colcon.colcon_core.shell:Skip shell extension 'dsv' for command environment
[1.231s] DEBUG:colcon.colcon_core.event_handler.log_command:Invoking command in '/home/yhcvy/rodep-rescue2026/ros_ws/build/sekirei_moveit_config': AMENT_PREFIX_PATH=/home/yhcvy/rodep-rescue2026/ros_ws/install/urdf_test_node:${AMENT_PREFIX_PATH} CMAKE_PREFIX_PATH=/home/yhcvy/rodep-rescue2026/ros_ws/install/urdf_test_node:/opt/ros/jazzy/opt/gz_sim_vendor:/opt/ros/jazzy/opt/gz_sensors_vendor:/opt/ros/jazzy/opt/gz_physics_vendor:/opt/ros/jazzy/opt/sdformat_vendor:/opt/ros/jazzy/opt/gz_gui_vendor:/opt/ros/jazzy/opt/gz_transport_vendor:/opt/ros/jazzy/opt/gz_rendering_vendor:/opt/ros/jazzy/opt/gz_plugin_vendor:/opt/ros/jazzy/opt/gz_fuel_tools_vendor:/opt/ros/jazzy/opt/gz_msgs_vendor:/opt/ros/jazzy/opt/gz_common_vendor:/opt/ros/jazzy/opt/gz_math_vendor:/opt/ros/jazzy/opt/gz_utils_vendor:/opt/ros/jazzy/opt/gz_tools_vendor:/opt/ros/jazzy/opt/gz_ogre_next_vendor:/opt/ros/jazzy/opt/gz_dartsim_vendor:/opt/ros/jazzy/opt/gz_cmake_vendor:/opt/ros/jazzy DEBUGINFOD_URLS=https://debuginfod.ubuntu.com /usr/bin/cmake --build /home/yhcvy/rodep-rescue2026/ros_ws/build/sekirei_moveit_config -- -j12 -l12
[21.290s] DEBUG:colcon.colcon_core.event_handler.log_command:Invoked command in '/home/yhcvy/rodep-rescue2026/ros_ws/build/sekirei_moveit_config' returned '0': AMENT_PREFIX_PATH=/home/yhcvy/rodep-rescue2026/ros_ws/install/urdf_test_node:${AMENT_PREFIX_PATH} CMAKE_PREFIX_PATH=/home/yhcvy/rodep-rescue2026/ros_ws/install/urdf_test_node:/opt/ros/jazzy/opt/gz_sim_vendor:/opt/ros/jazzy/opt/gz_sensors_vendor:/opt/ros/jazzy/opt/gz_physics_vendor:/opt/ros/jazzy/opt/sdformat_vendor:/opt/ros/jazzy/opt/gz_gui_vendor:/opt/ros/jazzy/opt/gz_transport_vendor:/opt/ros/jazzy/opt/gz_rendering_vendor:/opt/ros/jazzy/opt/gz_plugin_vendor:/opt/ros/jazzy/opt/gz_fuel_tools_vendor:/opt/ros/jazzy/opt/gz_msgs_vendor:/opt/ros/jazzy/opt/gz_common_vendor:/opt/ros/jazzy/opt/gz_math_vendor:/opt/ros/jazzy/opt/gz_utils_vendor:/opt/ros/jazzy/opt/gz_tools_vendor:/opt/ros/jazzy/opt/gz_ogre_next_vendor:/opt/ros/jazzy/opt/gz_dartsim_vendor:/opt/ros/jazzy/opt/gz_cmake_vendor:/opt/ros/jazzy DEBUGINFOD_URLS=https://debuginfod.ubuntu.com /usr/bin/cmake --build /home/yhcvy/rodep-rescue2026/ros_ws/build/sekirei_moveit_config -- -j12 -l12
[21.314s] DEBUG:colcon.colcon_core.event_handler.log_command:Invoking command in '/home/yhcvy/rodep-rescue2026/ros_ws/build/sekirei_moveit_config': AMENT_PREFIX_PATH=/home/yhcvy/rodep-rescue2026/ros_ws/install/urdf_test_node:${AMENT_PREFIX_PATH} CMAKE_PREFIX_PATH=/home/yhcvy/rodep-rescue2026/ros_ws/install/urdf_test_node:/opt/ros/jazzy/opt/gz_sim_vendor:/opt/ros/jazzy/opt/gz_sensors_vendor:/opt/ros/jazzy/opt/gz_physics_vendor:/opt/ros/jazzy/opt/sdformat_vendor:/opt/ros/jazzy/opt/gz_gui_vendor:/opt/ros/jazzy/opt/gz_transport_vendor:/opt/ros/jazzy/opt/gz_rendering_vendor:/opt/ros/jazzy/opt/gz_plugin_vendor:/opt/ros/jazzy/opt/gz_fuel_tools_vendor:/opt/ros/jazzy/opt/gz_msgs_vendor:/opt/ros/jazzy/opt/gz_common_vendor:/opt/ros/jazzy/opt/gz_math_vendor:/opt/ros/jazzy/opt/gz_utils_vendor:/opt/ros/jazzy/opt/gz_tools_vendor:/opt/ros/jazzy/opt/gz_ogre_next_vendor:/opt/ros/jazzy/opt/gz_dartsim_vendor:/opt/ros/jazzy/opt/gz_cmake_vendor:/opt/ros/jazzy DEBUGINFOD_URLS=https://debuginfod.ubuntu.com /usr/bin/cmake --install /home/yhcvy/rodep-rescue2026/ros_ws/build/sekirei_moveit_config
[21.345s] Level 1:colcon.colcon_core.environment:create_environment_scripts_only(sekirei_moveit_config)
[21.347s] DEBUG:colcon.colcon_core.event_handler.log_command:Invoked command in '/home/yhcvy/rodep-rescue2026/ros_ws/build/sekirei_moveit_config' returned '0': AMENT_PREFIX_PATH=/home/yhcvy/rodep-rescue2026/ros_ws/install/urdf_test_node:${AMENT_PREFIX_PATH} CMAKE_PREFIX_PATH=/home/yhcvy/rodep-rescue2026/ros_ws/install/urdf_test_node:/opt/ros/jazzy/opt/gz_sim_vendor:/opt/ros/jazzy/opt/gz_sensors_vendor:/opt/ros/jazzy/opt/gz_physics_vendor:/opt/ros/jazzy/opt/sdformat_vendor:/opt/ros/jazzy/opt/gz_gui_vendor:/opt/ros/jazzy/opt/gz_transport_vendor:/opt/ros/jazzy/opt/gz_rendering_vendor:/opt/ros/jazzy/opt/gz_plugin_vendor:/opt/ros/jazzy/opt/gz_fuel_tools_vendor:/opt/ros/jazzy/opt/gz_msgs_vendor:/opt/ros/jazzy/opt/gz_common_vendor:/opt/ros/jazzy/opt/gz_math_vendor:/opt/ros/jazzy/opt/gz_utils_vendor:/opt/ros/jazzy/opt/gz_tools_vendor:/opt/ros/jazzy/opt/gz_ogre_next_vendor:/opt/ros/jazzy/opt/gz_dartsim_vendor:/opt/ros/jazzy/opt/gz_cmake_vendor:/opt/ros/jazzy DEBUGINFOD_URLS=https://debuginfod.ubuntu.com /usr/bin/cmake --install /home/yhcvy/rodep-rescue2026/ros_ws/build/sekirei_moveit_config
[21.350s] Level 1:colcon.colcon_core.environment:checking '/home/yhcvy/rodep-rescue2026/ros_ws/install/sekirei_moveit_config' for CMake module files
[21.351s] Level 1:colcon.colcon_core.environment:checking '/home/yhcvy/rodep-rescue2026/ros_ws/install/sekirei_moveit_config' for CMake config files
[21.351s] Level 1:colcon.colcon_core.shell:create_environment_hook('sekirei_moveit_config', 'cmake_prefix_path')
[21.352s] INFO:colcon.colcon_core.shell:Creating environment hook '/home/yhcvy/rodep-rescue2026/ros_ws/install/sekirei_moveit_config/share/sekirei_moveit_config/hook/cmake_prefix_path.ps1'
[21.353s] INFO:colcon.colcon_core.shell:Creating environment descriptor '/home/yhcvy/rodep-rescue2026/ros_ws/install/sekirei_moveit_config/share/sekirei_moveit_config/hook/cmake_prefix_path.dsv'
[21.354s] INFO:colcon.colcon_core.shell:Creating environment hook '/home/yhcvy/rodep-rescue2026/ros_ws/install/sekirei_moveit_config/share/sekirei_moveit_config/hook/cmake_prefix_path.sh'
[21.355s] Level 1:colcon.colcon_core.environment:checking '/home/yhcvy/rodep-rescue2026/ros_ws/install/sekirei_moveit_config/lib'
[21.355s] Level 1:colcon.colcon_core.environment:checking '/home/yhcvy/rodep-rescue2026/ros_ws/install/sekirei_moveit_config/bin'
[21.356s] Level 1:colcon.colcon_core.environment:checking '/home/yhcvy/rodep-rescue2026/ros_ws/install/sekirei_moveit_config/lib/pkgconfig/sekirei_moveit_config.pc'
[21.356s] Level 1:colcon.colcon_core.environment:checking '/home/yhcvy/rodep-rescue2026/ros_ws/install/sekirei_moveit_config/lib/python3.12/site-packages'
[21.357s] Level 1:colcon.colcon_core.environment:checking '/home/yhcvy/rodep-rescue2026/ros_ws/install/sekirei_moveit_config/bin'
[21.357s] INFO:colcon.colcon_core.shell:Creating package script '/home/yhcvy/rodep-rescue2026/ros_ws/install/sekirei_moveit_config/share/sekirei_moveit_config/package.ps1'
[21.359s] INFO:colcon.colcon_core.shell:Creating package descriptor '/home/yhcvy/rodep-rescue2026/ros_ws/install/sekirei_moveit_config/share/sekirei_moveit_config/package.dsv'
[21.360s] INFO:colcon.colcon_core.shell:Creating package script '/home/yhcvy/rodep-rescue2026/ros_ws/install/sekirei_moveit_config/share/sekirei_moveit_config/package.sh'
[21.361s] INFO:colcon.colcon_core.shell:Creating package script '/home/yhcvy/rodep-rescue2026/ros_ws/install/sekirei_moveit_config/share/sekirei_moveit_config/package.bash'
[21.362s] INFO:colcon.colcon_core.shell:Creating package script '/home/yhcvy/rodep-rescue2026/ros_ws/install/sekirei_moveit_config/share/sekirei_moveit_config/package.zsh'
[21.363s] Level 1:colcon.colcon_core.environment:create_file_with_runtime_dependencies(/home/yhcvy/rodep-rescue2026/ros_ws/install/sekirei_moveit_config/share/colcon-core/packages/sekirei_moveit_config)
[21.365s] Level 1:colcon.colcon_core.environment:create_environment_scripts_only(sekirei_moveit_config)
[21.366s] Level 1:colcon.colcon_core.environment:checking '/home/yhcvy/rodep-rescue2026/ros_ws/install/sekirei_moveit_config' for CMake module files
[21.367s] Level 1:colcon.colcon_core.environment:checking '/home/yhcvy/rodep-rescue2026/ros_ws/install/sekirei_moveit_config' for CMake config files
[21.367s] Level 1:colcon.colcon_core.shell:create_environment_hook('sekirei_moveit_config', 'cmake_prefix_path')
[21.367s] INFO:colcon.colcon_core.shell:Creating environment hook '/home/yhcvy/rodep-rescue2026/ros_ws/install/sekirei_moveit_config/share/sekirei_moveit_config/hook/cmake_prefix_path.ps1'
[21.368s] INFO:colcon.colcon_core.shell:Creating environment descriptor '/home/yhcvy/rodep-rescue2026/ros_ws/install/sekirei_moveit_config/share/sekirei_moveit_config/hook/cmake_prefix_path.dsv'
[21.369s] INFO:colcon.colcon_core.shell:Creating environment hook '/home/yhcvy/rodep-rescue2026/ros_ws/install/sekirei_moveit_config/share/sekirei_moveit_config/hook/cmake_prefix_path.sh'
[21.370s] Level 1:colcon.colcon_core.environment:checking '/home/yhcvy/rodep-rescue2026/ros_ws/install/sekirei_moveit_config/lib'
[21.370s] Level 1:colcon.colcon_core.environment:checking '/home/yhcvy/rodep-rescue2026/ros_ws/install/sekirei_moveit_config/bin'
[21.370s] Level 1:colcon.colcon_core.environment:checking '/home/yhcvy/rodep-rescue2026/ros_ws/install/sekirei_moveit_config/lib/pkgconfig/sekirei_moveit_config.pc'
[21.371s] Level 1:colcon.colcon_core.environment:checking '/home/yhcvy/rodep-rescue2026/ros_ws/install/sekirei_moveit_config/lib/python3.12/site-packages'
[21.371s] Level 1:colcon.colcon_core.environment:checking '/home/yhcvy/rodep-rescue2026/ros_ws/install/sekirei_moveit_config/bin'
[21.372s] INFO:colcon.colcon_core.shell:Creating package script '/home/yhcvy/rodep-rescue2026/ros_ws/install/sekirei_moveit_config/share/sekirei_moveit_config/package.ps1'
[21.373s] INFO:colcon.colcon_core.shell:Creating package descriptor '/home/yhcvy/rodep-rescue2026/ros_ws/install/sekirei_moveit_config/share/sekirei_moveit_config/package.dsv'
[21.374s] INFO:colcon.colcon_core.shell:Creating package script '/home/yhcvy/rodep-rescue2026/ros_ws/install/sekirei_moveit_config/share/sekirei_moveit_config/package.sh'
[21.374s] INFO:colcon.colcon_core.shell:Creating package script '/home/yhcvy/rodep-rescue2026/ros_ws/install/sekirei_moveit_config/share/sekirei_moveit_config/package.bash'
[21.375s] INFO:colcon.colcon_core.shell:Creating package script '/home/yhcvy/rodep-rescue2026/ros_ws/install/sekirei_moveit_config/share/sekirei_moveit_config/package.zsh'
[21.376s] Level 1:colcon.colcon_core.environment:create_file_with_runtime_dependencies(/home/yhcvy/rodep-rescue2026/ros_ws/install/sekirei_moveit_config/share/colcon-core/packages/sekirei_moveit_config)
[21.376s] DEBUG:colcon.colcon_parallel_executor.executor.parallel:closing loop
[21.377s] DEBUG:colcon.colcon_parallel_executor.executor.parallel:loop closed
[21.378s] DEBUG:colcon.colcon_parallel_executor.executor.parallel:run_until_complete finished with '0'
[21.380s] DEBUG:colcon.colcon_core.event_reactor:joining thread
[21.582s] INFO:colcon.colcon_core.plugin_system:Skipping extension 'colcon_notification.desktop_notification.notify_send': Could not find 'notify-send'
[21.583s] INFO:colcon.colcon_core.plugin_system:Skipping extension 'colcon_notification.desktop_notification.terminal_notifier': Not used on non-Darwin systems
[21.583s] INFO:colcon.colcon_core.plugin_system:Skipping extension 'colcon_notification.desktop_notification.win32': Not used on non-Windows systems
[21.583s] INFO:colcon.colcon_notification.desktop_notification:Sending desktop notification using 'notify2'
[21.587s] DEBUG:colcon.colcon_notification.desktop_notification.notify2:Failed to initialize notify2: org.freedesktop.DBus.Error.ServiceUnknown: The name org.freedesktop.Notifications was not provided by any .service files
[21.587s] DEBUG:colcon.colcon_core.event_reactor:joined thread
[21.588s] INFO:colcon.colcon_core.shell:Creating prefix script '/home/yhcvy/rodep-rescue2026/ros_ws/install/local_setup.ps1'
[21.590s] INFO:colcon.colcon_core.shell:Creating prefix util module '/home/yhcvy/rodep-rescue2026/ros_ws/install/_local_setup_util_ps1.py'
[21.592s] INFO:colcon.colcon_core.shell:Creating prefix chain script '/home/yhcvy/rodep-rescue2026/ros_ws/install/setup.ps1'
[21.593s] INFO:colcon.colcon_core.shell:Creating prefix script '/home/yhcvy/rodep-rescue2026/ros_ws/install/local_setup.sh'
[21.594s] INFO:colcon.colcon_core.shell:Creating prefix util module '/home/yhcvy/rodep-rescue2026/ros_ws/install/_local_setup_util_sh.py'
[21.595s] INFO:colcon.colcon_core.shell:Creating prefix chain script '/home/yhcvy/rodep-rescue2026/ros_ws/install/setup.sh'
[21.596s] INFO:colcon.colcon_core.shell:Creating prefix script '/home/yhcvy/rodep-rescue2026/ros_ws/install/local_setup.bash'
[21.597s] INFO:colcon.colcon_core.shell:Creating prefix chain script '/home/yhcvy/rodep-rescue2026/ros_ws/install/setup.bash'
[21.598s] INFO:colcon.colcon_core.shell:Creating prefix script '/home/yhcvy/rodep-rescue2026/ros_ws/install/local_setup.zsh'
[21.598s] INFO:colcon.colcon_core.shell:Creating prefix chain script '/home/yhcvy/rodep-rescue2026/ros_ws/install/setup.zsh'
