[0.454s] DEBUG:colcon:Command line arguments: ['/usr/bin/colcon', 'build', '--packages-select', 'sekirei_urdf', 'arm_controller']
[0.454s] DEBUG:colcon:Parsed command line arguments: Namespace(log_base=None, log_level=None, verb_name='build', build_base='build', install_base='install', merge_install=False, symlink_install=False, test_result_base=None, continue_on_error=False, executor='parallel', parallel_workers=12, event_handlers=None, ignore_user_meta=False, metas=['./colcon.meta'], base_paths=['.'], packages_ignore=None, packages_ignore_regex=None, paths=None, packages_up_to=None, packages_up_to_regex=None, packages_above=None, packages_above_and_dependencies=None, packages_above_depth=None, packages_select_by_dep=None, packages_skip_by_dep=None, packages_skip_up_to=None, packages_select_build_failed=False, packages_skip_build_finished=False, packages_select_test_failures=False, packages_skip_test_passed=False, packages_select=['sekirei_urdf', 'arm_controller'], packages_skip=None, packages_select_regex=None, packages_skip_regex=None, packages_start=None, packages_end=None, allow_overriding=[], cmake_args=None, cmake_target=None, cmake_target_skip_unavailable=False, cmake_clean_cache=False, cmake_clean_first=False, cmake_force_configure=False, ament_cmake_args=None, catkin_cmake_args=None, catkin_skip_building_tests=False, mixin_files=None, mixin=None, verb_parser=<colcon_mixin.mixin.mixin_argument.MixinArgumentDecorator object at 0x7f018f6c2de0>, verb_extension=<colcon_core.verb.build.BuildVerb object at 0x7f018f6c2720>, main=<bound method BuildVerb.main of <colcon_core.verb.build.BuildVerb object at 0x7f018f6c2720>>, mixin_verb=('build',))
[0.491s] Level 1:colcon.colcon_core.package_discovery:discover_packages(colcon_meta) check parameters
[0.491s] Level 1:colcon.colcon_core.package_discovery:discover_packages(recursive) check parameters
[0.491s] Level 1:colcon.colcon_core.package_discovery:discover_packages(ignore) check parameters
[0.491s] Level 1:colcon.colcon_core.package_discovery:discover_packages(path) check parameters
[0.491s] Level 1:colcon.colcon_core.package_discovery:discover_packages(colcon_meta) discover
[0.491s] Level 1:colcon.colcon_core.package_discovery:discover_packages(recursive) discover
[0.491s] INFO:colcon.colcon_core.package_discovery:Crawling recursively for packages in '/home/yhcvy/learn/ros2_ws'
[0.491s] Level 1:colcon.colcon_core.package_identification:_identify(.) by extensions ['ignore', 'ignore_ament_install']
[0.491s] Level 1:colcon.colcon_core.package_identification:_identify(.) by extension 'ignore'
[0.491s] Level 1:colcon.colcon_core.package_identification:_identify(.) by extension 'ignore_ament_install'
[0.491s] Level 1:colcon.colcon_core.package_identification:_identify(.) by extensions ['colcon_pkg']
[0.491s] Level 1:colcon.colcon_core.package_identification:_identify(.) by extension 'colcon_pkg'
[0.491s] Level 1:colcon.colcon_core.package_identification:_identify(.) by extensions ['colcon_meta']
[0.491s] Level 1:colcon.colcon_core.package_identification:_identify(.) by extension 'colcon_meta'
[0.491s] Level 1:colcon.colcon_core.package_identification:_identify(.) by extensions ['ros']
[0.492s] Level 1:colcon.colcon_core.package_identification:_identify(.) by extension 'ros'
[0.518s] Level 1:colcon.colcon_core.package_identification:_identify(.) by extensions ['cmake', 'python']
[0.518s] Level 1:colcon.colcon_core.package_identification:_identify(.) by extension 'cmake'
[0.518s] Level 1:colcon.colcon_core.package_identification:_identify(.) by extension 'python'
[0.518s] Level 1:colcon.colcon_core.package_identification:_identify(.) by extensions ['python_setup_py']
[0.518s] Level 1:colcon.colcon_core.package_identification:_identify(.) by extension 'python_setup_py'
[0.518s] Level 1:colcon.colcon_core.package_identification:_identify(build) by extensions ['ignore', 'ignore_ament_install']
[0.518s] Level 1:colcon.colcon_core.package_identification:_identify(build) by extension 'ignore'
[0.519s] Level 1:colcon.colcon_core.package_identification:_identify(build) ignored
[0.519s] Level 1:colcon.colcon_core.package_identification:_identify(install) by extensions ['ignore', 'ignore_ament_install']
[0.519s] Level 1:colcon.colcon_core.package_identification:_identify(install) by extension 'ignore'
[0.519s] Level 1:colcon.colcon_core.package_identification:_identify(install) ignored
[0.519s] Level 1:colcon.colcon_core.package_identification:_identify(log) by extensions ['ignore', 'ignore_ament_install']
[0.519s] Level 1:colcon.colcon_core.package_identification:_identify(log) by extension 'ignore'
[0.519s] Level 1:colcon.colcon_core.package_identification:_identify(log) ignored
[0.519s] Level 1:colcon.colcon_core.package_identification:_identify(rviz) by extensions ['ignore', 'ignore_ament_install']
[0.519s] Level 1:colcon.colcon_core.package_identification:_identify(rviz) by extension 'ignore'
[0.520s] Level 1:colcon.colcon_core.package_identification:_identify(rviz) by extension 'ignore_ament_install'
[0.520s] Level 1:colcon.colcon_core.package_identification:_identify(rviz) by extensions ['colcon_pkg']
[0.520s] Level 1:colcon.colcon_core.package_identification:_identify(rviz) by extension 'colcon_pkg'
[0.520s] Level 1:colcon.colcon_core.package_identification:_identify(rviz) by extensions ['colcon_meta']
[0.520s] Level 1:colcon.colcon_core.package_identification:_identify(rviz) by extension 'colcon_meta'
[0.520s] Level 1:colcon.colcon_core.package_identification:_identify(rviz) by extensions ['ros']
[0.520s] Level 1:colcon.colcon_core.package_identification:_identify(rviz) by extension 'ros'
[0.520s] Level 1:colcon.colcon_core.package_identification:_identify(rviz) by extensions ['cmake', 'python']
[0.520s] Level 1:colcon.colcon_core.package_identification:_identify(rviz) by extension 'cmake'
[0.520s] Level 1:colcon.colcon_core.package_identification:_identify(rviz) by extension 'python'
[0.520s] Level 1:colcon.colcon_core.package_identification:_identify(rviz) by extensions ['python_setup_py']
[0.520s] Level 1:colcon.colcon_core.package_identification:_identify(rviz) by extension 'python_setup_py'
[0.520s] Level 1:colcon.colcon_core.package_identification:_identify(src) by extensions ['ignore', 'ignore_ament_install']
[0.520s] Level 1:colcon.colcon_core.package_identification:_identify(src) by extension 'ignore'
[0.520s] Level 1:colcon.colcon_core.package_identification:_identify(src) by extension 'ignore_ament_install'
[0.520s] Level 1:colcon.colcon_core.package_identification:_identify(src) by extensions ['colcon_pkg']
[0.520s] Level 1:colcon.colcon_core.package_identification:_identify(src) by extension 'colcon_pkg'
[0.520s] Level 1:colcon.colcon_core.package_identification:_identify(src) by extensions ['colcon_meta']
[0.520s] Level 1:colcon.colcon_core.package_identification:_identify(src) by extension 'colcon_meta'
[0.520s] Level 1:colcon.colcon_core.package_identification:_identify(src) by extensions ['ros']
[0.520s] Level 1:colcon.colcon_core.package_identification:_identify(src) by extension 'ros'
[0.521s] Level 1:colcon.colcon_core.package_identification:_identify(src) by extensions ['cmake', 'python']
[0.521s] Level 1:colcon.colcon_core.package_identification:_identify(src) by extension 'cmake'
[0.521s] Level 1:colcon.colcon_core.package_identification:_identify(src) by extension 'python'
[0.521s] Level 1:colcon.colcon_core.package_identification:_identify(src) by extensions ['python_setup_py']
[0.521s] Level 1:colcon.colcon_core.package_identification:_identify(src) by extension 'python_setup_py'
[0.521s] Level 1:colcon.colcon_core.package_identification:_identify(src/arm_controller) by extensions ['ignore', 'ignore_ament_install']
[0.521s] Level 1:colcon.colcon_core.package_identification:_identify(src/arm_controller) by extension 'ignore'
[0.521s] Level 1:colcon.colcon_core.package_identification:_identify(src/arm_controller) by extension 'ignore_ament_install'
[0.521s] Level 1:colcon.colcon_core.package_identification:_identify(src/arm_controller) by extensions ['colcon_pkg']
[0.521s] Level 1:colcon.colcon_core.package_identification:_identify(src/arm_controller) by extension 'colcon_pkg'
[0.521s] Level 1:colcon.colcon_core.package_identification:_identify(src/arm_controller) by extensions ['colcon_meta']
[0.521s] Level 1:colcon.colcon_core.package_identification:_identify(src/arm_controller) by extension 'colcon_meta'
[0.522s] Level 1:colcon.colcon_core.package_identification:_identify(src/arm_controller) by extensions ['ros']
[0.522s] Level 1:colcon.colcon_core.package_identification:_identify(src/arm_controller) by extension 'ros'
[0.530s] DEBUG:colcon.colcon_core.package_identification:Package 'src/arm_controller' with type 'ros.ament_cmake' and name 'arm_controller'
[0.530s] Level 1:colcon.colcon_core.package_identification:_identify(src/cpp_srvcli) by extensions ['ignore', 'ignore_ament_install']
[0.530s] Level 1:colcon.colcon_core.package_identification:_identify(src/cpp_srvcli) by extension 'ignore'
[0.530s] Level 1:colcon.colcon_core.package_identification:_identify(src/cpp_srvcli) by extension 'ignore_ament_install'
[0.530s] Level 1:colcon.colcon_core.package_identification:_identify(src/cpp_srvcli) by extensions ['colcon_pkg']
[0.530s] Level 1:colcon.colcon_core.package_identification:_identify(src/cpp_srvcli) by extension 'colcon_pkg'
[0.530s] Level 1:colcon.colcon_core.package_identification:_identify(src/cpp_srvcli) by extensions ['colcon_meta']
[0.530s] Level 1:colcon.colcon_core.package_identification:_identify(src/cpp_srvcli) by extension 'colcon_meta'
[0.530s] Level 1:colcon.colcon_core.package_identification:_identify(src/cpp_srvcli) by extensions ['ros']
[0.530s] Level 1:colcon.colcon_core.package_identification:_identify(src/cpp_srvcli) by extension 'ros'
[0.531s] DEBUG:colcon.colcon_core.package_identification:Package 'src/cpp_srvcli' with type 'ros.ament_cmake' and name 'cpp_srvcli'
[0.531s] Level 1:colcon.colcon_core.package_identification:_identify(src/custom_action_cpp) by extensions ['ignore', 'ignore_ament_install']
[0.531s] Level 1:colcon.colcon_core.package_identification:_identify(src/custom_action_cpp) by extension 'ignore'
[0.531s] Level 1:colcon.colcon_core.package_identification:_identify(src/custom_action_cpp) by extension 'ignore_ament_install'
[0.531s] Level 1:colcon.colcon_core.package_identification:_identify(src/custom_action_cpp) by extensions ['colcon_pkg']
[0.531s] Level 1:colcon.colcon_core.package_identification:_identify(src/custom_action_cpp) by extension 'colcon_pkg'
[0.531s] Level 1:colcon.colcon_core.package_identification:_identify(src/custom_action_cpp) by extensions ['colcon_meta']
[0.531s] Level 1:colcon.colcon_core.package_identification:_identify(src/custom_action_cpp) by extension 'colcon_meta'
[0.531s] Level 1:colcon.colcon_core.package_identification:_identify(src/custom_action_cpp) by extensions ['ros']
[0.532s] Level 1:colcon.colcon_core.package_identification:_identify(src/custom_action_cpp) by extension 'ros'
[0.532s] DEBUG:colcon.colcon_core.package_identification:Package 'src/custom_action_cpp' with type 'ros.ament_cmake' and name 'custom_action_cpp'
[0.532s] Level 1:colcon.colcon_core.package_identification:_identify(src/custom_action_interfaces) by extensions ['ignore', 'ignore_ament_install']
[0.532s] Level 1:colcon.colcon_core.package_identification:_identify(src/custom_action_interfaces) by extension 'ignore'
[0.532s] Level 1:colcon.colcon_core.package_identification:_identify(src/custom_action_interfaces) by extension 'ignore_ament_install'
[0.532s] Level 1:colcon.colcon_core.package_identification:_identify(src/custom_action_interfaces) by extensions ['colcon_pkg']
[0.532s] Level 1:colcon.colcon_core.package_identification:_identify(src/custom_action_interfaces) by extension 'colcon_pkg'
[0.532s] Level 1:colcon.colcon_core.package_identification:_identify(src/custom_action_interfaces) by extensions ['colcon_meta']
[0.532s] Level 1:colcon.colcon_core.package_identification:_identify(src/custom_action_interfaces) by extension 'colcon_meta'
[0.532s] Level 1:colcon.colcon_core.package_identification:_identify(src/custom_action_interfaces) by extensions ['ros']
[0.532s] Level 1:colcon.colcon_core.package_identification:_identify(src/custom_action_interfaces) by extension 'ros'
[0.533s] DEBUG:colcon.colcon_core.package_identification:Package 'src/custom_action_interfaces' with type 'ros.ament_cmake' and name 'custom_action_interfaces'
[0.533s] Level 1:colcon.colcon_core.package_identification:_identify(src/joystick_test_pkg) by extensions ['ignore', 'ignore_ament_install']
[0.533s] Level 1:colcon.colcon_core.package_identification:_identify(src/joystick_test_pkg) by extension 'ignore'
[0.533s] Level 1:colcon.colcon_core.package_identification:_identify(src/joystick_test_pkg) by extension 'ignore_ament_install'
[0.533s] Level 1:colcon.colcon_core.package_identification:_identify(src/joystick_test_pkg) by extensions ['colcon_pkg']
[0.533s] Level 1:colcon.colcon_core.package_identification:_identify(src/joystick_test_pkg) by extension 'colcon_pkg'
[0.533s] Level 1:colcon.colcon_core.package_identification:_identify(src/joystick_test_pkg) by extensions ['colcon_meta']
[0.533s] Level 1:colcon.colcon_core.package_identification:_identify(src/joystick_test_pkg) by extension 'colcon_meta'
[0.533s] Level 1:colcon.colcon_core.package_identification:_identify(src/joystick_test_pkg) by extensions ['ros']
[0.533s] Level 1:colcon.colcon_core.package_identification:_identify(src/joystick_test_pkg) by extension 'ros'
[0.534s] DEBUG:colcon.colcon_core.package_identification:Package 'src/joystick_test_pkg' with type 'ros.ament_cmake' and name 'joystick_test_pkg'
[0.534s] Level 1:colcon.colcon_core.package_identification:_identify(src/launch_tutorial) by extensions ['ignore', 'ignore_ament_install']
[0.534s] Level 1:colcon.colcon_core.package_identification:_identify(src/launch_tutorial) by extension 'ignore'
[0.534s] Level 1:colcon.colcon_core.package_identification:_identify(src/launch_tutorial) by extension 'ignore_ament_install'
[0.534s] Level 1:colcon.colcon_core.package_identification:_identify(src/launch_tutorial) by extensions ['colcon_pkg']
[0.534s] Level 1:colcon.colcon_core.package_identification:_identify(src/launch_tutorial) by extension 'colcon_pkg'
[0.534s] Level 1:colcon.colcon_core.package_identification:_identify(src/launch_tutorial) by extensions ['colcon_meta']
[0.534s] Level 1:colcon.colcon_core.package_identification:_identify(src/launch_tutorial) by extension 'colcon_meta'
[0.534s] Level 1:colcon.colcon_core.package_identification:_identify(src/launch_tutorial) by extensions ['ros']
[0.534s] Level 1:colcon.colcon_core.package_identification:_identify(src/launch_tutorial) by extension 'ros'
[0.534s] DEBUG:colcon.colcon_core.package_identification:Package 'src/launch_tutorial' with type 'ros.ament_cmake' and name 'launch_tutorial'
[0.534s] Level 1:colcon.colcon_core.package_identification:_identify(src/sekirei_urdf) by extensions ['ignore', 'ignore_ament_install']
[0.534s] Level 1:colcon.colcon_core.package_identification:_identify(src/sekirei_urdf) by extension 'ignore'
[0.534s] Level 1:colcon.colcon_core.package_identification:_identify(src/sekirei_urdf) by extension 'ignore_ament_install'
[0.534s] Level 1:colcon.colcon_core.package_identification:_identify(src/sekirei_urdf) by extensions ['colcon_pkg']
[0.534s] Level 1:colcon.colcon_core.package_identification:_identify(src/sekirei_urdf) by extension 'colcon_pkg'
[0.534s] Level 1:colcon.colcon_core.package_identification:_identify(src/sekirei_urdf) by extensions ['colcon_meta']
[0.534s] Level 1:colcon.colcon_core.package_identification:_identify(src/sekirei_urdf) by extension 'colcon_meta'
[0.534s] Level 1:colcon.colcon_core.package_identification:_identify(src/sekirei_urdf) by extensions ['ros']
[0.534s] Level 1:colcon.colcon_core.package_identification:_identify(src/sekirei_urdf) by extension 'ros'
[0.535s] DEBUG:colcon.colcon_core.package_identification:Package 'src/sekirei_urdf' with type 'ros.ament_cmake' and name 'sekirei_urdf'
[0.535s] Level 1:colcon.colcon_core.package_identification:_identify(src/serial) by extensions ['ignore', 'ignore_ament_install']
[0.535s] Level 1:colcon.colcon_core.package_identification:_identify(src/serial) by extension 'ignore'
[0.535s] Level 1:colcon.colcon_core.package_identification:_identify(src/serial) by extension 'ignore_ament_install'
[0.535s] Level 1:colcon.colcon_core.package_identification:_identify(src/serial) by extensions ['colcon_pkg']
[0.535s] Level 1:colcon.colcon_core.package_identification:_identify(src/serial) by extension 'colcon_pkg'
[0.535s] Level 1:colcon.colcon_core.package_identification:_identify(src/serial) by extensions ['colcon_meta']
[0.535s] Level 1:colcon.colcon_core.package_identification:_identify(src/serial) by extension 'colcon_meta'
[0.535s] Level 1:colcon.colcon_core.package_identification:_identify(src/serial) by extensions ['ros']
[0.535s] Level 1:colcon.colcon_core.package_identification:_identify(src/serial) by extension 'ros'
[0.535s] DEBUG:colcon.colcon_core.package_identification:Package 'src/serial' with type 'ros.ament_cmake' and name 'serial'
[0.535s] Level 1:colcon.colcon_core.package_identification:_identify(urdf) by extensions ['ignore', 'ignore_ament_install']
[0.535s] Level 1:colcon.colcon_core.package_identification:_identify(urdf) by extension 'ignore'
[0.535s] Level 1:colcon.colcon_core.package_identification:_identify(urdf) by extension 'ignore_ament_install'
[0.536s] Level 1:colcon.colcon_core.package_identification:_identify(urdf) by extensions ['colcon_pkg']
[0.536s] Level 1:colcon.colcon_core.package_identification:_identify(urdf) by extension 'colcon_pkg'
[0.536s] Level 1:colcon.colcon_core.package_identification:_identify(urdf) by extensions ['colcon_meta']
[0.536s] Level 1:colcon.colcon_core.package_identification:_identify(urdf) by extension 'colcon_meta'
[0.536s] Level 1:colcon.colcon_core.package_identification:_identify(urdf) by extensions ['ros']
[0.536s] Level 1:colcon.colcon_core.package_identification:_identify(urdf) by extension 'ros'
[0.536s] Level 1:colcon.colcon_core.package_identification:_identify(urdf) by extensions ['cmake', 'python']
[0.536s] Level 1:colcon.colcon_core.package_identification:_identify(urdf) by extension 'cmake'
[0.536s] Level 1:colcon.colcon_core.package_identification:_identify(urdf) by extension 'python'
[0.536s] Level 1:colcon.colcon_core.package_identification:_identify(urdf) by extensions ['python_setup_py']
[0.536s] Level 1:colcon.colcon_core.package_identification:_identify(urdf) by extension 'python_setup_py'
[0.536s] Level 1:colcon.colcon_core.package_discovery:discover_packages(recursive) using defaults
[0.536s] Level 1:colcon.colcon_core.package_discovery:discover_packages(ignore) discover
[0.536s] Level 1:colcon.colcon_core.package_discovery:discover_packages(ignore) using defaults
[0.536s] Level 1:colcon.colcon_core.package_discovery:discover_packages(path) discover
[0.536s] Level 1:colcon.colcon_core.package_discovery:discover_packages(path) using defaults
[0.555s] INFO:colcon.colcon_core.package_selection:Skipping not selected package 'cpp_srvcli' in 'src/cpp_srvcli'
[0.556s] INFO:colcon.colcon_core.package_selection:Skipping not selected package 'custom_action_interfaces' in 'src/custom_action_interfaces'
[0.556s] INFO:colcon.colcon_core.package_selection:Skipping not selected package 'joystick_test_pkg' in 'src/joystick_test_pkg'
[0.556s] INFO:colcon.colcon_core.package_selection:Skipping not selected package 'launch_tutorial' in 'src/launch_tutorial'
[0.556s] INFO:colcon.colcon_core.package_selection:Skipping not selected package 'serial' in 'src/serial'
[0.556s] INFO:colcon.colcon_core.package_selection:Skipping not selected package 'custom_action_cpp' in 'src/custom_action_cpp'
[0.556s] Level 1:colcon.colcon_core.package_discovery:discover_packages(prefix_path) check parameters
[0.556s] Level 1:colcon.colcon_core.package_discovery:discover_packages(prefix_path) discover
[0.558s] DEBUG:colcon.colcon_installed_package_information.package_discovery:Found 364 installed packages in /opt/ros/jazzy
[0.561s] Level 1:colcon.colcon_core.package_discovery:discover_packages(prefix_path) using defaults
[0.598s] Level 5:colcon.colcon_core.verb:set package 'arm_controller' build argument 'cmake_args' from command line to 'None'
[0.598s] Level 5:colcon.colcon_core.verb:set package 'arm_controller' build argument 'cmake_target' from command line to 'None'
[0.598s] Level 5:colcon.colcon_core.verb:set package 'arm_controller' build argument 'cmake_target_skip_unavailable' from command line to 'False'
[0.598s] Level 5:colcon.colcon_core.verb:set package 'arm_controller' build argument 'cmake_clean_cache' from command line to 'False'
[0.598s] Level 5:colcon.colcon_core.verb:set package 'arm_controller' build argument 'cmake_clean_first' from command line to 'False'
[0.598s] Level 5:colcon.colcon_core.verb:set package 'arm_controller' build argument 'cmake_force_configure' from command line to 'False'
[0.598s] Level 5:colcon.colcon_core.verb:set package 'arm_controller' build argument 'ament_cmake_args' from command line to 'None'
[0.598s] Level 5:colcon.colcon_core.verb:set package 'arm_controller' build argument 'catkin_cmake_args' from command line to 'None'
[0.598s] Level 5:colcon.colcon_core.verb:set package 'arm_controller' build argument 'catkin_skip_building_tests' from command line to 'False'
[0.598s] DEBUG:colcon.colcon_core.verb:Building package 'arm_controller' with the following arguments: {'ament_cmake_args': None, 'build_base': '/home/yhcvy/learn/ros2_ws/build/arm_controller', 'catkin_cmake_args': None, 'catkin_skip_building_tests': False, 'cmake_args': None, 'cmake_clean_cache': False, 'cmake_clean_first': False, 'cmake_force_configure': False, 'cmake_target': None, 'cmake_target_skip_unavailable': False, 'install_base': '/home/yhcvy/learn/ros2_ws/install/arm_controller', 'merge_install': False, 'path': '/home/yhcvy/learn/ros2_ws/src/arm_controller', 'symlink_install': False, 'test_result_base': None}
[0.598s] Level 5:colcon.colcon_core.verb:set package 'sekirei_urdf' build argument 'cmake_args' from command line to 'None'
[0.598s] Level 5:colcon.colcon_core.verb:set package 'sekirei_urdf' build argument 'cmake_target' from command line to 'None'
[0.598s] Level 5:colcon.colcon_core.verb:set package 'sekirei_urdf' build argument 'cmake_target_skip_unavailable' from command line to 'False'
[0.598s] Level 5:colcon.colcon_core.verb:set package 'sekirei_urdf' build argument 'cmake_clean_cache' from command line to 'False'
[0.598s] Level 5:colcon.colcon_core.verb:set package 'sekirei_urdf' build argument 'cmake_clean_first' from command line to 'False'
[0.598s] Level 5:colcon.colcon_core.verb:set package 'sekirei_urdf' build argument 'cmake_force_configure' from command line to 'False'
[0.598s] Level 5:colcon.colcon_core.verb:set package 'sekirei_urdf' build argument 'ament_cmake_args' from command line to 'None'
[0.598s] Level 5:colcon.colcon_core.verb:set package 'sekirei_urdf' build argument 'catkin_cmake_args' from command line to 'None'
[0.598s] Level 5:colcon.colcon_core.verb:set package 'sekirei_urdf' build argument 'catkin_skip_building_tests' from command line to 'False'
[0.598s] DEBUG:colcon.colcon_core.verb:Building package 'sekirei_urdf' with the following arguments: {'ament_cmake_args': None, 'build_base': '/home/yhcvy/learn/ros2_ws/build/sekirei_urdf', 'catkin_cmake_args': None, 'catkin_skip_building_tests': False, 'cmake_args': None, 'cmake_clean_cache': False, 'cmake_clean_first': False, 'cmake_force_configure': False, 'cmake_target': None, 'cmake_target_skip_unavailable': False, 'install_base': '/home/yhcvy/learn/ros2_ws/install/sekirei_urdf', 'merge_install': False, 'path': '/home/yhcvy/learn/ros2_ws/src/sekirei_urdf', 'symlink_install': False, 'test_result_base': None}
[0.599s] INFO:colcon.colcon_core.executor:Executing jobs using 'parallel' executor
[0.600s] DEBUG:colcon.colcon_parallel_executor.executor.parallel:run_until_complete
[0.600s] INFO:colcon.colcon_ros.task.ament_cmake.build:Building ROS package in '/home/yhcvy/learn/ros2_ws/src/arm_controller' with build type 'ament_cmake'
[0.600s] INFO:colcon.colcon_cmake.task.cmake.build:Building CMake package in '/home/yhcvy/learn/ros2_ws/src/arm_controller'
[0.604s] INFO:colcon.colcon_core.plugin_system:Skipping extension 'colcon_core.shell.bat': Not used on non-Windows systems
[0.604s] INFO:colcon.colcon_core.shell:Skip shell extension 'powershell' for command environment: Not usable outside of PowerShell
[0.604s] DEBUG:colcon.colcon_core.shell:Skip shell extension 'dsv' for command environment
[0.608s] INFO:colcon.colcon_ros.task.ament_cmake.build:Building ROS package in '/home/yhcvy/learn/ros2_ws/src/sekirei_urdf' with build type 'ament_cmake'
[0.608s] INFO:colcon.colcon_cmake.task.cmake.build:Building CMake package in '/home/yhcvy/learn/ros2_ws/src/sekirei_urdf'
[0.609s] INFO:colcon.colcon_core.shell:Skip shell extension 'powershell' for command environment: Not usable outside of PowerShell
[0.609s] DEBUG:colcon.colcon_core.shell:Skip shell extension 'dsv' for command environment
[0.622s] DEBUG:colcon.colcon_core.event_handler.log_command:Invoking command in '/home/yhcvy/learn/ros2_ws/build/arm_controller': CMAKE_PREFIX_PATH=${CMAKE_PREFIX_PATH}:/opt/ros/jazzy DEBUGINFOD_URLS=https://debuginfod.ubuntu.com /usr/bin/cmake --build /home/yhcvy/learn/ros2_ws/build/arm_controller -- -j12 -l12
[0.633s] DEBUG:colcon.colcon_core.event_handler.log_command:Invoking command in '/home/yhcvy/learn/ros2_ws/build/sekirei_urdf': CMAKE_PREFIX_PATH=${CMAKE_PREFIX_PATH}:/opt/ros/jazzy DEBUGINFOD_URLS=https://debuginfod.ubuntu.com /usr/bin/cmake /home/yhcvy/learn/ros2_ws/src/sekirei_urdf -DCMAKE_INSTALL_PREFIX=/home/yhcvy/learn/ros2_ws/install/sekirei_urdf
[1.253s] DEBUG:colcon.colcon_core.event_handler.log_command:Invoked command in '/home/yhcvy/learn/ros2_ws/build/arm_controller' returned '0': CMAKE_PREFIX_PATH=${CMAKE_PREFIX_PATH}:/opt/ros/jazzy DEBUGINFOD_URLS=https://debuginfod.ubuntu.com /usr/bin/cmake --build /home/yhcvy/learn/ros2_ws/build/arm_controller -- -j12 -l12
[1.270s] DEBUG:colcon.colcon_core.event_handler.log_command:Invoking command in '/home/yhcvy/learn/ros2_ws/build/arm_controller': CMAKE_PREFIX_PATH=${CMAKE_PREFIX_PATH}:/opt/ros/jazzy DEBUGINFOD_URLS=https://debuginfod.ubuntu.com /usr/bin/cmake --install /home/yhcvy/learn/ros2_ws/build/arm_controller
[1.297s] Level 1:colcon.colcon_core.environment:create_environment_scripts_only(arm_controller)
[1.298s] DEBUG:colcon.colcon_core.event_handler.log_command:Invoked command in '/home/yhcvy/learn/ros2_ws/build/arm_controller' returned '0': CMAKE_PREFIX_PATH=${CMAKE_PREFIX_PATH}:/opt/ros/jazzy DEBUGINFOD_URLS=https://debuginfod.ubuntu.com /usr/bin/cmake --install /home/yhcvy/learn/ros2_ws/build/arm_controller
[1.302s] Level 1:colcon.colcon_core.environment:checking '/home/yhcvy/learn/ros2_ws/install/arm_controller' for CMake module files
[1.303s] Level 1:colcon.colcon_core.environment:checking '/home/yhcvy/learn/ros2_ws/install/arm_controller' for CMake config files
[1.304s] Level 1:colcon.colcon_core.shell:create_environment_hook('arm_controller', 'cmake_prefix_path')
[1.304s] INFO:colcon.colcon_core.shell:Creating environment hook '/home/yhcvy/learn/ros2_ws/install/arm_controller/share/arm_controller/hook/cmake_prefix_path.ps1'
[1.306s] INFO:colcon.colcon_core.shell:Creating environment descriptor '/home/yhcvy/learn/ros2_ws/install/arm_controller/share/arm_controller/hook/cmake_prefix_path.dsv'
[1.307s] INFO:colcon.colcon_core.shell:Creating environment hook '/home/yhcvy/learn/ros2_ws/install/arm_controller/share/arm_controller/hook/cmake_prefix_path.sh'
[1.308s] Level 1:colcon.colcon_core.environment:checking '/home/yhcvy/learn/ros2_ws/install/arm_controller/lib'
[1.309s] Level 1:colcon.colcon_core.environment:checking '/home/yhcvy/learn/ros2_ws/install/arm_controller/bin'
[1.309s] Level 1:colcon.colcon_core.environment:checking '/home/yhcvy/learn/ros2_ws/install/arm_controller/lib/pkgconfig/arm_controller.pc'
[1.309s] Level 1:colcon.colcon_core.environment:checking '/home/yhcvy/learn/ros2_ws/install/arm_controller/lib/python3.12/site-packages'
[1.309s] Level 1:colcon.colcon_core.environment:checking '/home/yhcvy/learn/ros2_ws/install/arm_controller/bin'
[1.310s] INFO:colcon.colcon_core.shell:Creating package script '/home/yhcvy/learn/ros2_ws/install/arm_controller/share/arm_controller/package.ps1'
[1.311s] INFO:colcon.colcon_core.shell:Creating package descriptor '/home/yhcvy/learn/ros2_ws/install/arm_controller/share/arm_controller/package.dsv'
[1.312s] INFO:colcon.colcon_core.shell:Creating package script '/home/yhcvy/learn/ros2_ws/install/arm_controller/share/arm_controller/package.sh'
[1.312s] INFO:colcon.colcon_core.shell:Creating package script '/home/yhcvy/learn/ros2_ws/install/arm_controller/share/arm_controller/package.bash'
[1.313s] INFO:colcon.colcon_core.shell:Creating package script '/home/yhcvy/learn/ros2_ws/install/arm_controller/share/arm_controller/package.zsh'
[1.313s] Level 1:colcon.colcon_core.environment:create_file_with_runtime_dependencies(/home/yhcvy/learn/ros2_ws/install/arm_controller/share/colcon-core/packages/arm_controller)
[1.315s] Level 1:colcon.colcon_core.environment:create_environment_scripts_only(arm_controller)
[1.315s] Level 1:colcon.colcon_core.environment:checking '/home/yhcvy/learn/ros2_ws/install/arm_controller' for CMake module files
[1.316s] Level 1:colcon.colcon_core.environment:checking '/home/yhcvy/learn/ros2_ws/install/arm_controller' for CMake config files
[1.316s] Level 1:colcon.colcon_core.shell:create_environment_hook('arm_controller', 'cmake_prefix_path')
[1.316s] INFO:colcon.colcon_core.shell:Creating environment hook '/home/yhcvy/learn/ros2_ws/install/arm_controller/share/arm_controller/hook/cmake_prefix_path.ps1'
[1.317s] INFO:colcon.colcon_core.shell:Creating environment descriptor '/home/yhcvy/learn/ros2_ws/install/arm_controller/share/arm_controller/hook/cmake_prefix_path.dsv'
[1.318s] INFO:colcon.colcon_core.shell:Creating environment hook '/home/yhcvy/learn/ros2_ws/install/arm_controller/share/arm_controller/hook/cmake_prefix_path.sh'
[1.318s] Level 1:colcon.colcon_core.environment:checking '/home/yhcvy/learn/ros2_ws/install/arm_controller/lib'
[1.318s] Level 1:colcon.colcon_core.environment:checking '/home/yhcvy/learn/ros2_ws/install/arm_controller/bin'
[1.318s] Level 1:colcon.colcon_core.environment:checking '/home/yhcvy/learn/ros2_ws/install/arm_controller/lib/pkgconfig/arm_controller.pc'
[1.319s] Level 1:colcon.colcon_core.environment:checking '/home/yhcvy/learn/ros2_ws/install/arm_controller/lib/python3.12/site-packages'
[1.319s] Level 1:colcon.colcon_core.environment:checking '/home/yhcvy/learn/ros2_ws/install/arm_controller/bin'
[1.319s] INFO:colcon.colcon_core.shell:Creating package script '/home/yhcvy/learn/ros2_ws/install/arm_controller/share/arm_controller/package.ps1'
[1.320s] INFO:colcon.colcon_core.shell:Creating package descriptor '/home/yhcvy/learn/ros2_ws/install/arm_controller/share/arm_controller/package.dsv'
[1.320s] INFO:colcon.colcon_core.shell:Creating package script '/home/yhcvy/learn/ros2_ws/install/arm_controller/share/arm_controller/package.sh'
[1.320s] INFO:colcon.colcon_core.shell:Creating package script '/home/yhcvy/learn/ros2_ws/install/arm_controller/share/arm_controller/package.bash'
[1.321s] INFO:colcon.colcon_core.shell:Creating package script '/home/yhcvy/learn/ros2_ws/install/arm_controller/share/arm_controller/package.zsh'
[1.321s] Level 1:colcon.colcon_core.environment:create_file_with_runtime_dependencies(/home/yhcvy/learn/ros2_ws/install/arm_controller/share/colcon-core/packages/arm_controller)
[1.329s] DEBUG:colcon.colcon_core.event_handler.log_command:Invoked command in '/home/yhcvy/learn/ros2_ws/build/sekirei_urdf' returned '0': CMAKE_PREFIX_PATH=${CMAKE_PREFIX_PATH}:/opt/ros/jazzy DEBUGINFOD_URLS=https://debuginfod.ubuntu.com /usr/bin/cmake /home/yhcvy/learn/ros2_ws/src/sekirei_urdf -DCMAKE_INSTALL_PREFIX=/home/yhcvy/learn/ros2_ws/install/sekirei_urdf
[1.330s] DEBUG:colcon.colcon_core.event_handler.log_command:Invoking command in '/home/yhcvy/learn/ros2_ws/build/sekirei_urdf': CMAKE_PREFIX_PATH=${CMAKE_PREFIX_PATH}:/opt/ros/jazzy DEBUGINFOD_URLS=https://debuginfod.ubuntu.com /usr/bin/cmake --build /home/yhcvy/learn/ros2_ws/build/sekirei_urdf -- -j12 -l12
[1.370s] DEBUG:colcon.colcon_core.event_handler.log_command:Invoked command in '/home/yhcvy/learn/ros2_ws/build/sekirei_urdf' returned '0': CMAKE_PREFIX_PATH=${CMAKE_PREFIX_PATH}:/opt/ros/jazzy DEBUGINFOD_URLS=https://debuginfod.ubuntu.com /usr/bin/cmake --build /home/yhcvy/learn/ros2_ws/build/sekirei_urdf -- -j12 -l12
[1.371s] DEBUG:colcon.colcon_core.event_handler.log_command:Invoking command in '/home/yhcvy/learn/ros2_ws/build/sekirei_urdf': CMAKE_PREFIX_PATH=${CMAKE_PREFIX_PATH}:/opt/ros/jazzy DEBUGINFOD_URLS=https://debuginfod.ubuntu.com /usr/bin/cmake --install /home/yhcvy/learn/ros2_ws/build/sekirei_urdf
[1.387s] Level 1:colcon.colcon_core.environment:create_environment_scripts_only(sekirei_urdf)
[1.387s] Level 1:colcon.colcon_core.environment:checking '/home/yhcvy/learn/ros2_ws/install/sekirei_urdf' for CMake module files
[1.388s] DEBUG:colcon.colcon_core.event_handler.log_command:Invoked command in '/home/yhcvy/learn/ros2_ws/build/sekirei_urdf' returned '0': CMAKE_PREFIX_PATH=${CMAKE_PREFIX_PATH}:/opt/ros/jazzy DEBUGINFOD_URLS=https://debuginfod.ubuntu.com /usr/bin/cmake --install /home/yhcvy/learn/ros2_ws/build/sekirei_urdf
[1.388s] Level 1:colcon.colcon_core.environment:checking '/home/yhcvy/learn/ros2_ws/install/sekirei_urdf' for CMake config files
[1.388s] Level 1:colcon.colcon_core.shell:create_environment_hook('sekirei_urdf', 'cmake_prefix_path')
[1.388s] INFO:colcon.colcon_core.shell:Creating environment hook '/home/yhcvy/learn/ros2_ws/install/sekirei_urdf/share/sekirei_urdf/hook/cmake_prefix_path.ps1'
[1.389s] INFO:colcon.colcon_core.shell:Creating environment descriptor '/home/yhcvy/learn/ros2_ws/install/sekirei_urdf/share/sekirei_urdf/hook/cmake_prefix_path.dsv'
[1.389s] INFO:colcon.colcon_core.shell:Creating environment hook '/home/yhcvy/learn/ros2_ws/install/sekirei_urdf/share/sekirei_urdf/hook/cmake_prefix_path.sh'
[1.389s] Level 1:colcon.colcon_core.environment:checking '/home/yhcvy/learn/ros2_ws/install/sekirei_urdf/bin'
[1.390s] Level 1:colcon.colcon_core.environment:checking '/home/yhcvy/learn/ros2_ws/install/sekirei_urdf/lib/pkgconfig/sekirei_urdf.pc'
[1.390s] Level 1:colcon.colcon_core.environment:checking '/home/yhcvy/learn/ros2_ws/install/sekirei_urdf/lib/python3.12/site-packages'
[1.390s] Level 1:colcon.colcon_core.environment:checking '/home/yhcvy/learn/ros2_ws/install/sekirei_urdf/bin'
[1.390s] INFO:colcon.colcon_core.shell:Creating package script '/home/yhcvy/learn/ros2_ws/install/sekirei_urdf/share/sekirei_urdf/package.ps1'
[1.391s] INFO:colcon.colcon_core.shell:Creating package descriptor '/home/yhcvy/learn/ros2_ws/install/sekirei_urdf/share/sekirei_urdf/package.dsv'
[1.391s] INFO:colcon.colcon_core.shell:Creating package script '/home/yhcvy/learn/ros2_ws/install/sekirei_urdf/share/sekirei_urdf/package.sh'
[1.391s] INFO:colcon.colcon_core.shell:Creating package script '/home/yhcvy/learn/ros2_ws/install/sekirei_urdf/share/sekirei_urdf/package.bash'
[1.392s] INFO:colcon.colcon_core.shell:Creating package script '/home/yhcvy/learn/ros2_ws/install/sekirei_urdf/share/sekirei_urdf/package.zsh'
[1.392s] Level 1:colcon.colcon_core.environment:create_file_with_runtime_dependencies(/home/yhcvy/learn/ros2_ws/install/sekirei_urdf/share/colcon-core/packages/sekirei_urdf)
[1.393s] Level 1:colcon.colcon_core.environment:create_environment_scripts_only(sekirei_urdf)
[1.393s] Level 1:colcon.colcon_core.environment:checking '/home/yhcvy/learn/ros2_ws/install/sekirei_urdf' for CMake module files
[1.393s] Level 1:colcon.colcon_core.environment:checking '/home/yhcvy/learn/ros2_ws/install/sekirei_urdf' for CMake config files
[1.393s] Level 1:colcon.colcon_core.shell:create_environment_hook('sekirei_urdf', 'cmake_prefix_path')
[1.393s] INFO:colcon.colcon_core.shell:Creating environment hook '/home/yhcvy/learn/ros2_ws/install/sekirei_urdf/share/sekirei_urdf/hook/cmake_prefix_path.ps1'
[1.393s] INFO:colcon.colcon_core.shell:Creating environment descriptor '/home/yhcvy/learn/ros2_ws/install/sekirei_urdf/share/sekirei_urdf/hook/cmake_prefix_path.dsv'
[1.394s] INFO:colcon.colcon_core.shell:Creating environment hook '/home/yhcvy/learn/ros2_ws/install/sekirei_urdf/share/sekirei_urdf/hook/cmake_prefix_path.sh'
[1.394s] Level 1:colcon.colcon_core.environment:checking '/home/yhcvy/learn/ros2_ws/install/sekirei_urdf/bin'
[1.394s] Level 1:colcon.colcon_core.environment:checking '/home/yhcvy/learn/ros2_ws/install/sekirei_urdf/lib/pkgconfig/sekirei_urdf.pc'
[1.395s] Level 1:colcon.colcon_core.environment:checking '/home/yhcvy/learn/ros2_ws/install/sekirei_urdf/lib/python3.12/site-packages'
[1.395s] Level 1:colcon.colcon_core.environment:checking '/home/yhcvy/learn/ros2_ws/install/sekirei_urdf/bin'
[1.395s] INFO:colcon.colcon_core.shell:Creating package script '/home/yhcvy/learn/ros2_ws/install/sekirei_urdf/share/sekirei_urdf/package.ps1'
[1.395s] INFO:colcon.colcon_core.shell:Creating package descriptor '/home/yhcvy/learn/ros2_ws/install/sekirei_urdf/share/sekirei_urdf/package.dsv'
[1.396s] INFO:colcon.colcon_core.shell:Creating package script '/home/yhcvy/learn/ros2_ws/install/sekirei_urdf/share/sekirei_urdf/package.sh'
[1.396s] INFO:colcon.colcon_core.shell:Creating package script '/home/yhcvy/learn/ros2_ws/install/sekirei_urdf/share/sekirei_urdf/package.bash'
[1.397s] INFO:colcon.colcon_core.shell:Creating package script '/home/yhcvy/learn/ros2_ws/install/sekirei_urdf/share/sekirei_urdf/package.zsh'
[1.397s] Level 1:colcon.colcon_core.environment:create_file_with_runtime_dependencies(/home/yhcvy/learn/ros2_ws/install/sekirei_urdf/share/colcon-core/packages/sekirei_urdf)
[1.398s] DEBUG:colcon.colcon_parallel_executor.executor.parallel:closing loop
[1.398s] DEBUG:colcon.colcon_parallel_executor.executor.parallel:loop closed
[1.398s] DEBUG:colcon.colcon_parallel_executor.executor.parallel:run_until_complete finished with '0'
[1.399s] DEBUG:colcon.colcon_core.event_reactor:joining thread
[1.471s] INFO:colcon.colcon_core.plugin_system:Skipping extension 'colcon_notification.desktop_notification.notify_send': Could not find 'notify-send'
[1.472s] INFO:colcon.colcon_core.plugin_system:Skipping extension 'colcon_notification.desktop_notification.terminal_notifier': Not used on non-Darwin systems
[1.472s] INFO:colcon.colcon_core.plugin_system:Skipping extension 'colcon_notification.desktop_notification.win32': Not used on non-Windows systems
[1.472s] INFO:colcon.colcon_notification.desktop_notification:Sending desktop notification using 'notify2'
[1.474s] DEBUG:colcon.colcon_notification.desktop_notification.notify2:Failed to initialize notify2: org.freedesktop.DBus.Error.ServiceUnknown: The name org.freedesktop.Notifications was not provided by any .service files
[1.474s] DEBUG:colcon.colcon_core.event_reactor:joined thread
[1.474s] INFO:colcon.colcon_core.shell:Creating prefix script '/home/yhcvy/learn/ros2_ws/install/local_setup.ps1'
[1.476s] INFO:colcon.colcon_core.shell:Creating prefix util module '/home/yhcvy/learn/ros2_ws/install/_local_setup_util_ps1.py'
[1.477s] INFO:colcon.colcon_core.shell:Creating prefix chain script '/home/yhcvy/learn/ros2_ws/install/setup.ps1'
[1.479s] INFO:colcon.colcon_core.shell:Creating prefix script '/home/yhcvy/learn/ros2_ws/install/local_setup.sh'
[1.479s] INFO:colcon.colcon_core.shell:Creating prefix util module '/home/yhcvy/learn/ros2_ws/install/_local_setup_util_sh.py'
[1.480s] INFO:colcon.colcon_core.shell:Creating prefix chain script '/home/yhcvy/learn/ros2_ws/install/setup.sh'
[1.481s] INFO:colcon.colcon_core.shell:Creating prefix script '/home/yhcvy/learn/ros2_ws/install/local_setup.bash'
[1.481s] INFO:colcon.colcon_core.shell:Creating prefix chain script '/home/yhcvy/learn/ros2_ws/install/setup.bash'
[1.482s] INFO:colcon.colcon_core.shell:Creating prefix script '/home/yhcvy/learn/ros2_ws/install/local_setup.zsh'
[1.483s] INFO:colcon.colcon_core.shell:Creating prefix chain script '/home/yhcvy/learn/ros2_ws/install/setup.zsh'
