[0.575s] DEBUG:colcon:Command line arguments: ['/usr/bin/colcon', 'build', '--packages-select', 'sekirei_urdf', 'arm_controller']
[0.576s] DEBUG:colcon:Parsed command line arguments: Namespace(log_base=None, log_level=None, verb_name='build', build_base='build', install_base='install', merge_install=False, symlink_install=False, test_result_base=None, continue_on_error=False, executor='parallel', parallel_workers=12, event_handlers=None, ignore_user_meta=False, metas=['./colcon.meta'], base_paths=['.'], packages_ignore=None, packages_ignore_regex=None, paths=None, packages_up_to=None, packages_up_to_regex=None, packages_above=None, packages_above_and_dependencies=None, packages_above_depth=None, packages_select_by_dep=None, packages_skip_by_dep=None, packages_skip_up_to=None, packages_select_build_failed=False, packages_skip_build_finished=False, packages_select_test_failures=False, packages_skip_test_passed=False, packages_select=['sekirei_urdf', 'arm_controller'], packages_skip=None, packages_select_regex=None, packages_skip_regex=None, packages_start=None, packages_end=None, allow_overriding=[], cmake_args=None, cmake_target=None, cmake_target_skip_unavailable=False, cmake_clean_cache=False, cmake_clean_first=False, cmake_force_configure=False, ament_cmake_args=None, catkin_cmake_args=None, catkin_skip_building_tests=False, mixin_files=None, mixin=None, verb_parser=<colcon_mixin.mixin.mixin_argument.MixinArgumentDecorator object at 0x7ff30de6b230>, verb_extension=<colcon_core.verb.build.BuildVerb object at 0x7ff30de6abd0>, main=<bound method BuildVerb.main of <colcon_core.verb.build.BuildVerb object at 0x7ff30de6abd0>>, mixin_verb=('build',))
[0.642s] Level 1:colcon.colcon_core.package_discovery:discover_packages(colcon_meta) check parameters
[0.642s] Level 1:colcon.colcon_core.package_discovery:discover_packages(recursive) check parameters
[0.642s] Level 1:colcon.colcon_core.package_discovery:discover_packages(ignore) check parameters
[0.642s] Level 1:colcon.colcon_core.package_discovery:discover_packages(path) check parameters
[0.642s] Level 1:colcon.colcon_core.package_discovery:discover_packages(colcon_meta) discover
[0.643s] Level 1:colcon.colcon_core.package_discovery:discover_packages(recursive) discover
[0.643s] INFO:colcon.colcon_core.package_discovery:Crawling recursively for packages in '/home/yhcvy/learn/ros2_ws'
[0.643s] Level 1:colcon.colcon_core.package_identification:_identify(.) by extensions ['ignore', 'ignore_ament_install']
[0.643s] Level 1:colcon.colcon_core.package_identification:_identify(.) by extension 'ignore'
[0.643s] Level 1:colcon.colcon_core.package_identification:_identify(.) by extension 'ignore_ament_install'
[0.643s] Level 1:colcon.colcon_core.package_identification:_identify(.) by extensions ['colcon_pkg']
[0.643s] Level 1:colcon.colcon_core.package_identification:_identify(.) by extension 'colcon_pkg'
[0.643s] Level 1:colcon.colcon_core.package_identification:_identify(.) by extensions ['colcon_meta']
[0.643s] Level 1:colcon.colcon_core.package_identification:_identify(.) by extension 'colcon_meta'
[0.644s] Level 1:colcon.colcon_core.package_identification:_identify(.) by extensions ['ros']
[0.644s] Level 1:colcon.colcon_core.package_identification:_identify(.) by extension 'ros'
[0.682s] Level 1:colcon.colcon_core.package_identification:_identify(.) by extensions ['cmake', 'python']
[0.682s] Level 1:colcon.colcon_core.package_identification:_identify(.) by extension 'cmake'
[0.682s] Level 1:colcon.colcon_core.package_identification:_identify(.) by extension 'python'
[0.682s] Level 1:colcon.colcon_core.package_identification:_identify(.) by extensions ['python_setup_py']
[0.682s] Level 1:colcon.colcon_core.package_identification:_identify(.) by extension 'python_setup_py'
[0.683s] Level 1:colcon.colcon_core.package_identification:_identify(build) by extensions ['ignore', 'ignore_ament_install']
[0.683s] Level 1:colcon.colcon_core.package_identification:_identify(build) by extension 'ignore'
[0.683s] Level 1:colcon.colcon_core.package_identification:_identify(build) ignored
[0.683s] Level 1:colcon.colcon_core.package_identification:_identify(install) by extensions ['ignore', 'ignore_ament_install']
[0.683s] Level 1:colcon.colcon_core.package_identification:_identify(install) by extension 'ignore'
[0.683s] Level 1:colcon.colcon_core.package_identification:_identify(install) ignored
[0.683s] Level 1:colcon.colcon_core.package_identification:_identify(log) by extensions ['ignore', 'ignore_ament_install']
[0.683s] Level 1:colcon.colcon_core.package_identification:_identify(log) by extension 'ignore'
[0.683s] Level 1:colcon.colcon_core.package_identification:_identify(log) ignored
[0.683s] Level 1:colcon.colcon_core.package_identification:_identify(rviz) by extensions ['ignore', 'ignore_ament_install']
[0.683s] Level 1:colcon.colcon_core.package_identification:_identify(rviz) by extension 'ignore'
[0.683s] Level 1:colcon.colcon_core.package_identification:_identify(rviz) by extension 'ignore_ament_install'
[0.683s] Level 1:colcon.colcon_core.package_identification:_identify(rviz) by extensions ['colcon_pkg']
[0.683s] Level 1:colcon.colcon_core.package_identification:_identify(rviz) by extension 'colcon_pkg'
[0.683s] Level 1:colcon.colcon_core.package_identification:_identify(rviz) by extensions ['colcon_meta']
[0.683s] Level 1:colcon.colcon_core.package_identification:_identify(rviz) by extension 'colcon_meta'
[0.683s] Level 1:colcon.colcon_core.package_identification:_identify(rviz) by extensions ['ros']
[0.683s] Level 1:colcon.colcon_core.package_identification:_identify(rviz) by extension 'ros'
[0.684s] Level 1:colcon.colcon_core.package_identification:_identify(rviz) by extensions ['cmake', 'python']
[0.684s] Level 1:colcon.colcon_core.package_identification:_identify(rviz) by extension 'cmake'
[0.684s] Level 1:colcon.colcon_core.package_identification:_identify(rviz) by extension 'python'
[0.684s] Level 1:colcon.colcon_core.package_identification:_identify(rviz) by extensions ['python_setup_py']
[0.684s] Level 1:colcon.colcon_core.package_identification:_identify(rviz) by extension 'python_setup_py'
[0.684s] Level 1:colcon.colcon_core.package_identification:_identify(src) by extensions ['ignore', 'ignore_ament_install']
[0.684s] Level 1:colcon.colcon_core.package_identification:_identify(src) by extension 'ignore'
[0.684s] Level 1:colcon.colcon_core.package_identification:_identify(src) by extension 'ignore_ament_install'
[0.684s] Level 1:colcon.colcon_core.package_identification:_identify(src) by extensions ['colcon_pkg']
[0.684s] Level 1:colcon.colcon_core.package_identification:_identify(src) by extension 'colcon_pkg'
[0.684s] Level 1:colcon.colcon_core.package_identification:_identify(src) by extensions ['colcon_meta']
[0.684s] Level 1:colcon.colcon_core.package_identification:_identify(src) by extension 'colcon_meta'
[0.684s] Level 1:colcon.colcon_core.package_identification:_identify(src) by extensions ['ros']
[0.684s] Level 1:colcon.colcon_core.package_identification:_identify(src) by extension 'ros'
[0.684s] Level 1:colcon.colcon_core.package_identification:_identify(src) by extensions ['cmake', 'python']
[0.684s] Level 1:colcon.colcon_core.package_identification:_identify(src) by extension 'cmake'
[0.685s] Level 1:colcon.colcon_core.package_identification:_identify(src) by extension 'python'
[0.685s] Level 1:colcon.colcon_core.package_identification:_identify(src) by extensions ['python_setup_py']
[0.685s] Level 1:colcon.colcon_core.package_identification:_identify(src) by extension 'python_setup_py'
[0.685s] Level 1:colcon.colcon_core.package_identification:_identify(src/arm_controller) by extensions ['ignore', 'ignore_ament_install']
[0.685s] Level 1:colcon.colcon_core.package_identification:_identify(src/arm_controller) by extension 'ignore'
[0.685s] Level 1:colcon.colcon_core.package_identification:_identify(src/arm_controller) by extension 'ignore_ament_install'
[0.685s] Level 1:colcon.colcon_core.package_identification:_identify(src/arm_controller) by extensions ['colcon_pkg']
[0.685s] Level 1:colcon.colcon_core.package_identification:_identify(src/arm_controller) by extension 'colcon_pkg'
[0.685s] Level 1:colcon.colcon_core.package_identification:_identify(src/arm_controller) by extensions ['colcon_meta']
[0.685s] Level 1:colcon.colcon_core.package_identification:_identify(src/arm_controller) by extension 'colcon_meta'
[0.685s] Level 1:colcon.colcon_core.package_identification:_identify(src/arm_controller) by extensions ['ros']
[0.685s] Level 1:colcon.colcon_core.package_identification:_identify(src/arm_controller) by extension 'ros'
[0.690s] DEBUG:colcon.colcon_core.package_identification:Package 'src/arm_controller' with type 'ros.ament_cmake' and name 'arm_controller'
[0.690s] Level 1:colcon.colcon_core.package_identification:_identify(src/cpp_srvcli) by extensions ['ignore', 'ignore_ament_install']
[0.690s] Level 1:colcon.colcon_core.package_identification:_identify(src/cpp_srvcli) by extension 'ignore'
[0.690s] Level 1:colcon.colcon_core.package_identification:_identify(src/cpp_srvcli) by extension 'ignore_ament_install'
[0.690s] Level 1:colcon.colcon_core.package_identification:_identify(src/cpp_srvcli) by extensions ['colcon_pkg']
[0.690s] Level 1:colcon.colcon_core.package_identification:_identify(src/cpp_srvcli) by extension 'colcon_pkg'
[0.691s] Level 1:colcon.colcon_core.package_identification:_identify(src/cpp_srvcli) by extensions ['colcon_meta']
[0.691s] Level 1:colcon.colcon_core.package_identification:_identify(src/cpp_srvcli) by extension 'colcon_meta'
[0.691s] Level 1:colcon.colcon_core.package_identification:_identify(src/cpp_srvcli) by extensions ['ros']
[0.691s] Level 1:colcon.colcon_core.package_identification:_identify(src/cpp_srvcli) by extension 'ros'
[0.692s] DEBUG:colcon.colcon_core.package_identification:Package 'src/cpp_srvcli' with type 'ros.ament_cmake' and name 'cpp_srvcli'
[0.692s] Level 1:colcon.colcon_core.package_identification:_identify(src/custom_action_cpp) by extensions ['ignore', 'ignore_ament_install']
[0.692s] Level 1:colcon.colcon_core.package_identification:_identify(src/custom_action_cpp) by extension 'ignore'
[0.692s] Level 1:colcon.colcon_core.package_identification:_identify(src/custom_action_cpp) by extension 'ignore_ament_install'
[0.692s] Level 1:colcon.colcon_core.package_identification:_identify(src/custom_action_cpp) by extensions ['colcon_pkg']
[0.693s] Level 1:colcon.colcon_core.package_identification:_identify(src/custom_action_cpp) by extension 'colcon_pkg'
[0.693s] Level 1:colcon.colcon_core.package_identification:_identify(src/custom_action_cpp) by extensions ['colcon_meta']
[0.693s] Level 1:colcon.colcon_core.package_identification:_identify(src/custom_action_cpp) by extension 'colcon_meta'
[0.693s] Level 1:colcon.colcon_core.package_identification:_identify(src/custom_action_cpp) by extensions ['ros']
[0.693s] Level 1:colcon.colcon_core.package_identification:_identify(src/custom_action_cpp) by extension 'ros'
[0.694s] DEBUG:colcon.colcon_core.package_identification:Package 'src/custom_action_cpp' with type 'ros.ament_cmake' and name 'custom_action_cpp'
[0.694s] Level 1:colcon.colcon_core.package_identification:_identify(src/custom_action_interfaces) by extensions ['ignore', 'ignore_ament_install']
[0.694s] Level 1:colcon.colcon_core.package_identification:_identify(src/custom_action_interfaces) by extension 'ignore'
[0.694s] Level 1:colcon.colcon_core.package_identification:_identify(src/custom_action_interfaces) by extension 'ignore_ament_install'
[0.694s] Level 1:colcon.colcon_core.package_identification:_identify(src/custom_action_interfaces) by extensions ['colcon_pkg']
[0.694s] Level 1:colcon.colcon_core.package_identification:_identify(src/custom_action_interfaces) by extension 'colcon_pkg'
[0.694s] Level 1:colcon.colcon_core.package_identification:_identify(src/custom_action_interfaces) by extensions ['colcon_meta']
[0.694s] Level 1:colcon.colcon_core.package_identification:_identify(src/custom_action_interfaces) by extension 'colcon_meta'
[0.694s] Level 1:colcon.colcon_core.package_identification:_identify(src/custom_action_interfaces) by extensions ['ros']
[0.694s] Level 1:colcon.colcon_core.package_identification:_identify(src/custom_action_interfaces) by extension 'ros'
[0.695s] DEBUG:colcon.colcon_core.package_identification:Package 'src/custom_action_interfaces' with type 'ros.ament_cmake' and name 'custom_action_interfaces'
[0.695s] Level 1:colcon.colcon_core.package_identification:_identify(src/joystick_test_pkg) by extensions ['ignore', 'ignore_ament_install']
[0.695s] Level 1:colcon.colcon_core.package_identification:_identify(src/joystick_test_pkg) by extension 'ignore'
[0.695s] Level 1:colcon.colcon_core.package_identification:_identify(src/joystick_test_pkg) by extension 'ignore_ament_install'
[0.696s] Level 1:colcon.colcon_core.package_identification:_identify(src/joystick_test_pkg) by extensions ['colcon_pkg']
[0.696s] Level 1:colcon.colcon_core.package_identification:_identify(src/joystick_test_pkg) by extension 'colcon_pkg'
[0.696s] Level 1:colcon.colcon_core.package_identification:_identify(src/joystick_test_pkg) by extensions ['colcon_meta']
[0.696s] Level 1:colcon.colcon_core.package_identification:_identify(src/joystick_test_pkg) by extension 'colcon_meta'
[0.696s] Level 1:colcon.colcon_core.package_identification:_identify(src/joystick_test_pkg) by extensions ['ros']
[0.696s] Level 1:colcon.colcon_core.package_identification:_identify(src/joystick_test_pkg) by extension 'ros'
[0.696s] DEBUG:colcon.colcon_core.package_identification:Package 'src/joystick_test_pkg' with type 'ros.ament_cmake' and name 'joystick_test_pkg'
[0.696s] Level 1:colcon.colcon_core.package_identification:_identify(src/launch_tutorial) by extensions ['ignore', 'ignore_ament_install']
[0.696s] Level 1:colcon.colcon_core.package_identification:_identify(src/launch_tutorial) by extension 'ignore'
[0.696s] Level 1:colcon.colcon_core.package_identification:_identify(src/launch_tutorial) by extension 'ignore_ament_install'
[0.696s] Level 1:colcon.colcon_core.package_identification:_identify(src/launch_tutorial) by extensions ['colcon_pkg']
[0.696s] Level 1:colcon.colcon_core.package_identification:_identify(src/launch_tutorial) by extension 'colcon_pkg'
[0.696s] Level 1:colcon.colcon_core.package_identification:_identify(src/launch_tutorial) by extensions ['colcon_meta']
[0.696s] Level 1:colcon.colcon_core.package_identification:_identify(src/launch_tutorial) by extension 'colcon_meta'
[0.696s] Level 1:colcon.colcon_core.package_identification:_identify(src/launch_tutorial) by extensions ['ros']
[0.696s] Level 1:colcon.colcon_core.package_identification:_identify(src/launch_tutorial) by extension 'ros'
[0.697s] DEBUG:colcon.colcon_core.package_identification:Package 'src/launch_tutorial' with type 'ros.ament_cmake' and name 'launch_tutorial'
[0.697s] Level 1:colcon.colcon_core.package_identification:_identify(src/sekirei_urdf) by extensions ['ignore', 'ignore_ament_install']
[0.697s] Level 1:colcon.colcon_core.package_identification:_identify(src/sekirei_urdf) by extension 'ignore'
[0.697s] Level 1:colcon.colcon_core.package_identification:_identify(src/sekirei_urdf) by extension 'ignore_ament_install'
[0.697s] Level 1:colcon.colcon_core.package_identification:_identify(src/sekirei_urdf) by extensions ['colcon_pkg']
[0.697s] Level 1:colcon.colcon_core.package_identification:_identify(src/sekirei_urdf) by extension 'colcon_pkg'
[0.697s] Level 1:colcon.colcon_core.package_identification:_identify(src/sekirei_urdf) by extensions ['colcon_meta']
[0.697s] Level 1:colcon.colcon_core.package_identification:_identify(src/sekirei_urdf) by extension 'colcon_meta'
[0.697s] Level 1:colcon.colcon_core.package_identification:_identify(src/sekirei_urdf) by extensions ['ros']
[0.697s] Level 1:colcon.colcon_core.package_identification:_identify(src/sekirei_urdf) by extension 'ros'
[0.698s] DEBUG:colcon.colcon_core.package_identification:Package 'src/sekirei_urdf' with type 'ros.ament_cmake' and name 'sekirei_urdf'
[0.698s] Level 1:colcon.colcon_core.package_identification:_identify(src/serial) by extensions ['ignore', 'ignore_ament_install']
[0.698s] Level 1:colcon.colcon_core.package_identification:_identify(src/serial) by extension 'ignore'
[0.698s] Level 1:colcon.colcon_core.package_identification:_identify(src/serial) by extension 'ignore_ament_install'
[0.698s] Level 1:colcon.colcon_core.package_identification:_identify(src/serial) by extensions ['colcon_pkg']
[0.698s] Level 1:colcon.colcon_core.package_identification:_identify(src/serial) by extension 'colcon_pkg'
[0.698s] Level 1:colcon.colcon_core.package_identification:_identify(src/serial) by extensions ['colcon_meta']
[0.698s] Level 1:colcon.colcon_core.package_identification:_identify(src/serial) by extension 'colcon_meta'
[0.698s] Level 1:colcon.colcon_core.package_identification:_identify(src/serial) by extensions ['ros']
[0.698s] Level 1:colcon.colcon_core.package_identification:_identify(src/serial) by extension 'ros'
[0.699s] DEBUG:colcon.colcon_core.package_identification:Package 'src/serial' with type 'ros.ament_cmake' and name 'serial'
[0.699s] Level 1:colcon.colcon_core.package_identification:_identify(urdf) by extensions ['ignore', 'ignore_ament_install']
[0.699s] Level 1:colcon.colcon_core.package_identification:_identify(urdf) by extension 'ignore'
[0.699s] Level 1:colcon.colcon_core.package_identification:_identify(urdf) by extension 'ignore_ament_install'
[0.699s] Level 1:colcon.colcon_core.package_identification:_identify(urdf) by extensions ['colcon_pkg']
[0.699s] Level 1:colcon.colcon_core.package_identification:_identify(urdf) by extension 'colcon_pkg'
[0.699s] Level 1:colcon.colcon_core.package_identification:_identify(urdf) by extensions ['colcon_meta']
[0.699s] Level 1:colcon.colcon_core.package_identification:_identify(urdf) by extension 'colcon_meta'
[0.699s] Level 1:colcon.colcon_core.package_identification:_identify(urdf) by extensions ['ros']
[0.699s] Level 1:colcon.colcon_core.package_identification:_identify(urdf) by extension 'ros'
[0.699s] Level 1:colcon.colcon_core.package_identification:_identify(urdf) by extensions ['cmake', 'python']
[0.699s] Level 1:colcon.colcon_core.package_identification:_identify(urdf) by extension 'cmake'
[0.699s] Level 1:colcon.colcon_core.package_identification:_identify(urdf) by extension 'python'
[0.699s] Level 1:colcon.colcon_core.package_identification:_identify(urdf) by extensions ['python_setup_py']
[0.699s] Level 1:colcon.colcon_core.package_identification:_identify(urdf) by extension 'python_setup_py'
[0.699s] Level 1:colcon.colcon_core.package_discovery:discover_packages(recursive) using defaults
[0.699s] Level 1:colcon.colcon_core.package_discovery:discover_packages(ignore) discover
[0.699s] Level 1:colcon.colcon_core.package_discovery:discover_packages(ignore) using defaults
[0.699s] Level 1:colcon.colcon_core.package_discovery:discover_packages(path) discover
[0.700s] Level 1:colcon.colcon_core.package_discovery:discover_packages(path) using defaults
[0.731s] INFO:colcon.colcon_core.package_selection:Skipping not selected package 'cpp_srvcli' in 'src/cpp_srvcli'
[0.732s] INFO:colcon.colcon_core.package_selection:Skipping not selected package 'custom_action_interfaces' in 'src/custom_action_interfaces'
[0.732s] INFO:colcon.colcon_core.package_selection:Skipping not selected package 'joystick_test_pkg' in 'src/joystick_test_pkg'
[0.732s] INFO:colcon.colcon_core.package_selection:Skipping not selected package 'launch_tutorial' in 'src/launch_tutorial'
[0.732s] INFO:colcon.colcon_core.package_selection:Skipping not selected package 'serial' in 'src/serial'
[0.732s] INFO:colcon.colcon_core.package_selection:Skipping not selected package 'custom_action_cpp' in 'src/custom_action_cpp'
[0.733s] Level 1:colcon.colcon_core.package_discovery:discover_packages(prefix_path) check parameters
[0.733s] Level 1:colcon.colcon_core.package_discovery:discover_packages(prefix_path) discover
[0.736s] DEBUG:colcon.colcon_installed_package_information.package_discovery:Found 364 installed packages in /opt/ros/jazzy
[0.738s] Level 1:colcon.colcon_core.package_discovery:discover_packages(prefix_path) using defaults
[0.782s] Level 5:colcon.colcon_core.verb:set package 'arm_controller' build argument 'cmake_args' from command line to 'None'
[0.783s] Level 5:colcon.colcon_core.verb:set package 'arm_controller' build argument 'cmake_target' from command line to 'None'
[0.783s] Level 5:colcon.colcon_core.verb:set package 'arm_controller' build argument 'cmake_target_skip_unavailable' from command line to 'False'
[0.783s] Level 5:colcon.colcon_core.verb:set package 'arm_controller' build argument 'cmake_clean_cache' from command line to 'False'
[0.783s] Level 5:colcon.colcon_core.verb:set package 'arm_controller' build argument 'cmake_clean_first' from command line to 'False'
[0.783s] Level 5:colcon.colcon_core.verb:set package 'arm_controller' build argument 'cmake_force_configure' from command line to 'False'
[0.783s] Level 5:colcon.colcon_core.verb:set package 'arm_controller' build argument 'ament_cmake_args' from command line to 'None'
[0.783s] Level 5:colcon.colcon_core.verb:set package 'arm_controller' build argument 'catkin_cmake_args' from command line to 'None'
[0.783s] Level 5:colcon.colcon_core.verb:set package 'arm_controller' build argument 'catkin_skip_building_tests' from command line to 'False'
[0.783s] DEBUG:colcon.colcon_core.verb:Building package 'arm_controller' with the following arguments: {'ament_cmake_args': None, 'build_base': '/home/yhcvy/learn/ros2_ws/build/arm_controller', 'catkin_cmake_args': None, 'catkin_skip_building_tests': False, 'cmake_args': None, 'cmake_clean_cache': False, 'cmake_clean_first': False, 'cmake_force_configure': False, 'cmake_target': None, 'cmake_target_skip_unavailable': False, 'install_base': '/home/yhcvy/learn/ros2_ws/install/arm_controller', 'merge_install': False, 'path': '/home/yhcvy/learn/ros2_ws/src/arm_controller', 'symlink_install': False, 'test_result_base': None}
[0.783s] Level 5:colcon.colcon_core.verb:set package 'sekirei_urdf' build argument 'cmake_args' from command line to 'None'
[0.783s] Level 5:colcon.colcon_core.verb:set package 'sekirei_urdf' build argument 'cmake_target' from command line to 'None'
[0.783s] Level 5:colcon.colcon_core.verb:set package 'sekirei_urdf' build argument 'cmake_target_skip_unavailable' from command line to 'False'
[0.783s] Level 5:colcon.colcon_core.verb:set package 'sekirei_urdf' build argument 'cmake_clean_cache' from command line to 'False'
[0.783s] Level 5:colcon.colcon_core.verb:set package 'sekirei_urdf' build argument 'cmake_clean_first' from command line to 'False'
[0.783s] Level 5:colcon.colcon_core.verb:set package 'sekirei_urdf' build argument 'cmake_force_configure' from command line to 'False'
[0.783s] Level 5:colcon.colcon_core.verb:set package 'sekirei_urdf' build argument 'ament_cmake_args' from command line to 'None'
[0.783s] Level 5:colcon.colcon_core.verb:set package 'sekirei_urdf' build argument 'catkin_cmake_args' from command line to 'None'
[0.783s] Level 5:colcon.colcon_core.verb:set package 'sekirei_urdf' build argument 'catkin_skip_building_tests' from command line to 'False'
[0.783s] DEBUG:colcon.colcon_core.verb:Building package 'sekirei_urdf' with the following arguments: {'ament_cmake_args': None, 'build_base': '/home/yhcvy/learn/ros2_ws/build/sekirei_urdf', 'catkin_cmake_args': None, 'catkin_skip_building_tests': False, 'cmake_args': None, 'cmake_clean_cache': False, 'cmake_clean_first': False, 'cmake_force_configure': False, 'cmake_target': None, 'cmake_target_skip_unavailable': False, 'install_base': '/home/yhcvy/learn/ros2_ws/install/sekirei_urdf', 'merge_install': False, 'path': '/home/yhcvy/learn/ros2_ws/src/sekirei_urdf', 'symlink_install': False, 'test_result_base': None}
[0.783s] INFO:colcon.colcon_core.executor:Executing jobs using 'parallel' executor
[0.785s] DEBUG:colcon.colcon_parallel_executor.executor.parallel:run_until_complete
[0.785s] INFO:colcon.colcon_ros.task.ament_cmake.build:Building ROS package in '/home/yhcvy/learn/ros2_ws/src/arm_controller' with build type 'ament_cmake'
[0.785s] INFO:colcon.colcon_cmake.task.cmake.build:Building CMake package in '/home/yhcvy/learn/ros2_ws/src/arm_controller'
[0.789s] INFO:colcon.colcon_core.plugin_system:Skipping extension 'colcon_core.shell.bat': Not used on non-Windows systems
[0.789s] INFO:colcon.colcon_core.shell:Skip shell extension 'powershell' for command environment: Not usable outside of PowerShell
[0.789s] DEBUG:colcon.colcon_core.shell:Skip shell extension 'dsv' for command environment
[0.793s] INFO:colcon.colcon_ros.task.ament_cmake.build:Building ROS package in '/home/yhcvy/learn/ros2_ws/src/sekirei_urdf' with build type 'ament_cmake'
[0.793s] INFO:colcon.colcon_cmake.task.cmake.build:Building CMake package in '/home/yhcvy/learn/ros2_ws/src/sekirei_urdf'
[0.794s] INFO:colcon.colcon_core.shell:Skip shell extension 'powershell' for command environment: Not usable outside of PowerShell
[0.794s] DEBUG:colcon.colcon_core.shell:Skip shell extension 'dsv' for command environment
[0.808s] DEBUG:colcon.colcon_core.event_handler.log_command:Invoking command in '/home/yhcvy/learn/ros2_ws/build/arm_controller': CMAKE_PREFIX_PATH=${CMAKE_PREFIX_PATH}:/opt/ros/jazzy DEBUGINFOD_URLS=https://debuginfod.ubuntu.com /usr/bin/cmake --build /home/yhcvy/learn/ros2_ws/build/arm_controller -- -j12 -l12
[0.823s] DEBUG:colcon.colcon_core.event_handler.log_command:Invoking command in '/home/yhcvy/learn/ros2_ws/build/sekirei_urdf': CMAKE_PREFIX_PATH=${CMAKE_PREFIX_PATH}:/opt/ros/jazzy DEBUGINFOD_URLS=https://debuginfod.ubuntu.com /usr/bin/cmake --build /home/yhcvy/learn/ros2_ws/build/sekirei_urdf -- -j12 -l12
[0.873s] DEBUG:colcon.colcon_core.event_handler.log_command:Invoked command in '/home/yhcvy/learn/ros2_ws/build/sekirei_urdf' returned '0': CMAKE_PREFIX_PATH=${CMAKE_PREFIX_PATH}:/opt/ros/jazzy DEBUGINFOD_URLS=https://debuginfod.ubuntu.com /usr/bin/cmake --build /home/yhcvy/learn/ros2_ws/build/sekirei_urdf -- -j12 -l12
[0.889s] DEBUG:colcon.colcon_core.event_handler.log_command:Invoking command in '/home/yhcvy/learn/ros2_ws/build/sekirei_urdf': CMAKE_PREFIX_PATH=${CMAKE_PREFIX_PATH}:/opt/ros/jazzy DEBUGINFOD_URLS=https://debuginfod.ubuntu.com /usr/bin/cmake --install /home/yhcvy/learn/ros2_ws/build/sekirei_urdf
[0.924s] Level 1:colcon.colcon_core.environment:create_environment_scripts_only(sekirei_urdf)
[0.939s] DEBUG:colcon.colcon_core.event_handler.log_command:Invoked command in '/home/yhcvy/learn/ros2_ws/build/sekirei_urdf' returned '0': CMAKE_PREFIX_PATH=${CMAKE_PREFIX_PATH}:/opt/ros/jazzy DEBUGINFOD_URLS=https://debuginfod.ubuntu.com /usr/bin/cmake --install /home/yhcvy/learn/ros2_ws/build/sekirei_urdf
[0.942s] Level 1:colcon.colcon_core.environment:checking '/home/yhcvy/learn/ros2_ws/install/sekirei_urdf' for CMake module files
[0.943s] Level 1:colcon.colcon_core.environment:checking '/home/yhcvy/learn/ros2_ws/install/sekirei_urdf' for CMake config files
[0.943s] Level 1:colcon.colcon_core.shell:create_environment_hook('sekirei_urdf', 'cmake_prefix_path')
[0.943s] INFO:colcon.colcon_core.shell:Creating environment hook '/home/yhcvy/learn/ros2_ws/install/sekirei_urdf/share/sekirei_urdf/hook/cmake_prefix_path.ps1'
[0.944s] INFO:colcon.colcon_core.shell:Creating environment descriptor '/home/yhcvy/learn/ros2_ws/install/sekirei_urdf/share/sekirei_urdf/hook/cmake_prefix_path.dsv'
[0.946s] INFO:colcon.colcon_core.shell:Creating environment hook '/home/yhcvy/learn/ros2_ws/install/sekirei_urdf/share/sekirei_urdf/hook/cmake_prefix_path.sh'
[0.947s] Level 1:colcon.colcon_core.environment:checking '/home/yhcvy/learn/ros2_ws/install/sekirei_urdf/bin'
[0.948s] Level 1:colcon.colcon_core.environment:checking '/home/yhcvy/learn/ros2_ws/install/sekirei_urdf/lib/pkgconfig/sekirei_urdf.pc'
[0.948s] Level 1:colcon.colcon_core.environment:checking '/home/yhcvy/learn/ros2_ws/install/sekirei_urdf/lib/python3.12/site-packages'
[0.948s] Level 1:colcon.colcon_core.environment:checking '/home/yhcvy/learn/ros2_ws/install/sekirei_urdf/bin'
[0.949s] INFO:colcon.colcon_core.shell:Creating package script '/home/yhcvy/learn/ros2_ws/install/sekirei_urdf/share/sekirei_urdf/package.ps1'
[0.950s] INFO:colcon.colcon_core.shell:Creating package descriptor '/home/yhcvy/learn/ros2_ws/install/sekirei_urdf/share/sekirei_urdf/package.dsv'
[0.951s] INFO:colcon.colcon_core.shell:Creating package script '/home/yhcvy/learn/ros2_ws/install/sekirei_urdf/share/sekirei_urdf/package.sh'
[0.952s] INFO:colcon.colcon_core.shell:Creating package script '/home/yhcvy/learn/ros2_ws/install/sekirei_urdf/share/sekirei_urdf/package.bash'
[0.953s] INFO:colcon.colcon_core.shell:Creating package script '/home/yhcvy/learn/ros2_ws/install/sekirei_urdf/share/sekirei_urdf/package.zsh'
[0.954s] Level 1:colcon.colcon_core.environment:create_file_with_runtime_dependencies(/home/yhcvy/learn/ros2_ws/install/sekirei_urdf/share/colcon-core/packages/sekirei_urdf)
[0.955s] Level 1:colcon.colcon_core.environment:create_environment_scripts_only(sekirei_urdf)
[0.955s] Level 1:colcon.colcon_core.environment:checking '/home/yhcvy/learn/ros2_ws/install/sekirei_urdf' for CMake module files
[0.956s] Level 1:colcon.colcon_core.environment:checking '/home/yhcvy/learn/ros2_ws/install/sekirei_urdf' for CMake config files
[0.956s] Level 1:colcon.colcon_core.shell:create_environment_hook('sekirei_urdf', 'cmake_prefix_path')
[0.956s] INFO:colcon.colcon_core.shell:Creating environment hook '/home/yhcvy/learn/ros2_ws/install/sekirei_urdf/share/sekirei_urdf/hook/cmake_prefix_path.ps1'
[0.956s] INFO:colcon.colcon_core.shell:Creating environment descriptor '/home/yhcvy/learn/ros2_ws/install/sekirei_urdf/share/sekirei_urdf/hook/cmake_prefix_path.dsv'
[0.957s] INFO:colcon.colcon_core.shell:Creating environment hook '/home/yhcvy/learn/ros2_ws/install/sekirei_urdf/share/sekirei_urdf/hook/cmake_prefix_path.sh'
[0.958s] Level 1:colcon.colcon_core.environment:checking '/home/yhcvy/learn/ros2_ws/install/sekirei_urdf/bin'
[0.958s] Level 1:colcon.colcon_core.environment:checking '/home/yhcvy/learn/ros2_ws/install/sekirei_urdf/lib/pkgconfig/sekirei_urdf.pc'
[0.958s] Level 1:colcon.colcon_core.environment:checking '/home/yhcvy/learn/ros2_ws/install/sekirei_urdf/lib/python3.12/site-packages'
[0.959s] Level 1:colcon.colcon_core.environment:checking '/home/yhcvy/learn/ros2_ws/install/sekirei_urdf/bin'
[0.960s] INFO:colcon.colcon_core.shell:Creating package script '/home/yhcvy/learn/ros2_ws/install/sekirei_urdf/share/sekirei_urdf/package.ps1'
[0.960s] INFO:colcon.colcon_core.shell:Creating package descriptor '/home/yhcvy/learn/ros2_ws/install/sekirei_urdf/share/sekirei_urdf/package.dsv'
[0.962s] INFO:colcon.colcon_core.shell:Creating package script '/home/yhcvy/learn/ros2_ws/install/sekirei_urdf/share/sekirei_urdf/package.sh'
[0.963s] INFO:colcon.colcon_core.shell:Creating package script '/home/yhcvy/learn/ros2_ws/install/sekirei_urdf/share/sekirei_urdf/package.bash'
[0.964s] INFO:colcon.colcon_core.shell:Creating package script '/home/yhcvy/learn/ros2_ws/install/sekirei_urdf/share/sekirei_urdf/package.zsh'
[0.964s] Level 1:colcon.colcon_core.environment:create_file_with_runtime_dependencies(/home/yhcvy/learn/ros2_ws/install/sekirei_urdf/share/colcon-core/packages/sekirei_urdf)
[0.970s] DEBUG:colcon.colcon_core.event_handler.log_command:Invoked command in '/home/yhcvy/learn/ros2_ws/build/arm_controller' returned '0': CMAKE_PREFIX_PATH=${CMAKE_PREFIX_PATH}:/opt/ros/jazzy DEBUGINFOD_URLS=https://debuginfod.ubuntu.com /usr/bin/cmake --build /home/yhcvy/learn/ros2_ws/build/arm_controller -- -j12 -l12
[0.972s] DEBUG:colcon.colcon_core.event_handler.log_command:Invoking command in '/home/yhcvy/learn/ros2_ws/build/arm_controller': CMAKE_PREFIX_PATH=${CMAKE_PREFIX_PATH}:/opt/ros/jazzy DEBUGINFOD_URLS=https://debuginfod.ubuntu.com /usr/bin/cmake --install /home/yhcvy/learn/ros2_ws/build/arm_controller
[0.998s] Level 1:colcon.colcon_core.environment:create_environment_scripts_only(arm_controller)
[0.999s] Level 1:colcon.colcon_core.environment:checking '/home/yhcvy/learn/ros2_ws/install/arm_controller' for CMake module files
[1.004s] DEBUG:colcon.colcon_core.event_handler.log_command:Invoked command in '/home/yhcvy/learn/ros2_ws/build/arm_controller' returned '0': CMAKE_PREFIX_PATH=${CMAKE_PREFIX_PATH}:/opt/ros/jazzy DEBUGINFOD_URLS=https://debuginfod.ubuntu.com /usr/bin/cmake --install /home/yhcvy/learn/ros2_ws/build/arm_controller
[1.005s] Level 1:colcon.colcon_core.environment:checking '/home/yhcvy/learn/ros2_ws/install/arm_controller' for CMake config files
[1.005s] Level 1:colcon.colcon_core.shell:create_environment_hook('arm_controller', 'cmake_prefix_path')
[1.005s] INFO:colcon.colcon_core.shell:Creating environment hook '/home/yhcvy/learn/ros2_ws/install/arm_controller/share/arm_controller/hook/cmake_prefix_path.ps1'
[1.006s] INFO:colcon.colcon_core.shell:Creating environment descriptor '/home/yhcvy/learn/ros2_ws/install/arm_controller/share/arm_controller/hook/cmake_prefix_path.dsv'
[1.006s] INFO:colcon.colcon_core.shell:Creating environment hook '/home/yhcvy/learn/ros2_ws/install/arm_controller/share/arm_controller/hook/cmake_prefix_path.sh'
[1.007s] Level 1:colcon.colcon_core.environment:checking '/home/yhcvy/learn/ros2_ws/install/arm_controller/lib'
[1.008s] Level 1:colcon.colcon_core.environment:checking '/home/yhcvy/learn/ros2_ws/install/arm_controller/bin'
[1.008s] Level 1:colcon.colcon_core.environment:checking '/home/yhcvy/learn/ros2_ws/install/arm_controller/lib/pkgconfig/arm_controller.pc'
[1.008s] Level 1:colcon.colcon_core.environment:checking '/home/yhcvy/learn/ros2_ws/install/arm_controller/lib/python3.12/site-packages'
[1.009s] Level 1:colcon.colcon_core.environment:checking '/home/yhcvy/learn/ros2_ws/install/arm_controller/bin'
[1.009s] INFO:colcon.colcon_core.shell:Creating package script '/home/yhcvy/learn/ros2_ws/install/arm_controller/share/arm_controller/package.ps1'
[1.011s] INFO:colcon.colcon_core.shell:Creating package descriptor '/home/yhcvy/learn/ros2_ws/install/arm_controller/share/arm_controller/package.dsv'
[1.012s] INFO:colcon.colcon_core.shell:Creating package script '/home/yhcvy/learn/ros2_ws/install/arm_controller/share/arm_controller/package.sh'
[1.013s] INFO:colcon.colcon_core.shell:Creating package script '/home/yhcvy/learn/ros2_ws/install/arm_controller/share/arm_controller/package.bash'
[1.015s] INFO:colcon.colcon_core.shell:Creating package script '/home/yhcvy/learn/ros2_ws/install/arm_controller/share/arm_controller/package.zsh'
[1.016s] Level 1:colcon.colcon_core.environment:create_file_with_runtime_dependencies(/home/yhcvy/learn/ros2_ws/install/arm_controller/share/colcon-core/packages/arm_controller)
[1.017s] Level 1:colcon.colcon_core.environment:create_environment_scripts_only(arm_controller)
[1.017s] Level 1:colcon.colcon_core.environment:checking '/home/yhcvy/learn/ros2_ws/install/arm_controller' for CMake module files
[1.018s] Level 1:colcon.colcon_core.environment:checking '/home/yhcvy/learn/ros2_ws/install/arm_controller' for CMake config files
[1.018s] Level 1:colcon.colcon_core.shell:create_environment_hook('arm_controller', 'cmake_prefix_path')
[1.018s] INFO:colcon.colcon_core.shell:Creating environment hook '/home/yhcvy/learn/ros2_ws/install/arm_controller/share/arm_controller/hook/cmake_prefix_path.ps1'
[1.019s] INFO:colcon.colcon_core.shell:Creating environment descriptor '/home/yhcvy/learn/ros2_ws/install/arm_controller/share/arm_controller/hook/cmake_prefix_path.dsv'
[1.019s] INFO:colcon.colcon_core.shell:Creating environment hook '/home/yhcvy/learn/ros2_ws/install/arm_controller/share/arm_controller/hook/cmake_prefix_path.sh'
[1.020s] Level 1:colcon.colcon_core.environment:checking '/home/yhcvy/learn/ros2_ws/install/arm_controller/lib'
[1.020s] Level 1:colcon.colcon_core.environment:checking '/home/yhcvy/learn/ros2_ws/install/arm_controller/bin'
[1.020s] Level 1:colcon.colcon_core.environment:checking '/home/yhcvy/learn/ros2_ws/install/arm_controller/lib/pkgconfig/arm_controller.pc'
[1.021s] Level 1:colcon.colcon_core.environment:checking '/home/yhcvy/learn/ros2_ws/install/arm_controller/lib/python3.12/site-packages'
[1.021s] Level 1:colcon.colcon_core.environment:checking '/home/yhcvy/learn/ros2_ws/install/arm_controller/bin'
[1.021s] INFO:colcon.colcon_core.shell:Creating package script '/home/yhcvy/learn/ros2_ws/install/arm_controller/share/arm_controller/package.ps1'
[1.022s] INFO:colcon.colcon_core.shell:Creating package descriptor '/home/yhcvy/learn/ros2_ws/install/arm_controller/share/arm_controller/package.dsv'
[1.022s] INFO:colcon.colcon_core.shell:Creating package script '/home/yhcvy/learn/ros2_ws/install/arm_controller/share/arm_controller/package.sh'
[1.023s] INFO:colcon.colcon_core.shell:Creating package script '/home/yhcvy/learn/ros2_ws/install/arm_controller/share/arm_controller/package.bash'
[1.024s] INFO:colcon.colcon_core.shell:Creating package script '/home/yhcvy/learn/ros2_ws/install/arm_controller/share/arm_controller/package.zsh'
[1.024s] Level 1:colcon.colcon_core.environment:create_file_with_runtime_dependencies(/home/yhcvy/learn/ros2_ws/install/arm_controller/share/colcon-core/packages/arm_controller)
[1.026s] DEBUG:colcon.colcon_parallel_executor.executor.parallel:closing loop
[1.027s] DEBUG:colcon.colcon_parallel_executor.executor.parallel:loop closed
[1.027s] DEBUG:colcon.colcon_parallel_executor.executor.parallel:run_until_complete finished with '0'
[1.028s] DEBUG:colcon.colcon_core.event_reactor:joining thread
[1.244s] INFO:colcon.colcon_core.plugin_system:Skipping extension 'colcon_notification.desktop_notification.notify_send': Could not find 'notify-send'
[1.245s] INFO:colcon.colcon_core.plugin_system:Skipping extension 'colcon_notification.desktop_notification.terminal_notifier': Not used on non-Darwin systems
[1.245s] INFO:colcon.colcon_core.plugin_system:Skipping extension 'colcon_notification.desktop_notification.win32': Not used on non-Windows systems
[1.246s] INFO:colcon.colcon_notification.desktop_notification:Sending desktop notification using 'notify2'
[1.252s] DEBUG:colcon.colcon_notification.desktop_notification.notify2:Failed to initialize notify2: org.freedesktop.DBus.Error.ServiceUnknown: The name org.freedesktop.Notifications was not provided by any .service files
[1.252s] DEBUG:colcon.colcon_core.event_reactor:joined thread
[1.253s] INFO:colcon.colcon_core.shell:Creating prefix script '/home/yhcvy/learn/ros2_ws/install/local_setup.ps1'
[1.256s] INFO:colcon.colcon_core.shell:Creating prefix util module '/home/yhcvy/learn/ros2_ws/install/_local_setup_util_ps1.py'
[1.259s] INFO:colcon.colcon_core.shell:Creating prefix chain script '/home/yhcvy/learn/ros2_ws/install/setup.ps1'
[1.261s] INFO:colcon.colcon_core.shell:Creating prefix script '/home/yhcvy/learn/ros2_ws/install/local_setup.sh'
[1.263s] INFO:colcon.colcon_core.shell:Creating prefix util module '/home/yhcvy/learn/ros2_ws/install/_local_setup_util_sh.py'
[1.264s] INFO:colcon.colcon_core.shell:Creating prefix chain script '/home/yhcvy/learn/ros2_ws/install/setup.sh'
[1.266s] INFO:colcon.colcon_core.shell:Creating prefix script '/home/yhcvy/learn/ros2_ws/install/local_setup.bash'
[1.267s] INFO:colcon.colcon_core.shell:Creating prefix chain script '/home/yhcvy/learn/ros2_ws/install/setup.bash'
[1.269s] INFO:colcon.colcon_core.shell:Creating prefix script '/home/yhcvy/learn/ros2_ws/install/local_setup.zsh'
[1.270s] INFO:colcon.colcon_core.shell:Creating prefix chain script '/home/yhcvy/learn/ros2_ws/install/setup.zsh'
