[100%] Built target joy_moveit_teleop
-- Install configuration: ""
-- Up-to-date: /home/yhcvy/learn/ros2_ws/install/arm_controller/lib/arm_controller/joy_moveit_teleop
-- Up-to-date: /home/yhcvy/learn/ros2_ws/install/arm_controller/share/arm_controller/launch
-- Up-to-date: /home/yhcvy/learn/ros2_ws/install/arm_controller/share/arm_controller/launch/demo.launch.py
-- Up-to-date: /home/yhcvy/learn/ros2_ws/install/arm_controller/share/arm_controller/launch/demo.launch.py:Zone.Identifier
-- Up-to-date: /home/yhcvy/learn/ros2_ws/install/arm_controller/share/arm_controller/launch/joy_moveit_teleop.launch.py
-- Up-to-date: /home/yhcvy/learn/ros2_ws/install/arm_controller/share/arm_controller/config
-- Up-to-date: /home/yhcvy/learn/ros2_ws/install/arm_controller/share/arm_controller/config/ompl_planning_simple.yaml:Zone.Identifier
-- Up-to-date: /home/yhcvy/learn/ros2_ws/install/arm_controller/share/arm_controller/config/moveit.rviz:Zone.Identifier
-- Up-to-date: /home/yhcvy/learn/ros2_ws/install/arm_controller/share/arm_controller/config/ompl_planning.yaml
-- Up-to-date: /home/yhcvy/learn/ros2_ws/install/arm_controller/share/arm_controller/config/moveit_servo.yaml:Zone.Identifier
-- Up-to-date: /home/yhcvy/learn/ros2_ws/install/arm_controller/share/arm_controller/config/ompl_planning_simple.yaml
-- Up-to-date: /home/yhcvy/learn/ros2_ws/install/arm_controller/share/arm_controller/config/moveit_cpp.yaml
-- Up-to-date: /home/yhcvy/learn/ros2_ws/install/arm_controller/share/arm_controller/config/ros2_controllers.yaml
-- Up-to-date: /home/yhcvy/learn/ros2_ws/install/arm_controller/share/arm_controller/config/ompl_planning.yaml:Zone.Identifier
-- Up-to-date: /home/yhcvy/learn/ros2_ws/install/arm_controller/share/arm_controller/config/kinematics.yaml:Zone.Identifier
-- Up-to-date: /home/yhcvy/learn/ros2_ws/install/arm_controller/share/arm_controller/config/sekirei.srdf
-- Up-to-date: /home/yhcvy/learn/ros2_ws/install/arm_controller/share/arm_controller/config/moveit_controllers.yaml:Zone.Identifier
-- Up-to-date: /home/yhcvy/learn/ros2_ws/install/arm_controller/share/arm_controller/config/moveit_servo.yaml
-- Up-to-date: /home/yhcvy/learn/ros2_ws/install/arm_controller/share/arm_controller/config/moveit_controllers.yaml
-- Up-to-date: /home/yhcvy/learn/ros2_ws/install/arm_controller/share/arm_controller/config/sekirei.srdf:Zone.Identifier
-- Up-to-date: /home/yhcvy/learn/ros2_ws/install/arm_controller/share/arm_controller/config/moveit.rviz
-- Up-to-date: /home/yhcvy/learn/ros2_ws/install/arm_controller/share/arm_controller/config/moveit_cpp.yaml:Zone.Identifier
-- Up-to-date: /home/yhcvy/learn/ros2_ws/install/arm_controller/share/arm_controller/config/sekirei_arm.srdf:Zone.Identifier
-- Up-to-date: /home/yhcvy/learn/ros2_ws/install/arm_controller/share/arm_controller/config/sekirei_arm.srdf
-- Up-to-date: /home/yhcvy/learn/ros2_ws/install/arm_controller/share/arm_controller/config/kinematics.yaml
-- Up-to-date: /home/yhcvy/learn/ros2_ws/install/arm_controller/share/arm_controller/config/ros2_controllers.yaml:Zone.Identifier
-- Up-to-date: /home/yhcvy/learn/ros2_ws/install/arm_controller/lib/arm_controller/fake_controller.py
-- Up-to-date: /home/yhcvy/learn/ros2_ws/install/arm_controller/share/ament_index/resource_index/package_run_dependencies/arm_controller
-- Up-to-date: /home/yhcvy/learn/ros2_ws/install/arm_controller/share/ament_index/resource_index/parent_prefix_path/arm_controller
-- Up-to-date: /home/yhcvy/learn/ros2_ws/install/arm_controller/share/arm_controller/environment/ament_prefix_path.sh
-- Up-to-date: /home/yhcvy/learn/ros2_ws/install/arm_controller/share/arm_controller/environment/ament_prefix_path.dsv
-- Up-to-date: /home/yhcvy/learn/ros2_ws/install/arm_controller/share/arm_controller/environment/path.sh
-- Up-to-date: /home/yhcvy/learn/ros2_ws/install/arm_controller/share/arm_controller/environment/path.dsv
-- Up-to-date: /home/yhcvy/learn/ros2_ws/install/arm_controller/share/arm_controller/local_setup.bash
-- Up-to-date: /home/yhcvy/learn/ros2_ws/install/arm_controller/share/arm_controller/local_setup.sh
-- Up-to-date: /home/yhcvy/learn/ros2_ws/install/arm_controller/share/arm_controller/local_setup.zsh
-- Up-to-date: /home/yhcvy/learn/ros2_ws/install/arm_controller/share/arm_controller/local_setup.dsv
-- Installing: /home/yhcvy/learn/ros2_ws/install/arm_controller/share/arm_controller/package.dsv
-- Up-to-date: /home/yhcvy/learn/ros2_ws/install/arm_controller/share/ament_index/resource_index/packages/arm_controller
-- Up-to-date: /home/yhcvy/learn/ros2_ws/install/arm_controller/share/arm_controller/cmake/arm_controllerConfig.cmake
-- Up-to-date: /home/yhcvy/learn/ros2_ws/install/arm_controller/share/arm_controller/cmake/arm_controllerConfig-version.cmake
-- Up-to-date: /home/yhcvy/learn/ros2_ws/install/arm_controller/share/arm_controller/package.xml
