-- The C compiler identification is GNU 13.3.0
-- The CXX compiler identification is GNU 13.3.0
-- Detecting C compiler ABI info
-- Detecting C compiler ABI info - done
-- Check for working C compiler: /usr/bin/cc - skipped
-- Detecting C compile features
-- Detecting C compile features - done
-- Detecting CXX compiler ABI info
-- Detecting CXX compiler ABI info - done
-- Check for working CXX compiler: /usr/bin/c++ - skipped
-- Detecting CXX compile features
-- Detecting CXX compile features - done
-- Found ament_cmake: 2.5.4 (/opt/ros/jazzy/share/ament_cmake/cmake)
-- Found Python3: /usr/bin/python3 (found version "3.12.3") found components: Interpreter 
-- Found rclcpp: 28.1.12 (/opt/ros/jazzy/share/rclcpp/cmake)
-- Found rosidl_generator_c: 4.6.6 (/opt/ros/jazzy/share/rosidl_generator_c/cmake)
-- Found rosidl_generator_cpp: 4.6.6 (/opt/ros/jazzy/share/rosidl_generator_cpp/cmake)
-- Using all available rosidl_typesupport_c: rosidl_typesupport_fastrtps_c;rosidl_typesupport_introspection_c
-- Using all available rosidl_typesupport_cpp: rosidl_typesupport_fastrtps_cpp;rosidl_typesupport_introspection_cpp
-- Found rmw_implementation_cmake: 7.3.2 (/opt/ros/jazzy/share/rmw_implementation_cmake/cmake)
-- Found rmw_fastrtps_cpp: 8.4.3 (/opt/ros/jazzy/share/rmw_fastrtps_cpp/cmake)
-- Found OpenSSL: /usr/lib/x86_64-linux-gnu/libcrypto.so (found version "3.0.13")  
-- Found FastRTPS: /opt/ros/jazzy/include (Required is at least version "2.13") 
-- Using RMW implementation 'rmw_fastrtps_cpp' as default
-- Found moveit_ros_planning_interface: 2.12.3 (/opt/ros/jazzy/share/moveit_ros_planning_interface/cmake)
-- Found Boost: /usr/lib/x86_64-linux-gnu/cmake/Boost-1.83.0/BoostConfig.cmake (found version "1.83.0") found components: date_time filesystem program_options system thread 
-- Found Boost: /usr/lib/x86_64-linux-gnu/cmake/Boost-1.83.0/BoostConfig.cmake (found version "1.83.0") found components: chrono date_time filesystem iostreams program_options regex serialization system thread 
-- Found parameter_traits: 0.5.0 (/opt/ros/jazzy/share/parameter_traits/cmake)
-- Found rclcpp_lifecycle: 28.1.12 (/opt/ros/jazzy/share/rclcpp_lifecycle/cmake)
-- Found Boost: /usr/lib/x86_64-linux-gnu/cmake/Boost-1.83.0/BoostConfig.cmake (found version "1.83.0") found components: filesystem 
-- Found Eigen3: TRUE (found version "3.4.0") 
-- Ensuring Eigen3 include directory is part of orocos-kdl CMake target
-- Found Boost: /usr/lib/x86_64-linux-gnu/cmake/Boost-1.83.0/BoostConfig.cmake (found version "1.83.0") found components: system filesystem date_time program_options thread chrono 
-- Found Boost: /usr/lib/x86_64-linux-gnu/cmake/Boost-1.83.0/BoostConfig.cmake (found version "1.83.0") found components: thread system filesystem regex date_time program_options 
-- Found Boost: /usr/lib/x86_64-linux-gnu/cmake/Boost-1.83.0/BoostConfig.cmake (found version "1.83.0") found components: system filesystem date_time program_options thread 
-- Found ament_lint_auto: 0.17.3 (/opt/ros/jazzy/share/ament_lint_auto/cmake)
-- Added test 'cppcheck' to perform static code analysis on C / C++ code
-- Configured cppcheck include dirs: 
-- Configured cppcheck exclude dirs and/or files: 
-- Added test 'flake8' to check Python code syntax and style conventions
-- Configured 'flake8' exclude dirs and/or files: 
-- Added test 'lint_cmake' to check CMake code style
-- Added test 'pep257' to check Python code against some of the docstring style conventions in PEP 257
-- Added test 'uncrustify' to check C / C++ code style
-- Configured uncrustify additional arguments: 
-- Added test 'xmllint' to check XML markup files
-- Configuring done (16.4s)
-- Generating done (0.1s)
-- Build files have been written to: /home/yhcvy/learn/ros2_ws/build/arm_controller
[ 50%] [32mBuilding CXX object CMakeFiles/joy_moveit_teleop.dir/src/joy_moveit_teleop.cpp.o[0m
[100%] [32m[1mLinking CXX executable joy_moveit_teleop[0m
[100%] Built target joy_moveit_teleop
-- Install configuration: ""
-- Installing: /home/yhcvy/learn/ros2_ws/install/arm_controller/lib/arm_controller/joy_moveit_teleop
-- Set non-toolchain portion of runtime path of "/home/yhcvy/learn/ros2_ws/install/arm_controller/lib/arm_controller/joy_moveit_teleop" to ""
-- Installing: /home/yhcvy/learn/ros2_ws/install/arm_controller/share/arm_controller/launch
-- Installing: /home/yhcvy/learn/ros2_ws/install/arm_controller/share/arm_controller/launch/demo.launch.py
-- Installing: /home/yhcvy/learn/ros2_ws/install/arm_controller/share/arm_controller/launch/demo.launch.py:Zone.Identifier
-- Installing: /home/yhcvy/learn/ros2_ws/install/arm_controller/share/arm_controller/launch/joy_moveit_teleop.launch.py
-- Installing: /home/yhcvy/learn/ros2_ws/install/arm_controller/share/arm_controller/config
-- Installing: /home/yhcvy/learn/ros2_ws/install/arm_controller/share/arm_controller/config/ompl_planning_simple.yaml:Zone.Identifier
-- Installing: /home/yhcvy/learn/ros2_ws/install/arm_controller/share/arm_controller/config/moveit.rviz:Zone.Identifier
-- Installing: /home/yhcvy/learn/ros2_ws/install/arm_controller/share/arm_controller/config/ompl_planning.yaml
-- Installing: /home/yhcvy/learn/ros2_ws/install/arm_controller/share/arm_controller/config/moveit_servo.yaml:Zone.Identifier
-- Installing: /home/yhcvy/learn/ros2_ws/install/arm_controller/share/arm_controller/config/ompl_planning_simple.yaml
-- Installing: /home/yhcvy/learn/ros2_ws/install/arm_controller/share/arm_controller/config/moveit_cpp.yaml
-- Installing: /home/yhcvy/learn/ros2_ws/install/arm_controller/share/arm_controller/config/ros2_controllers.yaml
-- Installing: /home/yhcvy/learn/ros2_ws/install/arm_controller/share/arm_controller/config/ompl_planning.yaml:Zone.Identifier
-- Installing: /home/yhcvy/learn/ros2_ws/install/arm_controller/share/arm_controller/config/kinematics.yaml:Zone.Identifier
-- Installing: /home/yhcvy/learn/ros2_ws/install/arm_controller/share/arm_controller/config/sekirei.srdf
-- Installing: /home/yhcvy/learn/ros2_ws/install/arm_controller/share/arm_controller/config/moveit_controllers.yaml:Zone.Identifier
-- Installing: /home/yhcvy/learn/ros2_ws/install/arm_controller/share/arm_controller/config/moveit_servo.yaml
-- Installing: /home/yhcvy/learn/ros2_ws/install/arm_controller/share/arm_controller/config/moveit_controllers.yaml
-- Installing: /home/yhcvy/learn/ros2_ws/install/arm_controller/share/arm_controller/config/sekirei.srdf:Zone.Identifier
-- Installing: /home/yhcvy/learn/ros2_ws/install/arm_controller/share/arm_controller/config/moveit.rviz
-- Installing: /home/yhcvy/learn/ros2_ws/install/arm_controller/share/arm_controller/config/moveit_cpp.yaml:Zone.Identifier
-- Installing: /home/yhcvy/learn/ros2_ws/install/arm_controller/share/arm_controller/config/sekirei_arm.srdf:Zone.Identifier
-- Installing: /home/yhcvy/learn/ros2_ws/install/arm_controller/share/arm_controller/config/sekirei_arm.srdf
-- Installing: /home/yhcvy/learn/ros2_ws/install/arm_controller/share/arm_controller/config/kinematics.yaml
-- Installing: /home/yhcvy/learn/ros2_ws/install/arm_controller/share/arm_controller/config/ros2_controllers.yaml:Zone.Identifier
-- Installing: /home/yhcvy/learn/ros2_ws/install/arm_controller/lib/arm_controller/fake_controller.py
-- Installing: /home/yhcvy/learn/ros2_ws/install/arm_controller/share/ament_index/resource_index/package_run_dependencies/arm_controller
-- Installing: /home/yhcvy/learn/ros2_ws/install/arm_controller/share/ament_index/resource_index/parent_prefix_path/arm_controller
-- Installing: /home/yhcvy/learn/ros2_ws/install/arm_controller/share/arm_controller/environment/ament_prefix_path.sh
-- Installing: /home/yhcvy/learn/ros2_ws/install/arm_controller/share/arm_controller/environment/ament_prefix_path.dsv
-- Installing: /home/yhcvy/learn/ros2_ws/install/arm_controller/share/arm_controller/environment/path.sh
-- Installing: /home/yhcvy/learn/ros2_ws/install/arm_controller/share/arm_controller/environment/path.dsv
-- Installing: /home/yhcvy/learn/ros2_ws/install/arm_controller/share/arm_controller/local_setup.bash
-- Installing: /home/yhcvy/learn/ros2_ws/install/arm_controller/share/arm_controller/local_setup.sh
-- Installing: /home/yhcvy/learn/ros2_ws/install/arm_controller/share/arm_controller/local_setup.zsh
-- Installing: /home/yhcvy/learn/ros2_ws/install/arm_controller/share/arm_controller/local_setup.dsv
-- Installing: /home/yhcvy/learn/ros2_ws/install/arm_controller/share/arm_controller/package.dsv
-- Installing: /home/yhcvy/learn/ros2_ws/install/arm_controller/share/ament_index/resource_index/packages/arm_controller
-- Installing: /home/yhcvy/learn/ros2_ws/install/arm_controller/share/arm_controller/cmake/arm_controllerConfig.cmake
-- Installing: /home/yhcvy/learn/ros2_ws/install/arm_controller/share/arm_controller/cmake/arm_controllerConfig-version.cmake
-- Installing: /home/yhcvy/learn/ros2_ws/install/arm_controller/share/arm_controller/package.xml
