[0.024s] Invoking command in '/home/yhcvy/learn/ros2_ws/build/sekirei_urdf': CMAKE_PREFIX_PATH=${CMAKE_PREFIX_PATH}:/opt/ros/jazzy DEBUGINFOD_URLS=https://debuginfod.ubuntu.com /usr/bin/cmake /home/yhcvy/learn/ros2_ws/src/sekirei_urdf -DCMAKE_INSTALL_PREFIX=/home/yhcvy/learn/ros2_ws/install/sekirei_urdf
[0.074s] -- Found ament_cmake: 2.5.4 (/opt/ros/jazzy/share/ament_cmake/cmake)
[0.519s] -- Found ament_lint_auto: 0.17.3 (/opt/ros/jazzy/share/ament_lint_auto/cmake)
[0.690s] -- Added test 'lint_cmake' to check CMake code style
[0.693s] -- Added test 'xmllint' to check XML markup files
[0.697s] -- Configuring done (0.7s)
[0.713s] -- Generating done (0.0s)
[0.715s] -- Build files have been written to: /home/yhcvy/learn/ros2_ws/build/sekirei_urdf
[0.720s] Invoked command in '/home/yhcvy/learn/ros2_ws/build/sekirei_urdf' returned '0': CMAKE_PREFIX_PATH=${CMAKE_PREFIX_PATH}:/opt/ros/jazzy DEBUGINFOD_URLS=https://debuginfod.ubuntu.com /usr/bin/cmake /home/yhcvy/learn/ros2_ws/src/sekirei_urdf -DCMAKE_INSTALL_PREFIX=/home/yhcvy/learn/ros2_ws/install/sekirei_urdf
[0.721s] Invoking command in '/home/yhcvy/learn/ros2_ws/build/sekirei_urdf': CMAKE_PREFIX_PATH=${CMAKE_PREFIX_PATH}:/opt/ros/jazzy DEBUGINFOD_URLS=https://debuginfod.ubuntu.com /usr/bin/cmake --build /home/yhcvy/learn/ros2_ws/build/sekirei_urdf -- -j12 -l12
[0.760s] Invoked command in '/home/yhcvy/learn/ros2_ws/build/sekirei_urdf' returned '0': CMAKE_PREFIX_PATH=${CMAKE_PREFIX_PATH}:/opt/ros/jazzy DEBUGINFOD_URLS=https://debuginfod.ubuntu.com /usr/bin/cmake --build /home/yhcvy/learn/ros2_ws/build/sekirei_urdf -- -j12 -l12
[0.762s] Invoking command in '/home/yhcvy/learn/ros2_ws/build/sekirei_urdf': CMAKE_PREFIX_PATH=${CMAKE_PREFIX_PATH}:/opt/ros/jazzy DEBUGINFOD_URLS=https://debuginfod.ubuntu.com /usr/bin/cmake --install /home/yhcvy/learn/ros2_ws/build/sekirei_urdf
[0.770s] -- Install configuration: ""
[0.771s] -- Up-to-date: /home/yhcvy/learn/ros2_ws/install/sekirei_urdf/share/sekirei_urdf/urdf
[0.771s] -- Up-to-date: /home/yhcvy/learn/ros2_ws/install/sekirei_urdf/share/sekirei_urdf/urdf/sekirei_moveit.urdf
[0.771s] -- Up-to-date: /home/yhcvy/learn/ros2_ws/install/sekirei_urdf/share/sekirei_urdf/srdf
[0.771s] -- Up-to-date: /home/yhcvy/learn/ros2_ws/install/sekirei_urdf/share/sekirei_urdf/srdf/sekirei.srdf
[0.771s] -- Up-to-date: /home/yhcvy/learn/ros2_ws/install/sekirei_urdf/share/sekirei_urdf/srdf/sekirei.srdf:Zone.Identifier
[0.772s] -- Up-to-date: /home/yhcvy/learn/ros2_ws/install/sekirei_urdf/share/sekirei_urdf/meshes
[0.772s] -- Up-to-date: /home/yhcvy/learn/ros2_ws/install/sekirei_urdf/share/sekirei_urdf/meshes/r_a_2019_2020_asm1.STL:Zone.Identifier
[0.772s] -- Up-to-date: /home/yhcvy/learn/ros2_ws/install/sekirei_urdf/share/sekirei_urdf/meshes/r_a_2019_2020_asm5.STL:Zone.Identifier:Zone.Identifier
[0.772s] -- Up-to-date: /home/yhcvy/learn/ros2_ws/install/sekirei_urdf/share/sekirei_urdf/meshes/t265.STL:Zone.Identifier
[0.772s] -- Up-to-date: /home/yhcvy/learn/ros2_ws/install/sekirei_urdf/share/sekirei_urdf/meshes/r_a_2019_l_asm6.STL
[0.772s] -- Up-to-date: /home/yhcvy/learn/ros2_ws/install/sekirei_urdf/share/sekirei_urdf/meshes/r_a_2019_l_asm7_ver2.STL
[0.773s] -- Up-to-date: /home/yhcvy/learn/ros2_ws/install/sekirei_urdf/share/sekirei_urdf/meshes/t265.STL
[0.773s] -- Up-to-date: /home/yhcvy/learn/ros2_ws/install/sekirei_urdf/share/sekirei_urdf/meshes/r_a_2019_2020_asm5.STL:Zone.Identifier
[0.773s] -- Up-to-date: /home/yhcvy/learn/ros2_ws/install/sekirei_urdf/share/sekirei_urdf/meshes/r_a_2019_2020_asm5.STL
[0.773s] -- Up-to-date: /home/yhcvy/learn/ros2_ws/install/sekirei_urdf/share/sekirei_urdf/meshes/r_a_2019_l_asm7_ver2.STL:Zone.Identifier:Zone.Identifier
[0.773s] -- Up-to-date: /home/yhcvy/learn/ros2_ws/install/sekirei_urdf/share/sekirei_urdf/meshes/r_a_2019_l_asm6.STL:Zone.Identifier:Zone.Identifier
[0.773s] -- Up-to-date: /home/yhcvy/learn/ros2_ws/install/sekirei_urdf/share/sekirei_urdf/meshes/r_a_2019_2020_asm4.STL
[0.773s] -- Up-to-date: /home/yhcvy/learn/ros2_ws/install/sekirei_urdf/share/sekirei_urdf/meshes/r_a_2019_2020_asm3.STL:Zone.Identifier:Zone.Identifier
[0.773s] -- Up-to-date: /home/yhcvy/learn/ros2_ws/install/sekirei_urdf/share/sekirei_urdf/meshes/main.STL:Zone.Identifier:Zone.Identifier
[0.773s] -- Up-to-date: /home/yhcvy/learn/ros2_ws/install/sekirei_urdf/share/sekirei_urdf/meshes/r_a_2019_2020_asm1.STL:Zone.Identifier:Zone.Identifier
[0.773s] -- Up-to-date: /home/yhcvy/learn/ros2_ws/install/sekirei_urdf/share/sekirei_urdf/meshes/r_a_2019_2020_asm2.STL:Zone.Identifier:Zone.Identifier
[0.773s] -- Up-to-date: /home/yhcvy/learn/ros2_ws/install/sekirei_urdf/share/sekirei_urdf/meshes/r_a_2019_l_asm6.STL:Zone.Identifier
[0.774s] -- Up-to-date: /home/yhcvy/learn/ros2_ws/install/sekirei_urdf/share/sekirei_urdf/meshes/t265.STL:Zone.Identifier:Zone.Identifier
[0.774s] -- Up-to-date: /home/yhcvy/learn/ros2_ws/install/sekirei_urdf/share/sekirei_urdf/meshes/r_a_2019_2020_asm2.STL
[0.774s] -- Up-to-date: /home/yhcvy/learn/ros2_ws/install/sekirei_urdf/share/sekirei_urdf/meshes/r_a_2019_2020_asm4.STL:Zone.Identifier
[0.774s] -- Up-to-date: /home/yhcvy/learn/ros2_ws/install/sekirei_urdf/share/sekirei_urdf/meshes/flipper.STL:Zone.Identifier
[0.774s] -- Up-to-date: /home/yhcvy/learn/ros2_ws/install/sekirei_urdf/share/sekirei_urdf/meshes/flipper.STL:Zone.Identifier:Zone.Identifier
[0.774s] -- Up-to-date: /home/yhcvy/learn/ros2_ws/install/sekirei_urdf/share/sekirei_urdf/meshes/main.STL:Zone.Identifier
[0.774s] -- Up-to-date: /home/yhcvy/learn/ros2_ws/install/sekirei_urdf/share/sekirei_urdf/meshes/r_a_2019_2020_asm4.STL:Zone.Identifier:Zone.Identifier
[0.774s] -- Up-to-date: /home/yhcvy/learn/ros2_ws/install/sekirei_urdf/share/sekirei_urdf/meshes/r_a_2019_2020_asm1.STL
[0.774s] -- Up-to-date: /home/yhcvy/learn/ros2_ws/install/sekirei_urdf/share/sekirei_urdf/meshes/main.STL
[0.774s] -- Up-to-date: /home/yhcvy/learn/ros2_ws/install/sekirei_urdf/share/sekirei_urdf/meshes/r_a_2019_l_asm7_ver2.STL:Zone.Identifier
[0.774s] -- Up-to-date: /home/yhcvy/learn/ros2_ws/install/sekirei_urdf/share/sekirei_urdf/meshes/r_a_2019_2020_asm3.STL
[0.774s] -- Up-to-date: /home/yhcvy/learn/ros2_ws/install/sekirei_urdf/share/sekirei_urdf/meshes/d435.STL
[0.774s] -- Up-to-date: /home/yhcvy/learn/ros2_ws/install/sekirei_urdf/share/sekirei_urdf/meshes/d435.STL:Zone.Identifier
[0.774s] -- Up-to-date: /home/yhcvy/learn/ros2_ws/install/sekirei_urdf/share/sekirei_urdf/meshes/flipper.STL
[0.775s] -- Up-to-date: /home/yhcvy/learn/ros2_ws/install/sekirei_urdf/share/sekirei_urdf/meshes/r_a_2019_2020_asm2.STL:Zone.Identifier
[0.775s] -- Up-to-date: /home/yhcvy/learn/ros2_ws/install/sekirei_urdf/share/sekirei_urdf/meshes/r_a_2019_2020_asm3.STL:Zone.Identifier
[0.775s] -- Up-to-date: /home/yhcvy/learn/ros2_ws/install/sekirei_urdf/share/sekirei_urdf/meshes/d435.STL:Zone.Identifier:Zone.Identifier
[0.775s] -- Up-to-date: /home/yhcvy/learn/ros2_ws/install/sekirei_urdf/share/ament_index/resource_index/package_run_dependencies/sekirei_urdf
[0.775s] -- Up-to-date: /home/yhcvy/learn/ros2_ws/install/sekirei_urdf/share/ament_index/resource_index/parent_prefix_path/sekirei_urdf
[0.775s] -- Up-to-date: /home/yhcvy/learn/ros2_ws/install/sekirei_urdf/share/sekirei_urdf/environment/ament_prefix_path.sh
[0.775s] -- Up-to-date: /home/yhcvy/learn/ros2_ws/install/sekirei_urdf/share/sekirei_urdf/environment/ament_prefix_path.dsv
[0.775s] -- Up-to-date: /home/yhcvy/learn/ros2_ws/install/sekirei_urdf/share/sekirei_urdf/environment/path.sh
[0.775s] -- Up-to-date: /home/yhcvy/learn/ros2_ws/install/sekirei_urdf/share/sekirei_urdf/environment/path.dsv
[0.775s] -- Up-to-date: /home/yhcvy/learn/ros2_ws/install/sekirei_urdf/share/sekirei_urdf/local_setup.bash
[0.775s] -- Up-to-date: /home/yhcvy/learn/ros2_ws/install/sekirei_urdf/share/sekirei_urdf/local_setup.sh
[0.775s] -- Up-to-date: /home/yhcvy/learn/ros2_ws/install/sekirei_urdf/share/sekirei_urdf/local_setup.zsh
[0.776s] -- Up-to-date: /home/yhcvy/learn/ros2_ws/install/sekirei_urdf/share/sekirei_urdf/local_setup.dsv
[0.776s] -- Installing: /home/yhcvy/learn/ros2_ws/install/sekirei_urdf/share/sekirei_urdf/package.dsv
[0.776s] -- Up-to-date: /home/yhcvy/learn/ros2_ws/install/sekirei_urdf/share/ament_index/resource_index/packages/sekirei_urdf
[0.776s] -- Up-to-date: /home/yhcvy/learn/ros2_ws/install/sekirei_urdf/share/sekirei_urdf/cmake/sekirei_urdfConfig.cmake
[0.776s] -- Up-to-date: /home/yhcvy/learn/ros2_ws/install/sekirei_urdf/share/sekirei_urdf/cmake/sekirei_urdfConfig-version.cmake
[0.776s] -- Up-to-date: /home/yhcvy/learn/ros2_ws/install/sekirei_urdf/share/sekirei_urdf/package.xml
[0.779s] Invoked command in '/home/yhcvy/learn/ros2_ws/build/sekirei_urdf' returned '0': CMAKE_PREFIX_PATH=${CMAKE_PREFIX_PATH}:/opt/ros/jazzy DEBUGINFOD_URLS=https://debuginfod.ubuntu.com /usr/bin/cmake --install /home/yhcvy/learn/ros2_ws/build/sekirei_urdf
