-- Install configuration: ""
-- Up-to-date: /home/yhcvy/learn/ros2_ws/install/sekirei_urdf/share/sekirei_urdf/urdf
-- Up-to-date: /home/yhcvy/learn/ros2_ws/install/sekirei_urdf/share/sekirei_urdf/urdf/sekirei_moveit.urdf
-- Up-to-date: /home/yhcvy/learn/ros2_ws/install/sekirei_urdf/share/sekirei_urdf/srdf
-- Up-to-date: /home/yhcvy/learn/ros2_ws/install/sekirei_urdf/share/sekirei_urdf/srdf/sekirei.srdf
-- Up-to-date: /home/yhcvy/learn/ros2_ws/install/sekirei_urdf/share/sekirei_urdf/srdf/sekirei.srdf:Zone.Identifier
-- Up-to-date: /home/yhcvy/learn/ros2_ws/install/sekirei_urdf/share/sekirei_urdf/meshes
-- Up-to-date: /home/yhcvy/learn/ros2_ws/install/sekirei_urdf/share/sekirei_urdf/meshes/r_a_2019_2020_asm1.STL:Zone.Identifier
-- Up-to-date: /home/yhcvy/learn/ros2_ws/install/sekirei_urdf/share/sekirei_urdf/meshes/r_a_2019_2020_asm5.STL:Zone.Identifier:Zone.Identifier
-- Up-to-date: /home/yhcvy/learn/ros2_ws/install/sekirei_urdf/share/sekirei_urdf/meshes/t265.STL:Zone.Identifier
-- Up-to-date: /home/yhcvy/learn/ros2_ws/install/sekirei_urdf/share/sekirei_urdf/meshes/r_a_2019_l_asm6.STL
-- Up-to-date: /home/yhcvy/learn/ros2_ws/install/sekirei_urdf/share/sekirei_urdf/meshes/r_a_2019_l_asm7_ver2.STL
-- Up-to-date: /home/yhcvy/learn/ros2_ws/install/sekirei_urdf/share/sekirei_urdf/meshes/t265.STL
-- Up-to-date: /home/yhcvy/learn/ros2_ws/install/sekirei_urdf/share/sekirei_urdf/meshes/r_a_2019_2020_asm5.STL:Zone.Identifier
-- Up-to-date: /home/yhcvy/learn/ros2_ws/install/sekirei_urdf/share/sekirei_urdf/meshes/r_a_2019_2020_asm5.STL
-- Up-to-date: /home/yhcvy/learn/ros2_ws/install/sekirei_urdf/share/sekirei_urdf/meshes/r_a_2019_l_asm7_ver2.STL:Zone.Identifier:Zone.Identifier
-- Up-to-date: /home/yhcvy/learn/ros2_ws/install/sekirei_urdf/share/sekirei_urdf/meshes/r_a_2019_l_asm6.STL:Zone.Identifier:Zone.Identifier
-- Up-to-date: /home/yhcvy/learn/ros2_ws/install/sekirei_urdf/share/sekirei_urdf/meshes/r_a_2019_2020_asm4.STL
-- Up-to-date: /home/yhcvy/learn/ros2_ws/install/sekirei_urdf/share/sekirei_urdf/meshes/r_a_2019_2020_asm3.STL:Zone.Identifier:Zone.Identifier
-- Up-to-date: /home/yhcvy/learn/ros2_ws/install/sekirei_urdf/share/sekirei_urdf/meshes/main.STL:Zone.Identifier:Zone.Identifier
-- Up-to-date: /home/yhcvy/learn/ros2_ws/install/sekirei_urdf/share/sekirei_urdf/meshes/r_a_2019_2020_asm1.STL:Zone.Identifier:Zone.Identifier
-- Up-to-date: /home/yhcvy/learn/ros2_ws/install/sekirei_urdf/share/sekirei_urdf/meshes/r_a_2019_2020_asm2.STL:Zone.Identifier:Zone.Identifier
-- Up-to-date: /home/yhcvy/learn/ros2_ws/install/sekirei_urdf/share/sekirei_urdf/meshes/r_a_2019_l_asm6.STL:Zone.Identifier
-- Up-to-date: /home/yhcvy/learn/ros2_ws/install/sekirei_urdf/share/sekirei_urdf/meshes/t265.STL:Zone.Identifier:Zone.Identifier
-- Up-to-date: /home/yhcvy/learn/ros2_ws/install/sekirei_urdf/share/sekirei_urdf/meshes/r_a_2019_2020_asm2.STL
-- Up-to-date: /home/yhcvy/learn/ros2_ws/install/sekirei_urdf/share/sekirei_urdf/meshes/r_a_2019_2020_asm4.STL:Zone.Identifier
-- Up-to-date: /home/yhcvy/learn/ros2_ws/install/sekirei_urdf/share/sekirei_urdf/meshes/flipper.STL:Zone.Identifier
-- Up-to-date: /home/yhcvy/learn/ros2_ws/install/sekirei_urdf/share/sekirei_urdf/meshes/flipper.STL:Zone.Identifier:Zone.Identifier
-- Up-to-date: /home/yhcvy/learn/ros2_ws/install/sekirei_urdf/share/sekirei_urdf/meshes/main.STL:Zone.Identifier
-- Up-to-date: /home/yhcvy/learn/ros2_ws/install/sekirei_urdf/share/sekirei_urdf/meshes/r_a_2019_2020_asm4.STL:Zone.Identifier:Zone.Identifier
-- Up-to-date: /home/yhcvy/learn/ros2_ws/install/sekirei_urdf/share/sekirei_urdf/meshes/r_a_2019_2020_asm1.STL
-- Up-to-date: /home/yhcvy/learn/ros2_ws/install/sekirei_urdf/share/sekirei_urdf/meshes/main.STL
-- Up-to-date: /home/yhcvy/learn/ros2_ws/install/sekirei_urdf/share/sekirei_urdf/meshes/r_a_2019_l_asm7_ver2.STL:Zone.Identifier
-- Up-to-date: /home/yhcvy/learn/ros2_ws/install/sekirei_urdf/share/sekirei_urdf/meshes/r_a_2019_2020_asm3.STL
-- Up-to-date: /home/yhcvy/learn/ros2_ws/install/sekirei_urdf/share/sekirei_urdf/meshes/d435.STL
-- Up-to-date: /home/yhcvy/learn/ros2_ws/install/sekirei_urdf/share/sekirei_urdf/meshes/d435.STL:Zone.Identifier
-- Up-to-date: /home/yhcvy/learn/ros2_ws/install/sekirei_urdf/share/sekirei_urdf/meshes/flipper.STL
-- Up-to-date: /home/yhcvy/learn/ros2_ws/install/sekirei_urdf/share/sekirei_urdf/meshes/r_a_2019_2020_asm2.STL:Zone.Identifier
-- Up-to-date: /home/yhcvy/learn/ros2_ws/install/sekirei_urdf/share/sekirei_urdf/meshes/r_a_2019_2020_asm3.STL:Zone.Identifier
-- Up-to-date: /home/yhcvy/learn/ros2_ws/install/sekirei_urdf/share/sekirei_urdf/meshes/d435.STL:Zone.Identifier:Zone.Identifier
-- Up-to-date: /home/yhcvy/learn/ros2_ws/install/sekirei_urdf/share/ament_index/resource_index/package_run_dependencies/sekirei_urdf
-- Up-to-date: /home/yhcvy/learn/ros2_ws/install/sekirei_urdf/share/ament_index/resource_index/parent_prefix_path/sekirei_urdf
-- Up-to-date: /home/yhcvy/learn/ros2_ws/install/sekirei_urdf/share/sekirei_urdf/environment/ament_prefix_path.sh
-- Up-to-date: /home/yhcvy/learn/ros2_ws/install/sekirei_urdf/share/sekirei_urdf/environment/ament_prefix_path.dsv
-- Up-to-date: /home/yhcvy/learn/ros2_ws/install/sekirei_urdf/share/sekirei_urdf/environment/path.sh
-- Up-to-date: /home/yhcvy/learn/ros2_ws/install/sekirei_urdf/share/sekirei_urdf/environment/path.dsv
-- Up-to-date: /home/yhcvy/learn/ros2_ws/install/sekirei_urdf/share/sekirei_urdf/local_setup.bash
-- Up-to-date: /home/yhcvy/learn/ros2_ws/install/sekirei_urdf/share/sekirei_urdf/local_setup.sh
-- Up-to-date: /home/yhcvy/learn/ros2_ws/install/sekirei_urdf/share/sekirei_urdf/local_setup.zsh
-- Up-to-date: /home/yhcvy/learn/ros2_ws/install/sekirei_urdf/share/sekirei_urdf/local_setup.dsv
-- Installing: /home/yhcvy/learn/ros2_ws/install/sekirei_urdf/share/sekirei_urdf/package.dsv
-- Up-to-date: /home/yhcvy/learn/ros2_ws/install/sekirei_urdf/share/ament_index/resource_index/packages/sekirei_urdf
-- Up-to-date: /home/yhcvy/learn/ros2_ws/install/sekirei_urdf/share/sekirei_urdf/cmake/sekirei_urdfConfig.cmake
-- Up-to-date: /home/yhcvy/learn/ros2_ws/install/sekirei_urdf/share/sekirei_urdf/cmake/sekirei_urdfConfig-version.cmake
-- Up-to-date: /home/yhcvy/learn/ros2_ws/install/sekirei_urdf/share/sekirei_urdf/package.xml
