[100%] Built target testn
-- Install configuration: ""
-- Up-to-date: /home/yhcvy/rodep-rescue2026/ros_ws/install/sekirei_moveit_config/lib/sekirei_moveit_config/testn
-- Up-to-date: /home/yhcvy/rodep-rescue2026/ros_ws/install/sekirei_moveit_config/share/sekirei_moveit_config/launch
-- Up-to-date: /home/yhcvy/rodep-rescue2026/ros_ws/install/sekirei_moveit_config/share/sekirei_moveit_config/launch/demo.launch.py
-- Installing: /home/yhcvy/rodep-rescue2026/ros_ws/install/sekirei_moveit_config/share/sekirei_moveit_config/launch/joy_control.launch.py
-- Up-to-date: /home/yhcvy/rodep-rescue2026/ros_ws/install/sekirei_moveit_config/share/sekirei_moveit_config/launch/joy_only.launch.py
-- Up-to-date: /home/yhcvy/rodep-rescue2026/ros_ws/install/sekirei_moveit_config/share/sekirei_moveit_config/config
-- Up-to-date: /home/yhcvy/rodep-rescue2026/ros_ws/install/sekirei_moveit_config/share/sekirei_moveit_config/config/ompl_planning.yaml
-- Up-to-date: /home/yhcvy/rodep-rescue2026/ros_ws/install/sekirei_moveit_config/share/sekirei_moveit_config/config/ompl_planning_simple.yaml
-- Up-to-date: /home/yhcvy/rodep-rescue2026/ros_ws/install/sekirei_moveit_config/share/sekirei_moveit_config/config/moveit_cpp.yaml
-- Up-to-date: /home/yhcvy/rodep-rescue2026/ros_ws/install/sekirei_moveit_config/share/sekirei_moveit_config/config/ros2_controllers.yaml
-- Up-to-date: /home/yhcvy/rodep-rescue2026/ros_ws/install/sekirei_moveit_config/share/sekirei_moveit_config/config/sekirei.srdf
-- Up-to-date: /home/yhcvy/rodep-rescue2026/ros_ws/install/sekirei_moveit_config/share/sekirei_moveit_config/config/moveit_servo.yaml
-- Up-to-date: /home/yhcvy/rodep-rescue2026/ros_ws/install/sekirei_moveit_config/share/sekirei_moveit_config/config/moveit_controllers.yaml
-- Up-to-date: /home/yhcvy/rodep-rescue2026/ros_ws/install/sekirei_moveit_config/share/sekirei_moveit_config/config/moveit.rviz
-- Up-to-date: /home/yhcvy/rodep-rescue2026/ros_ws/install/sekirei_moveit_config/share/sekirei_moveit_config/config/sekirei_arm.srdf
-- Up-to-date: /home/yhcvy/rodep-rescue2026/ros_ws/install/sekirei_moveit_config/share/sekirei_moveit_config/config/kinematics.yaml
-- Up-to-date: /home/yhcvy/rodep-rescue2026/ros_ws/install/sekirei_moveit_config/lib/sekirei_moveit_config/fake_controller.py
-- Up-to-date: /home/yhcvy/rodep-rescue2026/ros_ws/install/sekirei_moveit_config/lib/sekirei_moveit_config/joy_teleop.py
-- Up-to-date: /home/yhcvy/rodep-rescue2026/ros_ws/install/sekirei_moveit_config/share/ament_index/resource_index/package_run_dependencies/sekirei_moveit_config
-- Up-to-date: /home/yhcvy/rodep-rescue2026/ros_ws/install/sekirei_moveit_config/share/ament_index/resource_index/parent_prefix_path/sekirei_moveit_config
-- Up-to-date: /home/yhcvy/rodep-rescue2026/ros_ws/install/sekirei_moveit_config/share/sekirei_moveit_config/environment/ament_prefix_path.sh
-- Up-to-date: /home/yhcvy/rodep-rescue2026/ros_ws/install/sekirei_moveit_config/share/sekirei_moveit_config/environment/ament_prefix_path.dsv
-- Up-to-date: /home/yhcvy/rodep-rescue2026/ros_ws/install/sekirei_moveit_config/share/sekirei_moveit_config/environment/path.sh
-- Up-to-date: /home/yhcvy/rodep-rescue2026/ros_ws/install/sekirei_moveit_config/share/sekirei_moveit_config/environment/path.dsv
-- Up-to-date: /home/yhcvy/rodep-rescue2026/ros_ws/install/sekirei_moveit_config/share/sekirei_moveit_config/local_setup.bash
-- Up-to-date: /home/yhcvy/rodep-rescue2026/ros_ws/install/sekirei_moveit_config/share/sekirei_moveit_config/local_setup.sh
-- Up-to-date: /home/yhcvy/rodep-rescue2026/ros_ws/install/sekirei_moveit_config/share/sekirei_moveit_config/local_setup.zsh
-- Up-to-date: /home/yhcvy/rodep-rescue2026/ros_ws/install/sekirei_moveit_config/share/sekirei_moveit_config/local_setup.dsv
-- Installing: /home/yhcvy/rodep-rescue2026/ros_ws/install/sekirei_moveit_config/share/sekirei_moveit_config/package.dsv
-- Up-to-date: /home/yhcvy/rodep-rescue2026/ros_ws/install/sekirei_moveit_config/share/ament_index/resource_index/packages/sekirei_moveit_config
-- Up-to-date: /home/yhcvy/rodep-rescue2026/ros_ws/install/sekirei_moveit_config/share/sekirei_moveit_config/cmake/sekirei_moveit_configConfig.cmake
-- Up-to-date: /home/yhcvy/rodep-rescue2026/ros_ws/install/sekirei_moveit_config/share/sekirei_moveit_config/cmake/sekirei_moveit_configConfig-version.cmake
-- Up-to-date: /home/yhcvy/rodep-rescue2026/ros_ws/install/sekirei_moveit_config/share/sekirei_moveit_config/package.xml
