[0.194s] Invoking command in '/home/yhcvy/rodep-rescue2026/ros_ws/build/sekirei_moveit_config': AMENT_PREFIX_PATH=/home/yhcvy/rodep-rescue2026/ros_ws/install/urdf_test_node:${AMENT_PREFIX_PATH} CMAKE_PREFIX_PATH=/home/yhcvy/rodep-rescue2026/ros_ws/install/urdf_test_node:/opt/ros/jazzy/opt/gz_sim_vendor:/opt/ros/jazzy/opt/gz_sensors_vendor:/opt/ros/jazzy/opt/gz_physics_vendor:/opt/ros/jazzy/opt/sdformat_vendor:/opt/ros/jazzy/opt/gz_gui_vendor:/opt/ros/jazzy/opt/gz_transport_vendor:/opt/ros/jazzy/opt/gz_rendering_vendor:/opt/ros/jazzy/opt/gz_plugin_vendor:/opt/ros/jazzy/opt/gz_fuel_tools_vendor:/opt/ros/jazzy/opt/gz_msgs_vendor:/opt/ros/jazzy/opt/gz_common_vendor:/opt/ros/jazzy/opt/gz_math_vendor:/opt/ros/jazzy/opt/gz_utils_vendor:/opt/ros/jazzy/opt/gz_tools_vendor:/opt/ros/jazzy/opt/gz_ogre_next_vendor:/opt/ros/jazzy/opt/gz_dartsim_vendor:/opt/ros/jazzy/opt/gz_cmake_vendor:/opt/ros/jazzy DEBUGINFOD_URLS=https://debuginfod.ubuntu.com /usr/bin/cmake --build /home/yhcvy/rodep-rescue2026/ros_ws/build/sekirei_moveit_config -- -j12 -l12
[0.358s] [100%] Built target testn
[0.380s] Invoked command in '/home/yhcvy/rodep-rescue2026/ros_ws/build/sekirei_moveit_config' returned '0': AMENT_PREFIX_PATH=/home/yhcvy/rodep-rescue2026/ros_ws/install/urdf_test_node:${AMENT_PREFIX_PATH} CMAKE_PREFIX_PATH=/home/yhcvy/rodep-rescue2026/ros_ws/install/urdf_test_node:/opt/ros/jazzy/opt/gz_sim_vendor:/opt/ros/jazzy/opt/gz_sensors_vendor:/opt/ros/jazzy/opt/gz_physics_vendor:/opt/ros/jazzy/opt/sdformat_vendor:/opt/ros/jazzy/opt/gz_gui_vendor:/opt/ros/jazzy/opt/gz_transport_vendor:/opt/ros/jazzy/opt/gz_rendering_vendor:/opt/ros/jazzy/opt/gz_plugin_vendor:/opt/ros/jazzy/opt/gz_fuel_tools_vendor:/opt/ros/jazzy/opt/gz_msgs_vendor:/opt/ros/jazzy/opt/gz_common_vendor:/opt/ros/jazzy/opt/gz_math_vendor:/opt/ros/jazzy/opt/gz_utils_vendor:/opt/ros/jazzy/opt/gz_tools_vendor:/opt/ros/jazzy/opt/gz_ogre_next_vendor:/opt/ros/jazzy/opt/gz_dartsim_vendor:/opt/ros/jazzy/opt/gz_cmake_vendor:/opt/ros/jazzy DEBUGINFOD_URLS=https://debuginfod.ubuntu.com /usr/bin/cmake --build /home/yhcvy/rodep-rescue2026/ros_ws/build/sekirei_moveit_config -- -j12 -l12
[0.397s] Invoking command in '/home/yhcvy/rodep-rescue2026/ros_ws/build/sekirei_moveit_config': AMENT_PREFIX_PATH=/home/yhcvy/rodep-rescue2026/ros_ws/install/urdf_test_node:${AMENT_PREFIX_PATH} CMAKE_PREFIX_PATH=/home/yhcvy/rodep-rescue2026/ros_ws/install/urdf_test_node:/opt/ros/jazzy/opt/gz_sim_vendor:/opt/ros/jazzy/opt/gz_sensors_vendor:/opt/ros/jazzy/opt/gz_physics_vendor:/opt/ros/jazzy/opt/sdformat_vendor:/opt/ros/jazzy/opt/gz_gui_vendor:/opt/ros/jazzy/opt/gz_transport_vendor:/opt/ros/jazzy/opt/gz_rendering_vendor:/opt/ros/jazzy/opt/gz_plugin_vendor:/opt/ros/jazzy/opt/gz_fuel_tools_vendor:/opt/ros/jazzy/opt/gz_msgs_vendor:/opt/ros/jazzy/opt/gz_common_vendor:/opt/ros/jazzy/opt/gz_math_vendor:/opt/ros/jazzy/opt/gz_utils_vendor:/opt/ros/jazzy/opt/gz_tools_vendor:/opt/ros/jazzy/opt/gz_ogre_next_vendor:/opt/ros/jazzy/opt/gz_dartsim_vendor:/opt/ros/jazzy/opt/gz_cmake_vendor:/opt/ros/jazzy DEBUGINFOD_URLS=https://debuginfod.ubuntu.com /usr/bin/cmake --install /home/yhcvy/rodep-rescue2026/ros_ws/build/sekirei_moveit_config
[0.412s] -- Install configuration: ""
[0.412s] -- Up-to-date: /home/yhcvy/rodep-rescue2026/ros_ws/install/sekirei_moveit_config/lib/sekirei_moveit_config/testn
[0.413s] -- Up-to-date: /home/yhcvy/rodep-rescue2026/ros_ws/install/sekirei_moveit_config/share/sekirei_moveit_config/launch
[0.413s] -- Up-to-date: /home/yhcvy/rodep-rescue2026/ros_ws/install/sekirei_moveit_config/share/sekirei_moveit_config/launch/demo.launch.py
[0.414s] -- Installing: /home/yhcvy/rodep-rescue2026/ros_ws/install/sekirei_moveit_config/share/sekirei_moveit_config/launch/joy_control.launch.py
[0.414s] -- Up-to-date: /home/yhcvy/rodep-rescue2026/ros_ws/install/sekirei_moveit_config/share/sekirei_moveit_config/launch/joy_only.launch.py
[0.415s] -- Up-to-date: /home/yhcvy/rodep-rescue2026/ros_ws/install/sekirei_moveit_config/share/sekirei_moveit_config/config
[0.415s] -- Up-to-date: /home/yhcvy/rodep-rescue2026/ros_ws/install/sekirei_moveit_config/share/sekirei_moveit_config/config/ompl_planning.yaml
[0.416s] -- Up-to-date: /home/yhcvy/rodep-rescue2026/ros_ws/install/sekirei_moveit_config/share/sekirei_moveit_config/config/ompl_planning_simple.yaml
[0.416s] -- Up-to-date: /home/yhcvy/rodep-rescue2026/ros_ws/install/sekirei_moveit_config/share/sekirei_moveit_config/config/moveit_cpp.yaml
[0.417s] -- Up-to-date: /home/yhcvy/rodep-rescue2026/ros_ws/install/sekirei_moveit_config/share/sekirei_moveit_config/config/ros2_controllers.yaml
[0.419s] -- Up-to-date: /home/yhcvy/rodep-rescue2026/ros_ws/install/sekirei_moveit_config/share/sekirei_moveit_config/config/sekirei.srdf
[0.420s] -- Up-to-date: /home/yhcvy/rodep-rescue2026/ros_ws/install/sekirei_moveit_config/share/sekirei_moveit_config/config/moveit_servo.yaml
[0.420s] -- Up-to-date: /home/yhcvy/rodep-rescue2026/ros_ws/install/sekirei_moveit_config/share/sekirei_moveit_config/config/moveit_controllers.yaml
[0.420s] -- Up-to-date: /home/yhcvy/rodep-rescue2026/ros_ws/install/sekirei_moveit_config/share/sekirei_moveit_config/config/moveit.rviz
[0.420s] -- Up-to-date: /home/yhcvy/rodep-rescue2026/ros_ws/install/sekirei_moveit_config/share/sekirei_moveit_config/config/sekirei_arm.srdf
[0.421s] -- Up-to-date: /home/yhcvy/rodep-rescue2026/ros_ws/install/sekirei_moveit_config/share/sekirei_moveit_config/config/kinematics.yaml
[0.421s] -- Up-to-date: /home/yhcvy/rodep-rescue2026/ros_ws/install/sekirei_moveit_config/lib/sekirei_moveit_config/fake_controller.py
[0.421s] -- Up-to-date: /home/yhcvy/rodep-rescue2026/ros_ws/install/sekirei_moveit_config/lib/sekirei_moveit_config/joy_teleop.py
[0.422s] -- Up-to-date: /home/yhcvy/rodep-rescue2026/ros_ws/install/sekirei_moveit_config/share/ament_index/resource_index/package_run_dependencies/sekirei_moveit_config
[0.422s] -- Up-to-date: /home/yhcvy/rodep-rescue2026/ros_ws/install/sekirei_moveit_config/share/ament_index/resource_index/parent_prefix_path/sekirei_moveit_config
[0.422s] -- Up-to-date: /home/yhcvy/rodep-rescue2026/ros_ws/install/sekirei_moveit_config/share/sekirei_moveit_config/environment/ament_prefix_path.sh
[0.422s] -- Up-to-date: /home/yhcvy/rodep-rescue2026/ros_ws/install/sekirei_moveit_config/share/sekirei_moveit_config/environment/ament_prefix_path.dsv
[0.422s] -- Up-to-date: /home/yhcvy/rodep-rescue2026/ros_ws/install/sekirei_moveit_config/share/sekirei_moveit_config/environment/path.sh
[0.423s] -- Up-to-date: /home/yhcvy/rodep-rescue2026/ros_ws/install/sekirei_moveit_config/share/sekirei_moveit_config/environment/path.dsv
[0.423s] -- Up-to-date: /home/yhcvy/rodep-rescue2026/ros_ws/install/sekirei_moveit_config/share/sekirei_moveit_config/local_setup.bash
[0.423s] -- Up-to-date: /home/yhcvy/rodep-rescue2026/ros_ws/install/sekirei_moveit_config/share/sekirei_moveit_config/local_setup.sh
[0.423s] -- Up-to-date: /home/yhcvy/rodep-rescue2026/ros_ws/install/sekirei_moveit_config/share/sekirei_moveit_config/local_setup.zsh
[0.424s] -- Up-to-date: /home/yhcvy/rodep-rescue2026/ros_ws/install/sekirei_moveit_config/share/sekirei_moveit_config/local_setup.dsv
[0.424s] -- Installing: /home/yhcvy/rodep-rescue2026/ros_ws/install/sekirei_moveit_config/share/sekirei_moveit_config/package.dsv
[0.424s] -- Up-to-date: /home/yhcvy/rodep-rescue2026/ros_ws/install/sekirei_moveit_config/share/ament_index/resource_index/packages/sekirei_moveit_config
[0.424s] -- Up-to-date: /home/yhcvy/rodep-rescue2026/ros_ws/install/sekirei_moveit_config/share/sekirei_moveit_config/cmake/sekirei_moveit_configConfig.cmake
[0.424s] -- Up-to-date: /home/yhcvy/rodep-rescue2026/ros_ws/install/sekirei_moveit_config/share/sekirei_moveit_config/cmake/sekirei_moveit_configConfig-version.cmake
[0.424s] -- Up-to-date: /home/yhcvy/rodep-rescue2026/ros_ws/install/sekirei_moveit_config/share/sekirei_moveit_config/package.xml
[0.425s] Invoked command in '/home/yhcvy/rodep-rescue2026/ros_ws/build/sekirei_moveit_config' returned '0': AMENT_PREFIX_PATH=/home/yhcvy/rodep-rescue2026/ros_ws/install/urdf_test_node:${AMENT_PREFIX_PATH} CMAKE_PREFIX_PATH=/home/yhcvy/rodep-rescue2026/ros_ws/install/urdf_test_node:/opt/ros/jazzy/opt/gz_sim_vendor:/opt/ros/jazzy/opt/gz_sensors_vendor:/opt/ros/jazzy/opt/gz_physics_vendor:/opt/ros/jazzy/opt/sdformat_vendor:/opt/ros/jazzy/opt/gz_gui_vendor:/opt/ros/jazzy/opt/gz_transport_vendor:/opt/ros/jazzy/opt/gz_rendering_vendor:/opt/ros/jazzy/opt/gz_plugin_vendor:/opt/ros/jazzy/opt/gz_fuel_tools_vendor:/opt/ros/jazzy/opt/gz_msgs_vendor:/opt/ros/jazzy/opt/gz_common_vendor:/opt/ros/jazzy/opt/gz_math_vendor:/opt/ros/jazzy/opt/gz_utils_vendor:/opt/ros/jazzy/opt/gz_tools_vendor:/opt/ros/jazzy/opt/gz_ogre_next_vendor:/opt/ros/jazzy/opt/gz_dartsim_vendor:/opt/ros/jazzy/opt/gz_cmake_vendor:/opt/ros/jazzy DEBUGINFOD_URLS=https://debuginfod.ubuntu.com /usr/bin/cmake --install /home/yhcvy/rodep-rescue2026/ros_ws/build/sekirei_moveit_config
