[1.995s] DEBUG:colcon:Command line arguments: ['/usr/bin/colcon', 'build', '--mixin', 'ninja', 'ccache', 'compile-commands', 'lld', '--symlink-install', '--packages-select', 'sekirei_urdf']
[1.995s] DEBUG:colcon:Parsed command line arguments: Namespace(log_base=None, log_level=None, verb_name='build', build_base='build', install_base='install', merge_install=False, symlink_install=True, test_result_base=None, continue_on_error=False, executor='parallel', parallel_workers=12, event_handlers=None, ignore_user_meta=False, metas=['./colcon.meta'], base_paths=['.'], packages_ignore=None, packages_ignore_regex=None, paths=None, packages_up_to=None, packages_up_to_regex=None, packages_above=None, packages_above_and_dependencies=None, packages_above_depth=None, packages_select_by_dep=None, packages_skip_by_dep=None, packages_skip_up_to=None, packages_select_build_failed=False, packages_skip_build_finished=False, packages_select_test_failures=False, packages_skip_test_passed=False, packages_select=['sekirei_urdf'], packages_skip=None, packages_select_regex=None, packages_skip_regex=None, packages_start=None, packages_end=None, allow_overriding=[], cmake_args=['-DCMAKE_EXE_LINKER_FLAGS=-fuse-ld=lld', '-DCMAKE_MODULE_LINKER_FLAGS=-fuse-ld=lld', '-DCMAKE_SHARED_LINKER_FLAGS=-fuse-ld=lld', '-DCMAKE_EXPORT_COMPILE_COMMANDS=ON', '--no-warn-unused-cli', '-DCMAKE_C_COMPILER_LAUNCHER=ccache', '-DCMAKE_CXX_COMPILER_LAUNCHER=ccache', '-GNinja'], cmake_target=None, cmake_target_skip_unavailable=False, cmake_clean_cache=False, cmake_clean_first=False, cmake_force_configure=False, ament_cmake_args=None, catkin_cmake_args=None, catkin_skip_building_tests=False, mixin_files=None, mixin=['ninja', 'ccache', 'compile-commands', 'lld'], verb_parser=<colcon_mixin.mixin.mixin_argument.MixinArgumentDecorator object at 0x7f63405c6e40>, verb_extension=<colcon_core.verb.build.BuildVerb object at 0x7f63405c6180>, main=<bound method BuildVerb.main of <colcon_core.verb.build.BuildVerb object at 0x7f63405c6180>>, mixin_verb=('build',))
[2.192s] Level 1:colcon.colcon_core.package_discovery:discover_packages(colcon_meta) check parameters
[2.192s] Level 1:colcon.colcon_core.package_discovery:discover_packages(recursive) check parameters
[2.192s] Level 1:colcon.colcon_core.package_discovery:discover_packages(ignore) check parameters
[2.192s] Level 1:colcon.colcon_core.package_discovery:discover_packages(path) check parameters
[2.192s] Level 1:colcon.colcon_core.package_discovery:discover_packages(colcon_meta) discover
[2.192s] Level 1:colcon.colcon_core.package_discovery:discover_packages(recursive) discover
[2.192s] INFO:colcon.colcon_core.package_discovery:Crawling recursively for packages in '/home/yhcvy/learn/ros2_ws'
[2.192s] Level 1:colcon.colcon_core.package_identification:_identify(.) by extensions ['ignore', 'ignore_ament_install']
[2.192s] Level 1:colcon.colcon_core.package_identification:_identify(.) by extension 'ignore'
[2.193s] Level 1:colcon.colcon_core.package_identification:_identify(.) by extension 'ignore_ament_install'
[2.193s] Level 1:colcon.colcon_core.package_identification:_identify(.) by extensions ['colcon_pkg']
[2.193s] Level 1:colcon.colcon_core.package_identification:_identify(.) by extension 'colcon_pkg'
[2.193s] Level 1:colcon.colcon_core.package_identification:_identify(.) by extensions ['colcon_meta']
[2.193s] Level 1:colcon.colcon_core.package_identification:_identify(.) by extension 'colcon_meta'
[2.193s] Level 1:colcon.colcon_core.package_identification:_identify(.) by extensions ['ros']
[2.193s] Level 1:colcon.colcon_core.package_identification:_identify(.) by extension 'ros'
[2.294s] Level 1:colcon.colcon_core.package_identification:_identify(.) by extensions ['cmake', 'python']
[2.295s] Level 1:colcon.colcon_core.package_identification:_identify(.) by extension 'cmake'
[2.295s] Level 1:colcon.colcon_core.package_identification:_identify(.) by extension 'python'
[2.295s] Level 1:colcon.colcon_core.package_identification:_identify(.) by extensions ['python_setup_py']
[2.295s] Level 1:colcon.colcon_core.package_identification:_identify(.) by extension 'python_setup_py'
[2.295s] Level 1:colcon.colcon_core.package_identification:_identify(build) by extensions ['ignore', 'ignore_ament_install']
[2.295s] Level 1:colcon.colcon_core.package_identification:_identify(build) by extension 'ignore'
[2.296s] Level 1:colcon.colcon_core.package_identification:_identify(build) ignored
[2.296s] Level 1:colcon.colcon_core.package_identification:_identify(install) by extensions ['ignore', 'ignore_ament_install']
[2.296s] Level 1:colcon.colcon_core.package_identification:_identify(install) by extension 'ignore'
[2.296s] Level 1:colcon.colcon_core.package_identification:_identify(install) ignored
[2.296s] Level 1:colcon.colcon_core.package_identification:_identify(log) by extensions ['ignore', 'ignore_ament_install']
[2.296s] Level 1:colcon.colcon_core.package_identification:_identify(log) by extension 'ignore'
[2.296s] Level 1:colcon.colcon_core.package_identification:_identify(log) ignored
[2.298s] Level 1:colcon.colcon_core.package_identification:_identify(rviz) by extensions ['ignore', 'ignore_ament_install']
[2.298s] Level 1:colcon.colcon_core.package_identification:_identify(rviz) by extension 'ignore'
[2.298s] Level 1:colcon.colcon_core.package_identification:_identify(rviz) by extension 'ignore_ament_install'
[2.298s] Level 1:colcon.colcon_core.package_identification:_identify(rviz) by extensions ['colcon_pkg']
[2.299s] Level 1:colcon.colcon_core.package_identification:_identify(rviz) by extension 'colcon_pkg'
[2.299s] Level 1:colcon.colcon_core.package_identification:_identify(rviz) by extensions ['colcon_meta']
[2.299s] Level 1:colcon.colcon_core.package_identification:_identify(rviz) by extension 'colcon_meta'
[2.299s] Level 1:colcon.colcon_core.package_identification:_identify(rviz) by extensions ['ros']
[2.299s] Level 1:colcon.colcon_core.package_identification:_identify(rviz) by extension 'ros'
[2.299s] Level 1:colcon.colcon_core.package_identification:_identify(rviz) by extensions ['cmake', 'python']
[2.299s] Level 1:colcon.colcon_core.package_identification:_identify(rviz) by extension 'cmake'
[2.299s] Level 1:colcon.colcon_core.package_identification:_identify(rviz) by extension 'python'
[2.299s] Level 1:colcon.colcon_core.package_identification:_identify(rviz) by extensions ['python_setup_py']
[2.299s] Level 1:colcon.colcon_core.package_identification:_identify(rviz) by extension 'python_setup_py'
[2.299s] Level 1:colcon.colcon_core.package_identification:_identify(src) by extensions ['ignore', 'ignore_ament_install']
[2.300s] Level 1:colcon.colcon_core.package_identification:_identify(src) by extension 'ignore'
[2.300s] Level 1:colcon.colcon_core.package_identification:_identify(src) by extension 'ignore_ament_install'
[2.300s] Level 1:colcon.colcon_core.package_identification:_identify(src) by extensions ['colcon_pkg']
[2.300s] Level 1:colcon.colcon_core.package_identification:_identify(src) by extension 'colcon_pkg'
[2.300s] Level 1:colcon.colcon_core.package_identification:_identify(src) by extensions ['colcon_meta']
[2.300s] Level 1:colcon.colcon_core.package_identification:_identify(src) by extension 'colcon_meta'
[2.300s] Level 1:colcon.colcon_core.package_identification:_identify(src) by extensions ['ros']
[2.300s] Level 1:colcon.colcon_core.package_identification:_identify(src) by extension 'ros'
[2.300s] Level 1:colcon.colcon_core.package_identification:_identify(src) by extensions ['cmake', 'python']
[2.300s] Level 1:colcon.colcon_core.package_identification:_identify(src) by extension 'cmake'
[2.300s] Level 1:colcon.colcon_core.package_identification:_identify(src) by extension 'python'
[2.301s] Level 1:colcon.colcon_core.package_identification:_identify(src) by extensions ['python_setup_py']
[2.301s] Level 1:colcon.colcon_core.package_identification:_identify(src) by extension 'python_setup_py'
[2.302s] Level 1:colcon.colcon_core.package_identification:_identify(src/arm_controller) by extensions ['ignore', 'ignore_ament_install']
[2.303s] Level 1:colcon.colcon_core.package_identification:_identify(src/arm_controller) by extension 'ignore'
[2.303s] Level 1:colcon.colcon_core.package_identification:_identify(src/arm_controller) by extension 'ignore_ament_install'
[2.303s] Level 1:colcon.colcon_core.package_identification:_identify(src/arm_controller) by extensions ['colcon_pkg']
[2.303s] Level 1:colcon.colcon_core.package_identification:_identify(src/arm_controller) by extension 'colcon_pkg'
[2.303s] Level 1:colcon.colcon_core.package_identification:_identify(src/arm_controller) by extensions ['colcon_meta']
[2.303s] Level 1:colcon.colcon_core.package_identification:_identify(src/arm_controller) by extension 'colcon_meta'
[2.303s] Level 1:colcon.colcon_core.package_identification:_identify(src/arm_controller) by extensions ['ros']
[2.303s] Level 1:colcon.colcon_core.package_identification:_identify(src/arm_controller) by extension 'ros'
[2.317s] DEBUG:colcon.colcon_core.package_identification:Package 'src/arm_controller' with type 'ros.ament_cmake' and name 'arm_controller'
[2.319s] Level 1:colcon.colcon_core.package_identification:_identify(src/cpp_srvcli) by extensions ['ignore', 'ignore_ament_install']
[2.319s] Level 1:colcon.colcon_core.package_identification:_identify(src/cpp_srvcli) by extension 'ignore'
[2.319s] Level 1:colcon.colcon_core.package_identification:_identify(src/cpp_srvcli) by extension 'ignore_ament_install'
[2.319s] Level 1:colcon.colcon_core.package_identification:_identify(src/cpp_srvcli) by extensions ['colcon_pkg']
[2.319s] Level 1:colcon.colcon_core.package_identification:_identify(src/cpp_srvcli) by extension 'colcon_pkg'
[2.319s] Level 1:colcon.colcon_core.package_identification:_identify(src/cpp_srvcli) by extensions ['colcon_meta']
[2.319s] Level 1:colcon.colcon_core.package_identification:_identify(src/cpp_srvcli) by extension 'colcon_meta'
[2.320s] Level 1:colcon.colcon_core.package_identification:_identify(src/cpp_srvcli) by extensions ['ros']
[2.320s] Level 1:colcon.colcon_core.package_identification:_identify(src/cpp_srvcli) by extension 'ros'
[2.322s] DEBUG:colcon.colcon_core.package_identification:Package 'src/cpp_srvcli' with type 'ros.ament_cmake' and name 'cpp_srvcli'
[2.324s] Level 1:colcon.colcon_core.package_identification:_identify(src/custom_action_cpp) by extensions ['ignore', 'ignore_ament_install']
[2.324s] Level 1:colcon.colcon_core.package_identification:_identify(src/custom_action_cpp) by extension 'ignore'
[2.324s] Level 1:colcon.colcon_core.package_identification:_identify(src/custom_action_cpp) by extension 'ignore_ament_install'
[2.324s] Level 1:colcon.colcon_core.package_identification:_identify(src/custom_action_cpp) by extensions ['colcon_pkg']
[2.324s] Level 1:colcon.colcon_core.package_identification:_identify(src/custom_action_cpp) by extension 'colcon_pkg'
[2.325s] Level 1:colcon.colcon_core.package_identification:_identify(src/custom_action_cpp) by extensions ['colcon_meta']
[2.325s] Level 1:colcon.colcon_core.package_identification:_identify(src/custom_action_cpp) by extension 'colcon_meta'
[2.325s] Level 1:colcon.colcon_core.package_identification:_identify(src/custom_action_cpp) by extensions ['ros']
[2.325s] Level 1:colcon.colcon_core.package_identification:_identify(src/custom_action_cpp) by extension 'ros'
[2.327s] DEBUG:colcon.colcon_core.package_identification:Package 'src/custom_action_cpp' with type 'ros.ament_cmake' and name 'custom_action_cpp'
[2.329s] Level 1:colcon.colcon_core.package_identification:_identify(src/custom_action_interfaces) by extensions ['ignore', 'ignore_ament_install']
[2.329s] Level 1:colcon.colcon_core.package_identification:_identify(src/custom_action_interfaces) by extension 'ignore'
[2.329s] Level 1:colcon.colcon_core.package_identification:_identify(src/custom_action_interfaces) by extension 'ignore_ament_install'
[2.329s] Level 1:colcon.colcon_core.package_identification:_identify(src/custom_action_interfaces) by extensions ['colcon_pkg']
[2.329s] Level 1:colcon.colcon_core.package_identification:_identify(src/custom_action_interfaces) by extension 'colcon_pkg'
[2.329s] Level 1:colcon.colcon_core.package_identification:_identify(src/custom_action_interfaces) by extensions ['colcon_meta']
[2.329s] Level 1:colcon.colcon_core.package_identification:_identify(src/custom_action_interfaces) by extension 'colcon_meta'
[2.330s] Level 1:colcon.colcon_core.package_identification:_identify(src/custom_action_interfaces) by extensions ['ros']
[2.330s] Level 1:colcon.colcon_core.package_identification:_identify(src/custom_action_interfaces) by extension 'ros'
[2.331s] DEBUG:colcon.colcon_core.package_identification:Package 'src/custom_action_interfaces' with type 'ros.ament_cmake' and name 'custom_action_interfaces'
[2.333s] Level 1:colcon.colcon_core.package_identification:_identify(src/joystick_test_pkg) by extensions ['ignore', 'ignore_ament_install']
[2.333s] Level 1:colcon.colcon_core.package_identification:_identify(src/joystick_test_pkg) by extension 'ignore'
[2.333s] Level 1:colcon.colcon_core.package_identification:_identify(src/joystick_test_pkg) by extension 'ignore_ament_install'
[2.333s] Level 1:colcon.colcon_core.package_identification:_identify(src/joystick_test_pkg) by extensions ['colcon_pkg']
[2.333s] Level 1:colcon.colcon_core.package_identification:_identify(src/joystick_test_pkg) by extension 'colcon_pkg'
[2.333s] Level 1:colcon.colcon_core.package_identification:_identify(src/joystick_test_pkg) by extensions ['colcon_meta']
[2.333s] Level 1:colcon.colcon_core.package_identification:_identify(src/joystick_test_pkg) by extension 'colcon_meta'
[2.333s] Level 1:colcon.colcon_core.package_identification:_identify(src/joystick_test_pkg) by extensions ['ros']
[2.333s] Level 1:colcon.colcon_core.package_identification:_identify(src/joystick_test_pkg) by extension 'ros'
[2.335s] DEBUG:colcon.colcon_core.package_identification:Package 'src/joystick_test_pkg' with type 'ros.ament_cmake' and name 'joystick_test_pkg'
[2.337s] Level 1:colcon.colcon_core.package_identification:_identify(src/launch_tutorial) by extensions ['ignore', 'ignore_ament_install']
[2.337s] Level 1:colcon.colcon_core.package_identification:_identify(src/launch_tutorial) by extension 'ignore'
[2.337s] Level 1:colcon.colcon_core.package_identification:_identify(src/launch_tutorial) by extension 'ignore_ament_install'
[2.337s] Level 1:colcon.colcon_core.package_identification:_identify(src/launch_tutorial) by extensions ['colcon_pkg']
[2.337s] Level 1:colcon.colcon_core.package_identification:_identify(src/launch_tutorial) by extension 'colcon_pkg'
[2.337s] Level 1:colcon.colcon_core.package_identification:_identify(src/launch_tutorial) by extensions ['colcon_meta']
[2.337s] Level 1:colcon.colcon_core.package_identification:_identify(src/launch_tutorial) by extension 'colcon_meta'
[2.337s] Level 1:colcon.colcon_core.package_identification:_identify(src/launch_tutorial) by extensions ['ros']
[2.337s] Level 1:colcon.colcon_core.package_identification:_identify(src/launch_tutorial) by extension 'ros'
[2.339s] DEBUG:colcon.colcon_core.package_identification:Package 'src/launch_tutorial' with type 'ros.ament_cmake' and name 'launch_tutorial'
[2.340s] Level 1:colcon.colcon_core.package_identification:_identify(src/sekirei_urdf) by extensions ['ignore', 'ignore_ament_install']
[2.340s] Level 1:colcon.colcon_core.package_identification:_identify(src/sekirei_urdf) by extension 'ignore'
[2.340s] Level 1:colcon.colcon_core.package_identification:_identify(src/sekirei_urdf) by extension 'ignore_ament_install'
[2.340s] Level 1:colcon.colcon_core.package_identification:_identify(src/sekirei_urdf) by extensions ['colcon_pkg']
[2.340s] Level 1:colcon.colcon_core.package_identification:_identify(src/sekirei_urdf) by extension 'colcon_pkg'
[2.340s] Level 1:colcon.colcon_core.package_identification:_identify(src/sekirei_urdf) by extensions ['colcon_meta']
[2.340s] Level 1:colcon.colcon_core.package_identification:_identify(src/sekirei_urdf) by extension 'colcon_meta'
[2.340s] Level 1:colcon.colcon_core.package_identification:_identify(src/sekirei_urdf) by extensions ['ros']
[2.340s] Level 1:colcon.colcon_core.package_identification:_identify(src/sekirei_urdf) by extension 'ros'
[2.342s] DEBUG:colcon.colcon_core.package_identification:Package 'src/sekirei_urdf' with type 'ros.ament_cmake' and name 'sekirei_urdf'
[2.343s] Level 1:colcon.colcon_core.package_identification:_identify(src/serial) by extensions ['ignore', 'ignore_ament_install']
[2.343s] Level 1:colcon.colcon_core.package_identification:_identify(src/serial) by extension 'ignore'
[2.343s] Level 1:colcon.colcon_core.package_identification:_identify(src/serial) by extension 'ignore_ament_install'
[2.343s] Level 1:colcon.colcon_core.package_identification:_identify(src/serial) by extensions ['colcon_pkg']
[2.343s] Level 1:colcon.colcon_core.package_identification:_identify(src/serial) by extension 'colcon_pkg'
[2.344s] Level 1:colcon.colcon_core.package_identification:_identify(src/serial) by extensions ['colcon_meta']
[2.344s] Level 1:colcon.colcon_core.package_identification:_identify(src/serial) by extension 'colcon_meta'
[2.344s] Level 1:colcon.colcon_core.package_identification:_identify(src/serial) by extensions ['ros']
[2.344s] Level 1:colcon.colcon_core.package_identification:_identify(src/serial) by extension 'ros'
[2.345s] DEBUG:colcon.colcon_core.package_identification:Package 'src/serial' with type 'ros.ament_cmake' and name 'serial'
[2.346s] Level 1:colcon.colcon_core.package_identification:_identify(urdf) by extensions ['ignore', 'ignore_ament_install']
[2.346s] Level 1:colcon.colcon_core.package_identification:_identify(urdf) by extension 'ignore'
[2.346s] Level 1:colcon.colcon_core.package_identification:_identify(urdf) by extension 'ignore_ament_install'
[2.347s] Level 1:colcon.colcon_core.package_identification:_identify(urdf) by extensions ['colcon_pkg']
[2.347s] Level 1:colcon.colcon_core.package_identification:_identify(urdf) by extension 'colcon_pkg'
[2.347s] Level 1:colcon.colcon_core.package_identification:_identify(urdf) by extensions ['colcon_meta']
[2.347s] Level 1:colcon.colcon_core.package_identification:_identify(urdf) by extension 'colcon_meta'
[2.347s] Level 1:colcon.colcon_core.package_identification:_identify(urdf) by extensions ['ros']
[2.347s] Level 1:colcon.colcon_core.package_identification:_identify(urdf) by extension 'ros'
[2.347s] Level 1:colcon.colcon_core.package_identification:_identify(urdf) by extensions ['cmake', 'python']
[2.347s] Level 1:colcon.colcon_core.package_identification:_identify(urdf) by extension 'cmake'
[2.347s] Level 1:colcon.colcon_core.package_identification:_identify(urdf) by extension 'python'
[2.347s] Level 1:colcon.colcon_core.package_identification:_identify(urdf) by extensions ['python_setup_py']
[2.347s] Level 1:colcon.colcon_core.package_identification:_identify(urdf) by extension 'python_setup_py'
[2.347s] Level 1:colcon.colcon_core.package_discovery:discover_packages(recursive) using defaults
[2.347s] Level 1:colcon.colcon_core.package_discovery:discover_packages(ignore) discover
[2.347s] Level 1:colcon.colcon_core.package_discovery:discover_packages(ignore) using defaults
[2.347s] Level 1:colcon.colcon_core.package_discovery:discover_packages(path) discover
[2.347s] Level 1:colcon.colcon_core.package_discovery:discover_packages(path) using defaults
[2.433s] INFO:colcon.colcon_core.package_selection:Skipping not selected package 'arm_controller' in 'src/arm_controller'
[2.433s] INFO:colcon.colcon_core.package_selection:Skipping not selected package 'cpp_srvcli' in 'src/cpp_srvcli'
[2.433s] INFO:colcon.colcon_core.package_selection:Skipping not selected package 'custom_action_interfaces' in 'src/custom_action_interfaces'
[2.433s] INFO:colcon.colcon_core.package_selection:Skipping not selected package 'joystick_test_pkg' in 'src/joystick_test_pkg'
[2.433s] INFO:colcon.colcon_core.package_selection:Skipping not selected package 'launch_tutorial' in 'src/launch_tutorial'
[2.433s] INFO:colcon.colcon_core.package_selection:Skipping not selected package 'serial' in 'src/serial'
[2.433s] INFO:colcon.colcon_core.package_selection:Skipping not selected package 'custom_action_cpp' in 'src/custom_action_cpp'
[2.435s] Level 1:colcon.colcon_core.package_discovery:discover_packages(prefix_path) check parameters
[2.435s] Level 1:colcon.colcon_core.package_discovery:discover_packages(prefix_path) discover
[2.469s] DEBUG:colcon.colcon_installed_package_information.package_discovery:Found 364 installed packages in /opt/ros/jazzy
[2.473s] Level 1:colcon.colcon_core.package_discovery:discover_packages(prefix_path) using defaults
[2.780s] Level 5:colcon.colcon_core.verb:set package 'sekirei_urdf' build argument 'cmake_args' from command line to '['-DCMAKE_EXE_LINKER_FLAGS=-fuse-ld=lld', '-DCMAKE_MODULE_LINKER_FLAGS=-fuse-ld=lld', '-DCMAKE_SHARED_LINKER_FLAGS=-fuse-ld=lld', '-DCMAKE_EXPORT_COMPILE_COMMANDS=ON', '--no-warn-unused-cli', '-DCMAKE_C_COMPILER_LAUNCHER=ccache', '-DCMAKE_CXX_COMPILER_LAUNCHER=ccache', '-GNinja']'
[2.781s] Level 5:colcon.colcon_core.verb:set package 'sekirei_urdf' build argument 'cmake_target' from command line to 'None'
[2.781s] Level 5:colcon.colcon_core.verb:set package 'sekirei_urdf' build argument 'cmake_target_skip_unavailable' from command line to 'False'
[2.781s] Level 5:colcon.colcon_core.verb:set package 'sekirei_urdf' build argument 'cmake_clean_cache' from command line to 'False'
[2.781s] Level 5:colcon.colcon_core.verb:set package 'sekirei_urdf' build argument 'cmake_clean_first' from command line to 'False'
[2.781s] Level 5:colcon.colcon_core.verb:set package 'sekirei_urdf' build argument 'cmake_force_configure' from command line to 'False'
[2.781s] Level 5:colcon.colcon_core.verb:set package 'sekirei_urdf' build argument 'ament_cmake_args' from command line to 'None'
[2.781s] Level 5:colcon.colcon_core.verb:set package 'sekirei_urdf' build argument 'catkin_cmake_args' from command line to 'None'
[2.781s] Level 5:colcon.colcon_core.verb:set package 'sekirei_urdf' build argument 'catkin_skip_building_tests' from command line to 'False'
[2.781s] DEBUG:colcon.colcon_core.verb:Building package 'sekirei_urdf' with the following arguments: {'ament_cmake_args': None, 'build_base': '/home/yhcvy/learn/ros2_ws/build/sekirei_urdf', 'catkin_cmake_args': None, 'catkin_skip_building_tests': False, 'cmake_args': ['-DCMAKE_EXE_LINKER_FLAGS=-fuse-ld=lld', '-DCMAKE_MODULE_LINKER_FLAGS=-fuse-ld=lld', '-DCMAKE_SHARED_LINKER_FLAGS=-fuse-ld=lld', '-DCMAKE_EXPORT_COMPILE_COMMANDS=ON', '--no-warn-unused-cli', '-DCMAKE_C_COMPILER_LAUNCHER=ccache', '-DCMAKE_CXX_COMPILER_LAUNCHER=ccache', '-GNinja'], 'cmake_clean_cache': False, 'cmake_clean_first': False, 'cmake_force_configure': False, 'cmake_target': None, 'cmake_target_skip_unavailable': False, 'install_base': '/home/yhcvy/learn/ros2_ws/install/sekirei_urdf', 'merge_install': False, 'path': '/home/yhcvy/learn/ros2_ws/src/sekirei_urdf', 'symlink_install': True, 'test_result_base': None}
[2.781s] INFO:colcon.colcon_core.executor:Executing jobs using 'parallel' executor
[2.782s] DEBUG:colcon.colcon_parallel_executor.executor.parallel:run_until_complete
[2.782s] INFO:colcon.colcon_ros.task.ament_cmake.build:Building ROS package in '/home/yhcvy/learn/ros2_ws/src/sekirei_urdf' with build type 'ament_cmake'
[2.782s] INFO:colcon.colcon_cmake.task.cmake.build:Building CMake package in '/home/yhcvy/learn/ros2_ws/src/sekirei_urdf'
[2.795s] INFO:colcon.colcon_core.plugin_system:Skipping extension 'colcon_core.shell.bat': Not used on non-Windows systems
[2.795s] INFO:colcon.colcon_core.shell:Skip shell extension 'powershell' for command environment: Not usable outside of PowerShell
[2.795s] DEBUG:colcon.colcon_core.shell:Skip shell extension 'dsv' for command environment
[2.820s] DEBUG:colcon.colcon_core.event_handler.log_command:Invoking command in '/home/yhcvy/learn/ros2_ws/build/sekirei_urdf': CMAKE_PREFIX_PATH=${CMAKE_PREFIX_PATH}:/opt/ros/jazzy DEBUGINFOD_URLS=https://debuginfod.ubuntu.com /usr/bin/cmake /home/yhcvy/learn/ros2_ws/src/sekirei_urdf -DCMAKE_EXE_LINKER_FLAGS=-fuse-ld=lld -DCMAKE_MODULE_LINKER_FLAGS=-fuse-ld=lld -DCMAKE_SHARED_LINKER_FLAGS=-fuse-ld=lld -DCMAKE_EXPORT_COMPILE_COMMANDS=ON --no-warn-unused-cli -DCMAKE_C_COMPILER_LAUNCHER=ccache -DCMAKE_CXX_COMPILER_LAUNCHER=ccache -GNinja -DAMENT_CMAKE_SYMLINK_INSTALL=1 -DCMAKE_INSTALL_PREFIX=/home/yhcvy/learn/ros2_ws/install/sekirei_urdf
[3.109s] DEBUG:colcon.colcon_core.event_handler.log_command:Invoked command in '/home/yhcvy/learn/ros2_ws/build/sekirei_urdf' returned '1': CMAKE_PREFIX_PATH=${CMAKE_PREFIX_PATH}:/opt/ros/jazzy DEBUGINFOD_URLS=https://debuginfod.ubuntu.com /usr/bin/cmake /home/yhcvy/learn/ros2_ws/src/sekirei_urdf -DCMAKE_EXE_LINKER_FLAGS=-fuse-ld=lld -DCMAKE_MODULE_LINKER_FLAGS=-fuse-ld=lld -DCMAKE_SHARED_LINKER_FLAGS=-fuse-ld=lld -DCMAKE_EXPORT_COMPILE_COMMANDS=ON --no-warn-unused-cli -DCMAKE_C_COMPILER_LAUNCHER=ccache -DCMAKE_CXX_COMPILER_LAUNCHER=ccache -GNinja -DAMENT_CMAKE_SYMLINK_INSTALL=1 -DCMAKE_INSTALL_PREFIX=/home/yhcvy/learn/ros2_ws/install/sekirei_urdf
[3.115s] Level 1:colcon.colcon_core.environment:create_environment_scripts_only(sekirei_urdf)
[3.140s] Level 1:colcon.colcon_core.environment:checking '/home/yhcvy/learn/ros2_ws/install/sekirei_urdf' for CMake module files
[3.144s] Level 1:colcon.colcon_core.environment:checking '/home/yhcvy/learn/ros2_ws/install/sekirei_urdf' for CMake config files
[3.149s] Level 1:colcon.colcon_core.shell:create_environment_hook('sekirei_urdf', 'cmake_prefix_path')
[3.149s] INFO:colcon.colcon_core.shell:Creating environment hook '/home/yhcvy/learn/ros2_ws/install/sekirei_urdf/share/sekirei_urdf/hook/cmake_prefix_path.ps1'
[3.153s] INFO:colcon.colcon_core.shell:Creating environment descriptor '/home/yhcvy/learn/ros2_ws/install/sekirei_urdf/share/sekirei_urdf/hook/cmake_prefix_path.dsv'
[3.155s] INFO:colcon.colcon_core.shell:Creating environment hook '/home/yhcvy/learn/ros2_ws/install/sekirei_urdf/share/sekirei_urdf/hook/cmake_prefix_path.sh'
[3.157s] Level 1:colcon.colcon_core.environment:checking '/home/yhcvy/learn/ros2_ws/install/sekirei_urdf/bin'
[3.157s] Level 1:colcon.colcon_core.environment:checking '/home/yhcvy/learn/ros2_ws/install/sekirei_urdf/lib/pkgconfig/sekirei_urdf.pc'
[3.157s] Level 1:colcon.colcon_core.environment:checking '/home/yhcvy/learn/ros2_ws/install/sekirei_urdf/lib/python3.12/site-packages'
[3.158s] Level 1:colcon.colcon_core.environment:checking '/home/yhcvy/learn/ros2_ws/install/sekirei_urdf/bin'
[3.158s] INFO:colcon.colcon_core.shell:Creating package script '/home/yhcvy/learn/ros2_ws/install/sekirei_urdf/share/sekirei_urdf/package.ps1'
[3.160s] INFO:colcon.colcon_core.shell:Creating package descriptor '/home/yhcvy/learn/ros2_ws/install/sekirei_urdf/share/sekirei_urdf/package.dsv'
[3.162s] INFO:colcon.colcon_core.shell:Creating package script '/home/yhcvy/learn/ros2_ws/install/sekirei_urdf/share/sekirei_urdf/package.sh'
[3.163s] INFO:colcon.colcon_core.shell:Creating package script '/home/yhcvy/learn/ros2_ws/install/sekirei_urdf/share/sekirei_urdf/package.bash'
[3.165s] INFO:colcon.colcon_core.shell:Creating package script '/home/yhcvy/learn/ros2_ws/install/sekirei_urdf/share/sekirei_urdf/package.zsh'
[3.168s] Level 1:colcon.colcon_core.environment:create_file_with_runtime_dependencies(/home/yhcvy/learn/ros2_ws/install/sekirei_urdf/share/colcon-core/packages/sekirei_urdf)
[3.180s] DEBUG:colcon.colcon_parallel_executor.executor.parallel:closing loop
[3.181s] DEBUG:colcon.colcon_parallel_executor.executor.parallel:loop closed
[3.181s] DEBUG:colcon.colcon_parallel_executor.executor.parallel:run_until_complete finished with '1'
[3.181s] DEBUG:colcon.colcon_core.event_reactor:joining thread
[3.453s] INFO:colcon.colcon_core.plugin_system:Skipping extension 'colcon_notification.desktop_notification.notify_send': Could not find 'notify-send'
[3.453s] INFO:colcon.colcon_core.plugin_system:Skipping extension 'colcon_notification.desktop_notification.terminal_notifier': Not used on non-Darwin systems
[3.453s] INFO:colcon.colcon_core.plugin_system:Skipping extension 'colcon_notification.desktop_notification.win32': Not used on non-Windows systems
[3.454s] INFO:colcon.colcon_notification.desktop_notification:Sending desktop notification using 'notify2'
[3.591s] DEBUG:colcon.colcon_notification.desktop_notification.notify2:Failed to initialize notify2: org.freedesktop.DBus.Error.ServiceUnknown: The name org.freedesktop.Notifications was not provided by any .service files
[3.592s] DEBUG:colcon.colcon_core.event_reactor:joined thread
[3.593s] INFO:colcon.colcon_core.shell:Creating prefix script '/home/yhcvy/learn/ros2_ws/install/local_setup.ps1'
[3.596s] INFO:colcon.colcon_core.shell:Creating prefix util module '/home/yhcvy/learn/ros2_ws/install/_local_setup_util_ps1.py'
[3.599s] INFO:colcon.colcon_core.shell:Creating prefix chain script '/home/yhcvy/learn/ros2_ws/install/setup.ps1'
[3.601s] INFO:colcon.colcon_core.shell:Creating prefix script '/home/yhcvy/learn/ros2_ws/install/local_setup.sh'
[3.603s] INFO:colcon.colcon_core.shell:Creating prefix util module '/home/yhcvy/learn/ros2_ws/install/_local_setup_util_sh.py'
[3.604s] INFO:colcon.colcon_core.shell:Creating prefix chain script '/home/yhcvy/learn/ros2_ws/install/setup.sh'
[3.606s] INFO:colcon.colcon_core.shell:Creating prefix script '/home/yhcvy/learn/ros2_ws/install/local_setup.bash'
[3.608s] INFO:colcon.colcon_core.shell:Creating prefix chain script '/home/yhcvy/learn/ros2_ws/install/setup.bash'
[3.610s] INFO:colcon.colcon_core.shell:Creating prefix script '/home/yhcvy/learn/ros2_ws/install/local_setup.zsh'
[3.611s] INFO:colcon.colcon_core.shell:Creating prefix chain script '/home/yhcvy/learn/ros2_ws/install/setup.zsh'
